0 verbose cli /usr/bin/node /usr/bin/npm
1 info using npm@9.1.2
2 info using node@v16.18.1
3 timing npm:load:whichnode Completed in 1ms
4 timing config:load:defaults Completed in 3ms
5 timing config:load:file:/usr/lib/node_modules/npm/npmrc Completed in 1ms
6 timing config:load:builtin Completed in 2ms
7 timing config:load:cli Completed in 2ms
8 timing config:load:env Completed in 1ms
9 timing config:load:file:/app/conf-app/DigOfJustice/client/.npmrc Completed in 0ms
10 timing config:load:project Completed in 6ms
11 timing config:load:file:/home/ikotelevets/.npmrc Completed in 1ms
12 timing config:load:user Completed in 1ms
13 timing config:load:file:/usr/etc/npmrc Completed in 0ms
14 timing config:load:global Completed in 0ms
15 timing config:load:setEnvs Completed in 2ms
16 timing config:load Completed in 17ms
17 timing npm:load:configload Completed in 17ms
18 timing npm:load:mkdirpcache Completed in 0ms
19 timing npm:load:mkdirplogs Completed in 1ms
20 verbose title npm i
21 verbose argv "i"
22 timing npm:load:setTitle Completed in 1ms
23 timing config:load:flatten Completed in 5ms
24 timing npm:load:display Completed in 6ms
25 verbose logfile logs-max:10 dir:/home/ikotelevets/.npm/_logs/2022-12-02T03_58_08_381Z-
26 verbose logfile /home/ikotelevets/.npm/_logs/2022-12-02T03_58_08_381Z-debug-0.log
27 timing npm:load:logFile Completed in 8ms
28 timing npm:load:timers Completed in 0ms
29 timing npm:load:configScope Completed in 0ms
30 timing npm:load Completed in 35ms
31 silly logfile start cleaning logs, removing 1 files
32 timing config:load:flatten Completed in 0ms
33 timing arborist:ctor Completed in 1ms
34 silly logfile done cleaning log files
35 timing idealTree:init Completed in 285ms
36 timing idealTree:userRequests Completed in 0ms
37 silly idealTree buildDeps
38 timing idealTree:#root Completed in 1ms
39 timing idealTree:buildDeps Completed in 3ms
40 timing idealTree:fixDepFlags Completed in 0ms
41 timing idealTree Completed in 297ms
42 verbose shrinkwrap failed to load node_modules/.package-lock.json missing from lockfile: node_modules/acorn
43 timing reify:loadTrees Completed in 643ms
44 timing reify:diffTrees Completed in 21ms
45 silly reify moves {}
46 timing reify:retireShallow Completed in 1ms
47 timing reify:createSparse Completed in 8ms
48 timing reify:loadBundles Completed in 0ms
49 silly audit bulk request {
49 silly audit   '@babel/runtime': [ '7.20.1' ],
49 silly audit   '@babel/runtime-corejs3': [ '7.20.1' ],
49 silly audit   '@emotion/is-prop-valid': [ '0.8.8' ],
49 silly audit   '@emotion/memoize': [ '0.7.4' ],
49 silly audit   '@eslint/eslintrc': [ '1.3.3' ],
49 silly audit   '@humanwhocodes/config-array': [ '0.11.7' ],
49 silly audit   '@humanwhocodes/module-importer': [ '1.0.1' ],
49 silly audit   '@humanwhocodes/object-schema': [ '1.2.1' ],
49 silly audit   '@motionone/animation': [ '10.14.0' ],
49 silly audit   '@motionone/dom': [ '10.13.1' ],
49 silly audit   '@motionone/easing': [ '10.14.0' ],
49 silly audit   '@motionone/generators': [ '10.14.0' ],
49 silly audit   '@motionone/types': [ '10.14.0' ],
49 silly audit   '@motionone/utils': [ '10.14.0' ],
49 silly audit   '@next/env': [ '13.0.3' ],
49 silly audit   '@next/eslint-plugin-next': [ '13.0.3' ],
49 silly audit   '@next/swc-android-arm-eabi': [ '13.0.3' ],
49 silly audit   '@next/swc-android-arm64': [ '13.0.3' ],
49 silly audit   '@next/swc-darwin-arm64': [ '13.0.3' ],
49 silly audit   '@next/swc-darwin-x64': [ '13.0.3' ],
49 silly audit   '@next/swc-freebsd-x64': [ '13.0.3' ],
49 silly audit   '@next/swc-linux-arm-gnueabihf': [ '13.0.3' ],
49 silly audit   '@next/swc-linux-arm64-gnu': [ '13.0.3' ],
49 silly audit   '@next/swc-linux-arm64-musl': [ '13.0.3' ],
49 silly audit   '@next/swc-linux-x64-gnu': [ '13.0.3' ],
49 silly audit   '@next/swc-linux-x64-musl': [ '13.0.3' ],
49 silly audit   '@next/swc-win32-arm64-msvc': [ '13.0.3' ],
49 silly audit   '@next/swc-win32-ia32-msvc': [ '13.0.3' ],
49 silly audit   '@next/swc-win32-x64-msvc': [ '13.0.3' ],
49 silly audit   '@nodelib/fs.scandir': [ '2.1.5' ],
49 silly audit   '@nodelib/fs.stat': [ '2.0.5' ],
49 silly audit   '@nodelib/fs.walk': [ '1.2.8' ],
49 silly audit   '@rushstack/eslint-patch': [ '1.2.0' ],
49 silly audit   '@swc/helpers': [ '0.4.11' ],
49 silly audit   '@types/json5': [ '0.0.29' ],
49 silly audit   '@types/node': [ '18.11.9' ],
49 silly audit   '@types/prop-types': [ '15.7.5' ],
49 silly audit   '@types/react': [ '18.0.25' ],
49 silly audit   '@types/react-dom': [ '18.0.8' ],
49 silly audit   '@types/scheduler': [ '0.16.2' ],
49 silly audit   '@typescript-eslint/parser': [ '5.42.1' ],
49 silly audit   '@typescript-eslint/scope-manager': [ '5.42.1' ],
49 silly audit   '@typescript-eslint/types': [ '5.42.1' ],
49 silly audit   '@typescript-eslint/typescript-estree': [ '5.42.1' ],
49 silly audit   '@typescript-eslint/visitor-keys': [ '5.42.1' ],
49 silly audit   acorn: [ '8.8.1' ],
49 silly audit   'acorn-jsx': [ '5.3.2' ],
49 silly audit   ajv: [ '6.12.6' ],
49 silly audit   'ansi-regex': [ '5.0.1' ],
49 silly audit   'ansi-styles': [ '4.3.0' ],
49 silly audit   anymatch: [ '3.1.2' ],
49 silly audit   argparse: [ '2.0.1' ],
49 silly audit   'aria-query': [ '4.2.2' ],
49 silly audit   'array-includes': [ '3.1.6' ],
49 silly audit   'array-union': [ '2.1.0' ],
49 silly audit   'array.prototype.flat': [ '1.3.1' ],
49 silly audit   'array.prototype.flatmap': [ '1.3.1' ],
49 silly audit   'ast-types-flow': [ '0.0.7' ],
49 silly audit   'axe-core': [ '4.5.1' ],
49 silly audit   'axobject-query': [ '2.2.0' ],
49 silly audit   'balanced-match': [ '1.0.2' ],
49 silly audit   'binary-extensions': [ '2.2.0' ],
49 silly audit   'brace-expansion': [ '1.1.11' ],
49 silly audit   braces: [ '3.0.2' ],
49 silly audit   'call-bind': [ '1.0.2' ],
49 silly audit   callsites: [ '3.1.0' ],
49 silly audit   'caniuse-lite': [ '1.0.30001431' ],
49 silly audit   chalk: [ '4.1.2' ],
49 silly audit   chokidar: [ '3.5.3' ],
49 silly audit   'glob-parent': [ '5.1.2', '6.0.2' ],
49 silly audit   'client-only': [ '0.0.1' ],
49 silly audit   'color-convert': [ '2.0.1' ],
49 silly audit   'color-name': [ '1.1.4' ],
49 silly audit   'concat-map': [ '0.0.1' ],
49 silly audit   'core-js-pure': [ '3.26.0' ],
49 silly audit   'cross-spawn': [ '7.0.3' ],
49 silly audit   csstype: [ '3.1.1' ],
49 silly audit   'damerau-levenshtein': [ '1.0.8' ],
49 silly audit   debug: [ '4.3.4', '3.2.7', '2.6.9' ],
49 silly audit   'deep-is': [ '0.1.4' ],
49 silly audit   'define-properties': [ '1.1.4' ],
49 silly audit   'dir-glob': [ '3.0.1' ],
49 silly audit   doctrine: [ '3.0.0', '2.1.0' ],
49 silly audit   'emoji-regex': [ '9.2.2' ],
49 silly audit   'es-abstract': [ '1.20.4' ],
49 silly audit   'es-shim-unscopables': [ '1.0.0' ],
49 silly audit   'es-to-primitive': [ '1.2.1' ],
49 silly audit   'escape-string-regexp': [ '4.0.0' ],
49 silly audit   eslint: [ '8.27.0' ],
49 silly audit   'eslint-config-next': [ '13.0.3' ],
49 silly audit   'eslint-import-resolver-node': [ '0.3.6' ],
49 silly audit   'eslint-import-resolver-typescript': [ '2.7.1' ],
49 silly audit   glob: [ '7.2.3', '7.1.7' ],
49 silly audit   'eslint-module-utils': [ '2.7.4' ],
49 silly audit   'eslint-plugin-import': [ '2.26.0' ],
49 silly audit   ms: [ '2.0.0', '2.1.2' ],
49 silly audit   'eslint-plugin-jsx-a11y': [ '6.6.1' ],
49 silly audit   semver: [ '6.3.0', '7.3.8' ],
49 silly audit   'eslint-plugin-react': [ '7.31.10' ],
49 silly audit   'eslint-plugin-react-hooks': [ '4.6.0' ],
49 silly audit   resolve: [ '2.0.0-next.4', '1.22.1' ],
49 silly audit   'eslint-scope': [ '7.1.1' ],
49 silly audit   'eslint-utils': [ '3.0.0' ],
49 silly audit   'eslint-visitor-keys': [ '2.1.0', '3.3.0' ],
49 silly audit   espree: [ '9.4.1' ],
49 silly audit   esquery: [ '1.4.0' ],
49 silly audit   esrecurse: [ '4.3.0' ],
49 silly audit   estraverse: [ '5.3.0' ],
49 silly audit   esutils: [ '2.0.3' ],
49 silly audit   'fast-deep-equal': [ '3.1.3' ],
49 silly audit   'fast-glob': [ '3.2.12' ],
49 silly audit   'fast-json-stable-stringify': [ '2.1.0' ],
49 silly audit   'fast-levenshtein': [ '2.0.6' ],
49 silly audit   fastq: [ '1.13.0' ],
49 silly audit   'file-entry-cache': [ '6.0.1' ],
49 silly audit   'fill-range': [ '7.0.1' ],
49 silly audit   'find-up': [ '5.0.0' ],
49 silly audit   'flat-cache': [ '3.0.4' ],
49 silly audit   flatted: [ '3.2.7' ],
49 silly audit   'framer-motion': [ '7.6.15' ],
49 silly audit   tslib: [ '2.4.0', '2.4.1', '1.14.1' ],
49 silly audit   framesync: [ '6.1.2' ],
49 silly audit   'fs.realpath': [ '1.0.0' ],
49 silly audit   fsevents: [ '2.3.2' ],
49 silly audit   'function-bind': [ '1.1.1' ],
49 silly audit   'function.prototype.name': [ '1.1.5' ],
49 silly audit   'functions-have-names': [ '1.2.3' ],
49 silly audit   'get-intrinsic': [ '1.1.3' ],
49 silly audit   'get-symbol-description': [ '1.0.0' ],
49 silly audit   globals: [ '13.17.0' ],
49 silly audit   globby: [ '11.1.0' ],
49 silly audit   'grapheme-splitter': [ '1.0.4' ],
49 silly audit   has: [ '1.0.3' ],
49 silly audit   'has-bigints': [ '1.0.2' ],
49 silly audit   'has-flag': [ '4.0.0' ],
49 silly audit   'has-property-descriptors': [ '1.0.0' ],
49 silly audit   'has-symbols': [ '1.0.3' ],
49 silly audit   'has-tostringtag': [ '1.0.0' ],
49 silly audit   'hey-listen': [ '1.0.8' ],
49 silly audit   ignore: [ '5.2.0' ],
49 silly audit   immutable: [ '4.1.0' ],
49 silly audit   'import-fresh': [ '3.3.0' ],
49 silly audit   imurmurhash: [ '0.1.4' ],
49 silly audit   inflight: [ '1.0.6' ],
49 silly audit   inherits: [ '2.0.4' ],
49 silly audit   'internal-slot': [ '1.0.3' ],
49 silly audit   'is-bigint': [ '1.0.4' ],
49 silly audit   'is-binary-path': [ '2.1.0' ],
49 silly audit   'is-boolean-object': [ '1.1.2' ],
49 silly audit   'is-callable': [ '1.2.7' ],
49 silly audit   'is-core-module': [ '2.11.0' ],
49 silly audit   'is-date-object': [ '1.0.5' ],
49 silly audit   'is-extglob': [ '2.1.1' ],
49 silly audit   'is-glob': [ '4.0.3' ],
49 silly audit   'is-negative-zero': [ '2.0.2' ],
49 silly audit   'is-number': [ '7.0.0' ],
49 silly audit   'is-number-object': [ '1.0.7' ],
49 silly audit   'is-path-inside': [ '3.0.3' ],
49 silly audit   'is-regex': [ '1.1.4' ],
49 silly audit   'is-shared-array-buffer': [ '1.0.2' ],
49 silly audit   'is-string': [ '1.0.7' ],
49 silly audit   'is-symbol': [ '1.0.4' ],
49 silly audit   'is-weakref': [ '1.0.2' ],
49 silly audit   isexe: [ '2.0.0' ],
49 silly audit   'js-sdsl': [ '4.1.5' ],
49 silly audit   'js-tokens': [ '4.0.0' ],
49 silly audit   'js-yaml': [ '4.1.0' ],
49 silly audit   'json-schema-traverse': [ '0.4.1' ],
49 silly audit   'json-stable-stringify-without-jsonify': [ '1.0.1' ],
49 silly audit   json5: [ '1.0.1' ],
49 silly audit   'jsx-ast-utils': [ '3.3.3' ],
49 silly audit   'language-subtag-registry': [ '0.3.22' ],
49 silly audit   'language-tags': [ '1.0.5' ],
49 silly audit   levn: [ '0.4.1' ],
49 silly audit   'locate-path': [ '6.0.0' ],
49 silly audit   'lodash.merge': [ '4.6.2' ],
49 silly audit   'loose-envify': [ '1.4.0' ],
49 silly audit   'lru-cache': [ '6.0.0' ],
49 silly audit   merge2: [ '1.4.1' ],
49 silly audit   micromatch: [ '4.0.5' ],
49 silly audit   minimatch: [ '3.1.2' ],
49 silly audit   minimist: [ '1.2.7' ],
49 silly audit   mobx: [ '6.6.2' ],
49 silly audit   'mobx-react-lite': [ '3.4.0' ],
49 silly audit   nanoid: [ '3.3.4' ],
49 silly audit   'natural-compare': [ '1.4.0' ],
49 silly audit   next: [ '13.0.3' ],
49 silly audit   'normalize-path': [ '3.0.0' ],
49 silly audit   'object-assign': [ '4.1.1' ],
49 silly audit   'object-inspect': [ '1.12.2' ],
49 silly audit   'object-keys': [ '1.1.1' ],
49 silly audit   'object.assign': [ '4.1.4' ],
49 silly audit   'object.entries': [ '1.1.6' ],
49 silly audit   'object.fromentries': [ '2.0.6' ],
49 silly audit   'object.hasown': [ '1.1.2' ],
49 silly audit   'object.values': [ '1.1.6' ],
49 silly audit   once: [ '1.4.0' ],
49 silly audit   optionator: [ '0.9.1' ],
49 silly audit   'p-limit': [ '3.1.0' ],
49 silly audit   'p-locate': [ '5.0.0' ],
49 silly audit   'parent-module': [ '1.0.1' ],
49 silly audit   'path-exists': [ '4.0.0' ],
49 silly audit   'path-is-absolute': [ '1.0.1' ],
49 silly audit   'path-key': [ '3.1.1' ],
49 silly audit   'path-parse': [ '1.0.7' ],
49 silly audit   'path-type': [ '4.0.0' ],
49 silly audit   picocolors: [ '1.0.0' ],
49 silly audit   picomatch: [ '2.3.1' ],
49 silly audit   popmotion: [ '11.0.5' ],
49 silly audit   postcss: [ '8.4.14' ],
49 silly audit   'prelude-ls': [ '1.2.1' ],
49 silly audit   'prop-types': [ '15.8.1' ],
49 silly audit   punycode: [ '2.1.1' ],
49 silly audit   'queue-microtask': [ '1.2.3' ],
49 silly audit   react: [ '18.2.0' ],
49 silly audit   'react-dom': [ '18.2.0' ],
49 silly audit   'react-icons': [ '4.6.0' ],
49 silly audit   'react-is': [ '16.13.1' ],
49 silly audit   readdirp: [ '3.6.0' ],
49 silly audit   'regenerator-runtime': [ '0.13.10' ],
49 silly audit   'regexp.prototype.flags': [ '1.4.3' ],
49 silly audit   regexpp: [ '3.2.0' ],
49 silly audit   'resolve-from': [ '4.0.0' ],
49 silly audit   reusify: [ '1.0.4' ],
49 silly audit   rimraf: [ '3.0.2' ],
49 silly audit   'run-parallel': [ '1.2.0' ],
49 silly audit   'safe-regex-test': [ '1.0.0' ],
49 silly audit   sass: [ '1.56.1' ],
49 silly audit   scheduler: [ '0.23.0' ],
49 silly audit   'shebang-command': [ '2.0.0' ],
49 silly audit   'shebang-regex': [ '3.0.0' ],
49 silly audit   'side-channel': [ '1.0.4' ],
49 silly audit   slash: [ '3.0.0' ],
49 silly audit   'source-map-js': [ '1.0.2' ],
49 silly audit   'string.prototype.matchall': [ '4.0.8' ],
49 silly audit   'string.prototype.trimend': [ '1.0.6' ],
49 silly audit   'string.prototype.trimstart': [ '1.0.6' ],
49 silly audit   'strip-ansi': [ '6.0.1' ],
49 silly audit   'strip-bom': [ '3.0.0' ],
49 silly audit   'strip-json-comments': [ '3.1.1' ],
49 silly audit   'style-value-types': [ '5.1.2' ],
49 silly audit   'styled-jsx': [ '5.1.0' ],
49 silly audit   'supports-color': [ '7.2.0' ],
49 silly audit   'supports-preserve-symlinks-flag': [ '1.0.0' ],
49 silly audit   'text-table': [ '0.2.0' ],
49 silly audit   'to-regex-range': [ '5.0.1' ],
49 silly audit   'tsconfig-paths': [ '3.14.1' ],
49 silly audit   tsutils: [ '3.21.0' ],
49 silly audit   'type-check': [ '0.4.0' ],
49 silly audit   'type-fest': [ '0.20.2' ],
49 silly audit   typescript: [ '4.8.4' ],
49 silly audit   'unbox-primitive': [ '1.0.2' ],
49 silly audit   'uri-js': [ '4.4.1' ],
49 silly audit   'use-sync-external-store': [ '1.2.0' ],
49 silly audit   which: [ '2.0.2' ],
49 silly audit   'which-boxed-primitive': [ '1.0.2' ],
49 silly audit   'word-wrap': [ '1.2.3' ],
49 silly audit   wrappy: [ '1.0.2' ],
49 silly audit   yallist: [ '4.0.0' ],
49 silly audit   'yocto-queue': [ '0.1.0' ]
49 silly audit }
50 verbose reify failed optional dependency /app/conf-app/DigOfJustice/client/node_modules/fsevents
51 silly reify mark deleted [ '/app/conf-app/DigOfJustice/client/node_modules/fsevents' ]
52 verbose reify failed optional dependency /app/conf-app/DigOfJustice/client/node_modules/@next/swc-win32-x64-msvc
53 silly reify mark deleted [
53 silly reify   '/app/conf-app/DigOfJustice/client/node_modules/@next/swc-win32-x64-msvc'
53 silly reify ]
54 verbose reify failed optional dependency /app/conf-app/DigOfJustice/client/node_modules/@next/swc-win32-ia32-msvc
55 silly reify mark deleted [
55 silly reify   '/app/conf-app/DigOfJustice/client/node_modules/@next/swc-win32-ia32-msvc'
55 silly reify ]
56 verbose reify failed optional dependency /app/conf-app/DigOfJustice/client/node_modules/@next/swc-win32-arm64-msvc
57 silly reify mark deleted [
57 silly reify   '/app/conf-app/DigOfJustice/client/node_modules/@next/swc-win32-arm64-msvc'
57 silly reify ]
58 verbose reify failed optional dependency /app/conf-app/DigOfJustice/client/node_modules/@next/swc-linux-arm64-musl
59 silly reify mark deleted [
59 silly reify   '/app/conf-app/DigOfJustice/client/node_modules/@next/swc-linux-arm64-musl'
59 silly reify ]
60 verbose reify failed optional dependency /app/conf-app/DigOfJustice/client/node_modules/@next/swc-linux-arm64-gnu
61 silly reify mark deleted [
61 silly reify   '/app/conf-app/DigOfJustice/client/node_modules/@next/swc-linux-arm64-gnu'
61 silly reify ]
62 verbose reify failed optional dependency /app/conf-app/DigOfJustice/client/node_modules/@next/swc-linux-arm-gnueabihf
63 silly reify mark deleted [
63 silly reify   '/app/conf-app/DigOfJustice/client/node_modules/@next/swc-linux-arm-gnueabihf'
63 silly reify ]
64 verbose reify failed optional dependency /app/conf-app/DigOfJustice/client/node_modules/@next/swc-freebsd-x64
65 silly reify mark deleted [
65 silly reify   '/app/conf-app/DigOfJustice/client/node_modules/@next/swc-freebsd-x64'
65 silly reify ]
66 verbose reify failed optional dependency /app/conf-app/DigOfJustice/client/node_modules/@next/swc-darwin-x64
67 silly reify mark deleted [
67 silly reify   '/app/conf-app/DigOfJustice/client/node_modules/@next/swc-darwin-x64'
67 silly reify ]
68 verbose reify failed optional dependency /app/conf-app/DigOfJustice/client/node_modules/@next/swc-darwin-arm64
69 silly reify mark deleted [
69 silly reify   '/app/conf-app/DigOfJustice/client/node_modules/@next/swc-darwin-arm64'
69 silly reify ]
70 verbose reify failed optional dependency /app/conf-app/DigOfJustice/client/node_modules/@next/swc-android-arm64
71 silly reify mark deleted [
71 silly reify   '/app/conf-app/DigOfJustice/client/node_modules/@next/swc-android-arm64'
71 silly reify ]
72 verbose reify failed optional dependency /app/conf-app/DigOfJustice/client/node_modules/@next/swc-android-arm-eabi
73 silly reify mark deleted [
73 silly reify   '/app/conf-app/DigOfJustice/client/node_modules/@next/swc-android-arm-eabi'
73 silly reify ]
74 timing reifyNode:node_modules/fsevents Completed in 35ms
75 timing reifyNode:node_modules/@next/swc-win32-x64-msvc Completed in 35ms
76 timing reifyNode:node_modules/@next/swc-win32-ia32-msvc Completed in 34ms
77 timing reifyNode:node_modules/@next/swc-win32-arm64-msvc Completed in 34ms
78 timing reifyNode:node_modules/@next/swc-linux-arm64-musl Completed in 35ms
79 timing reifyNode:node_modules/@next/swc-linux-arm64-gnu Completed in 35ms
80 timing reifyNode:node_modules/@next/swc-linux-arm-gnueabihf Completed in 35ms
81 timing reifyNode:node_modules/@next/swc-freebsd-x64 Completed in 34ms
82 timing reifyNode:node_modules/@next/swc-darwin-x64 Completed in 34ms
83 timing reifyNode:node_modules/@next/swc-darwin-arm64 Completed in 34ms
84 timing reifyNode:node_modules/@next/swc-android-arm64 Completed in 34ms
85 timing reifyNode:node_modules/@next/swc-android-arm-eabi Completed in 34ms
86 timing reify:unpack Completed in 36ms
87 timing reify:unretire Completed in 0ms
88 timing build:queue Completed in 5ms
89 timing build:deps Completed in 6ms
90 timing build Completed in 6ms
91 timing reify:build Completed in 7ms
92 timing reify:trash Completed in 3ms
93 timing reify:save Completed in 104ms
94 http fetch POST 200 https://registry.npmjs.org/-/npm/v1/security/advisories/bulk 429ms
95 timing auditReport:getReport Completed in 439ms
96 silly audit report {}
97 timing auditReport:init Completed in 0ms
98 timing reify:audit Completed in 440ms
99 timing reify Completed in 1120ms
100 silly ADD
101 silly ADD
102 silly ADD
103 silly ADD
104 silly ADD
105 silly ADD
106 silly ADD
107 silly ADD
108 silly ADD
109 silly ADD
110 silly ADD
111 silly ADD
112 timing command:i Completed in 1140ms
113 verbose exit 0
114 timing npm Completed in 1207ms
115 info ok
