0 verbose cli /usr/bin/node /usr/bin/npm
1 info using npm@9.1.2
2 info using node@v16.18.1
3 timing npm:load:whichnode Completed in 0ms
4 timing config:load:defaults Completed in 2ms
5 timing config:load:file:/usr/lib/node_modules/npm/npmrc Completed in 0ms
6 timing config:load:builtin Completed in 0ms
7 timing config:load:cli Completed in 1ms
8 timing config:load:env Completed in 1ms
9 timing config:load:file:/home/ikotelevets/.cache/typescript/4.9/.npmrc Completed in 0ms
10 timing config:load:project Completed in 1ms
11 timing config:load:file:/home/ikotelevets/.npmrc Completed in 0ms
12 timing config:load:user Completed in 1ms
13 timing config:load:file:/usr/etc/npmrc Completed in 0ms
14 timing config:load:global Completed in 0ms
15 timing config:load:setEnvs Completed in 1ms
16 timing config:load Completed in 8ms
17 timing npm:load:configload Completed in 8ms
18 timing npm:load:mkdirpcache Completed in 0ms
19 timing npm:load:mkdirplogs Completed in 0ms
20 verbose title npm install @types/eslint@ts4.9 @types/react@ts4.9 @types/react-dom@ts4.9 @types/sass@ts4.9 @types/sharp@ts4.9
21 verbose argv "install" "--ignore-scripts" "@types/eslint@ts4.9" "@types/react@ts4.9" "@types/react-dom@ts4.9" "@types/sass@ts4.9" "@types/sharp@ts4.9" "--save-dev" "--user-agent" "typesInstaller/4.9.4"
22 timing npm:load:setTitle Completed in 2ms
23 timing config:load:flatten Completed in 2ms
24 timing npm:load:display Completed in 3ms
25 verbose logfile logs-max:10 dir:/home/ikotelevets/.npm/_logs/2023-01-07T21_11_47_836Z-
26 verbose logfile /home/ikotelevets/.npm/_logs/2023-01-07T21_11_47_836Z-debug-0.log
27 timing npm:load:logFile Completed in 4ms
28 timing npm:load:timers Completed in 0ms
29 timing npm:load:configScope Completed in 0ms
30 timing npm:load Completed in 18ms
31 silly logfile start cleaning logs, removing 1 files
32 timing config:load:flatten Completed in 0ms
33 timing arborist:ctor Completed in 1ms
34 silly logfile done cleaning log files
35 timing idealTree:init Completed in 19ms
36 timing arborist:ctor Completed in 1ms
37 http fetch GET 200 https://registry.npmjs.org/@types%2feslint 162ms (cache miss)
38 http fetch GET 200 https://registry.npmjs.org/@types%2freact 167ms (cache miss)
39 http fetch GET 200 https://registry.npmjs.org/@types%2fsass 183ms (cache miss)
40 http fetch GET 200 https://registry.npmjs.org/@types%2freact-dom 245ms (cache miss)
41 http fetch GET 200 https://registry.npmjs.org/@types%2fsharp 1246ms (cache miss)
42 timing idealTree:userRequests Completed in 1251ms
43 silly idealTree buildDeps
44 silly fetch manifest @types/eslint@8.4.10
45 silly fetch manifest @types/react@18.0.26
46 silly fetch manifest @types/sass@1.43.1
47 silly fetch manifest @types/react-dom@18.0.10
48 silly fetch manifest @types/sharp@0.31.1
49 silly placeDep ROOT @types/eslint@8.4.10 OK for:  want: 8.4.10
50 silly placeDep ROOT @types/react@18.0.26 OK for:  want: 18.0.26
51 silly placeDep ROOT @types/react-dom@18.0.10 OK for:  want: 18.0.10
52 silly placeDep ROOT @types/sass@1.43.1 OK for:  want: 1.43.1
53 silly placeDep ROOT @types/sharp@0.31.1 OK for:  want: 0.31.1
54 silly fetch manifest @types/estree@*
55 silly fetch manifest @types/json-schema@*
56 silly fetch manifest @types/prop-types@*
57 silly fetch manifest @types/scheduler@*
58 silly fetch manifest csstype@^3.0.2
59 http fetch GET 200 https://registry.npmjs.org/@types%2festree 34ms (cache miss)
60 http fetch GET 200 https://registry.npmjs.org/@types%2fscheduler 35ms (cache miss)
61 http fetch GET 200 https://registry.npmjs.org/@types%2fjson-schema 47ms (cache miss)
62 http fetch GET 200 https://registry.npmjs.org/csstype 46ms (cache miss)
63 http fetch GET 200 https://registry.npmjs.org/@types%2fprop-types 52ms (cache miss)
64 timing idealTree:#root Completed in 66ms
65 silly placeDep ROOT @types/estree@1.0.0 OK for: @types/eslint@8.4.10 want: *
66 silly placeDep ROOT @types/json-schema@7.0.11 OK for: @types/eslint@8.4.10 want: *
67 timing idealTree:node_modules/@types/eslint Completed in 5ms
68 timing idealTree:node_modules/@types/estree Completed in 0ms
69 timing idealTree:node_modules/@types/json-schema Completed in 0ms
70 silly placeDep ROOT @types/prop-types@15.7.5 OK for: @types/react@18.0.26 want: *
71 silly placeDep ROOT @types/scheduler@0.16.2 OK for: @types/react@18.0.26 want: *
72 silly placeDep ROOT csstype@3.1.1 OK for: @types/react@18.0.26 want: ^3.0.2
73 timing idealTree:node_modules/@types/react Completed in 6ms
74 timing idealTree:node_modules/@types/prop-types Completed in 0ms
75 timing idealTree:node_modules/@types/react-dom Completed in 0ms
76 timing idealTree:node_modules/@types/sass Completed in 1ms
77 timing idealTree:node_modules/@types/scheduler Completed in 0ms
78 timing idealTree:node_modules/@types/sharp Completed in 0ms
79 timing idealTree:node_modules/csstype Completed in 0ms
80 timing idealTree:buildDeps Completed in 78ms
81 timing idealTree:fixDepFlags Completed in 1ms
82 timing idealTree Completed in 1350ms
83 timing reify:loadTrees Completed in 1351ms
84 timing reify:diffTrees Completed in 2ms
85 silly reify moves {}
86 timing reify:retireShallow Completed in 1ms
87 timing reify:createSparse Completed in 2ms
88 timing reify:loadBundles Completed in 0ms
89 silly audit bulk request {
89 silly audit   '@types/bluebird': [ '3.5.38' ],
89 silly audit   '@types/continuation-local-storage': [ '3.2.4' ],
89 silly audit   '@types/lodash': [ '4.14.191' ],
89 silly audit   '@types/node': [ '18.11.18' ],
89 silly audit   '@types/sequelize': [ '4.28.14' ],
89 silly audit   '@types/validator': [ '13.7.10' ],
89 silly audit   'types-registry': [ '0.1.625' ],
89 silly audit   '@types/eslint': [ '8.4.10' ],
89 silly audit   '@types/react': [ '18.0.26' ],
89 silly audit   '@types/react-dom': [ '18.0.10' ],
89 silly audit   '@types/sass': [ '1.43.1' ],
89 silly audit   '@types/sharp': [ '0.31.1' ],
89 silly audit   '@types/estree': [ '1.0.0' ],
89 silly audit   '@types/json-schema': [ '7.0.11' ],
89 silly audit   '@types/prop-types': [ '15.7.5' ],
89 silly audit   '@types/scheduler': [ '0.16.2' ],
89 silly audit   csstype: [ '3.1.1' ]
89 silly audit }
90 silly tarball no local data for @types/estree@https://registry.npmjs.org/@types/estree/-/estree-1.0.0.tgz. Extracting by manifest.
91 silly tarball no local data for @types/json-schema@https://registry.npmjs.org/@types/json-schema/-/json-schema-7.0.11.tgz. Extracting by manifest.
92 silly tarball no local data for @types/sharp@https://registry.npmjs.org/@types/sharp/-/sharp-0.31.1.tgz. Extracting by manifest.
93 silly tarball no local data for @types/sass@https://registry.npmjs.org/@types/sass/-/sass-1.43.1.tgz. Extracting by manifest.
94 silly tarball no local data for @types/react@https://registry.npmjs.org/@types/react/-/react-18.0.26.tgz. Extracting by manifest.
95 silly tarball no local data for @types/eslint@https://registry.npmjs.org/@types/eslint/-/eslint-8.4.10.tgz. Extracting by manifest.
96 silly tarball no local data for @types/react-dom@https://registry.npmjs.org/@types/react-dom/-/react-dom-18.0.10.tgz. Extracting by manifest.
97 timing reifyNode:node_modules/@types/prop-types Completed in 42ms
98 timing reifyNode:node_modules/@types/scheduler Completed in 42ms
99 http fetch GET 200 https://registry.npmjs.org/@types/json-schema/-/json-schema-7.0.11.tgz 43ms (cache miss)
100 timing reifyNode:node_modules/@types/json-schema Completed in 54ms
101 http fetch GET 200 https://registry.npmjs.org/@types/estree/-/estree-1.0.0.tgz 44ms (cache miss)
102 timing reifyNode:node_modules/@types/estree Completed in 55ms
103 http fetch GET 200 https://registry.npmjs.org/@types/sharp/-/sharp-0.31.1.tgz 52ms (cache miss)
104 timing reifyNode:node_modules/@types/sharp Completed in 65ms
105 http fetch GET 200 https://registry.npmjs.org/@types/sass/-/sass-1.43.1.tgz 52ms (cache miss)
106 timing reifyNode:node_modules/@types/sass Completed in 66ms
107 timing reifyNode:node_modules/csstype Completed in 67ms
108 http fetch GET 200 https://registry.npmjs.org/@types/eslint/-/eslint-8.4.10.tgz 70ms (cache miss)
109 timing reifyNode:node_modules/@types/eslint Completed in 85ms
110 http fetch GET 200 https://registry.npmjs.org/@types/react/-/react-18.0.26.tgz 90ms (cache miss)
111 timing reifyNode:node_modules/@types/react Completed in 104ms
112 http fetch POST 200 https://registry.npmjs.org/-/npm/v1/security/advisories/bulk 248ms
113 timing auditReport:getReport Completed in 250ms
114 silly audit report {}
115 timing auditReport:init Completed in 0ms
116 timing reify:audit Completed in 252ms
117 http fetch GET 200 https://registry.npmjs.org/@types/react-dom/-/react-dom-18.0.10.tgz 927ms (cache miss)
118 timing reifyNode:node_modules/@types/react-dom Completed in 944ms
119 timing reify:unpack Completed in 945ms
120 timing reify:unretire Completed in 0ms
121 timing build:queue Completed in 1ms
122 timing build:deps Completed in 1ms
123 timing build Completed in 1ms
124 timing reify:build Completed in 1ms
125 timing reify:trash Completed in 0ms
126 timing reify:save Completed in 12ms
127 timing reify Completed in 2323ms
128 silly ADD node_modules/csstype
129 silly ADD node_modules/@types/scheduler
130 silly ADD node_modules/@types/prop-types
131 silly ADD node_modules/@types/json-schema
132 silly ADD node_modules/@types/estree
133 silly ADD node_modules/@types/sharp
134 silly ADD node_modules/@types/sass
135 silly ADD node_modules/@types/react-dom
136 silly ADD node_modules/@types/react
137 silly ADD node_modules/@types/eslint
138 timing command:install Completed in 2328ms
139 verbose exit 0
140 timing npm Completed in 2360ms
141 info ok
