0 verbose cli /usr/bin/node /usr/bin/npm
1 info using npm@9.1.2
2 info using node@v16.18.1
3 timing npm:load:whichnode Completed in 1ms
4 timing config:load:defaults Completed in 1ms
5 timing config:load:file:/usr/lib/node_modules/npm/npmrc Completed in 1ms
6 timing config:load:builtin Completed in 1ms
7 timing config:load:cli Completed in 2ms
8 timing config:load:env Completed in 0ms
9 timing config:load:file:/home/ikotelevets/.cache/typescript/4.9/.npmrc Completed in 0ms
10 timing config:load:project Completed in 2ms
11 timing config:load:file:/home/ikotelevets/.npmrc Completed in 0ms
12 timing config:load:user Completed in 0ms
13 timing config:load:file:/usr/etc/npmrc Completed in 0ms
14 timing config:load:global Completed in 0ms
15 timing config:load:setEnvs Completed in 1ms
16 timing config:load Completed in 7ms
17 timing npm:load:configload Completed in 7ms
18 timing npm:load:mkdirpcache Completed in 1ms
19 timing npm:load:mkdirplogs Completed in 0ms
20 verbose title npm install @types/sequelize@ts4.9
21 verbose argv "install" "--ignore-scripts" "@types/sequelize@ts4.9" "--save-dev" "--user-agent" "typesInstaller/4.9.4"
22 timing npm:load:setTitle Completed in 1ms
23 timing config:load:flatten Completed in 3ms
24 timing npm:load:display Completed in 3ms
25 verbose logfile logs-max:10 dir:/home/ikotelevets/.npm/_logs/2023-01-07T21_09_14_734Z-
26 verbose logfile /home/ikotelevets/.npm/_logs/2023-01-07T21_09_14_734Z-debug-0.log
27 timing npm:load:logFile Completed in 5ms
28 timing npm:load:timers Completed in 0ms
29 timing npm:load:configScope Completed in 0ms
30 timing npm:load Completed in 19ms
31 silly logfile start cleaning logs, removing 1 files
32 timing config:load:flatten Completed in 0ms
33 timing arborist:ctor Completed in 1ms
34 silly logfile done cleaning log files
35 timing idealTree:init Completed in 13ms
36 timing arborist:ctor Completed in 0ms
37 http fetch GET 200 https://registry.npmjs.org/@types%2fsequelize 1784ms (cache miss)
38 timing idealTree:userRequests Completed in 1790ms
39 silly idealTree buildDeps
40 silly fetch manifest @types/sequelize@4.28.14
41 silly placeDep ROOT @types/sequelize@4.28.14 OK for:  want: 4.28.14
42 silly fetch manifest @types/bluebird@*
43 silly fetch manifest @types/continuation-local-storage@*
44 silly fetch manifest @types/lodash@*
45 silly fetch manifest @types/validator@*
46 http fetch GET 200 https://registry.npmjs.org/@types%2fbluebird 54ms (cache miss)
47 http fetch GET 200 https://registry.npmjs.org/@types%2fcontinuation-local-storage 1693ms (cache miss)
48 http fetch GET 200 https://registry.npmjs.org/@types%2flodash 1702ms (cache miss)
49 http fetch GET 200 https://registry.npmjs.org/@types%2fvalidator 1719ms (cache miss)
50 timing idealTree:#root Completed in 1727ms
51 silly placeDep ROOT @types/bluebird@3.5.38 OK for: @types/sequelize@4.28.14 want: *
52 silly placeDep ROOT @types/continuation-local-storage@3.2.4 OK for: @types/sequelize@4.28.14 want: *
53 silly placeDep ROOT @types/lodash@4.14.191 OK for: @types/sequelize@4.28.14 want: *
54 silly placeDep ROOT @types/validator@13.7.10 OK for: @types/sequelize@4.28.14 want: *
55 silly fetch manifest @types/node@*
56 http fetch GET 200 https://registry.npmjs.org/@types%2fnode 75ms (cache miss)
57 timing idealTree:node_modules/@types/sequelize Completed in 92ms
58 timing idealTree:node_modules/@types/bluebird Completed in 0ms
59 silly placeDep ROOT @types/node@18.11.18 OK for: @types/continuation-local-storage@3.2.4 want: *
60 timing idealTree:node_modules/@types/continuation-local-storage Completed in 3ms
61 timing idealTree:node_modules/@types/lodash Completed in 1ms
62 timing idealTree:node_modules/@types/node Completed in 0ms
63 timing idealTree:node_modules/@types/validator Completed in 0ms
64 timing idealTree:buildDeps Completed in 1825ms
65 timing idealTree:fixDepFlags Completed in 0ms
66 timing idealTree Completed in 3630ms
67 timing reify:loadTrees Completed in 3630ms
68 timing reify:diffTrees Completed in 1ms
69 silly reify moves {}
70 timing reify:retireShallow Completed in 1ms
71 timing reify:createSparse Completed in 1ms
72 timing reify:loadBundles Completed in 0ms
73 silly audit bulk request {
73 silly audit   'types-registry': [ '0.1.625' ],
73 silly audit   '@types/sequelize': [ '4.28.14' ],
73 silly audit   '@types/bluebird': [ '3.5.38' ],
73 silly audit   '@types/continuation-local-storage': [ '3.2.4' ],
73 silly audit   '@types/lodash': [ '4.14.191' ],
73 silly audit   '@types/validator': [ '13.7.10' ],
73 silly audit   '@types/node': [ '18.11.18' ]
73 silly audit }
74 silly tarball no local data for @types/node@https://registry.npmjs.org/@types/node/-/node-18.11.18.tgz. Extracting by manifest.
75 silly tarball no local data for @types/validator@https://registry.npmjs.org/@types/validator/-/validator-13.7.10.tgz. Extracting by manifest.
76 silly tarball no local data for @types/lodash@https://registry.npmjs.org/@types/lodash/-/lodash-4.14.191.tgz. Extracting by manifest.
77 silly tarball no local data for @types/continuation-local-storage@https://registry.npmjs.org/@types/continuation-local-storage/-/continuation-local-storage-3.2.4.tgz. Extracting by manifest.
78 silly tarball no local data for @types/bluebird@https://registry.npmjs.org/@types/bluebird/-/bluebird-3.5.38.tgz. Extracting by manifest.
79 silly tarball no local data for @types/sequelize@https://registry.npmjs.org/@types/sequelize/-/sequelize-4.28.14.tgz. Extracting by manifest.
80 http fetch GET 200 https://registry.npmjs.org/@types/validator/-/validator-13.7.10.tgz 169ms (cache miss)
81 timing reifyNode:node_modules/@types/validator Completed in 181ms
82 http fetch POST 200 https://registry.npmjs.org/-/npm/v1/security/advisories/bulk 251ms
83 timing auditReport:getReport Completed in 253ms
84 silly audit report {}
85 timing auditReport:init Completed in 0ms
86 timing reify:audit Completed in 253ms
87 http fetch GET 200 https://registry.npmjs.org/@types/node/-/node-18.11.18.tgz 252ms (cache miss)
88 timing reifyNode:node_modules/@types/node Completed in 261ms
89 http fetch GET 200 https://registry.npmjs.org/@types/sequelize/-/sequelize-4.28.14.tgz 297ms (cache miss)
90 timing reifyNode:node_modules/@types/sequelize Completed in 312ms
91 http fetch GET 200 https://registry.npmjs.org/@types/lodash/-/lodash-4.14.191.tgz 441ms (cache miss)
92 timing reifyNode:node_modules/@types/lodash Completed in 453ms
93 http fetch GET 200 https://registry.npmjs.org/@types/bluebird/-/bluebird-3.5.38.tgz 901ms (cache miss)
94 timing reifyNode:node_modules/@types/bluebird Completed in 915ms
95 http fetch GET 200 https://registry.npmjs.org/@types/continuation-local-storage/-/continuation-local-storage-3.2.4.tgz 941ms (cache miss)
96 timing reifyNode:node_modules/@types/continuation-local-storage Completed in 954ms
97 timing reify:unpack Completed in 954ms
98 timing reify:unretire Completed in 0ms
99 timing build:queue Completed in 0ms
100 timing build:deps Completed in 0ms
101 timing build Completed in 0ms
102 timing reify:build Completed in 1ms
103 timing reify:trash Completed in 0ms
104 timing reify:save Completed in 6ms
105 timing reify Completed in 4604ms
106 silly ADD node_modules/@types/node
107 silly ADD node_modules/@types/validator
108 silly ADD node_modules/@types/lodash
109 silly ADD node_modules/@types/continuation-local-storage
110 silly ADD node_modules/@types/bluebird
111 silly ADD node_modules/@types/sequelize
112 timing command:install Completed in 4609ms
113 verbose exit 0
114 timing npm Completed in 4642ms
115 info ok
