0 verbose cli /usr/bin/node /usr/bin/npm
1 info using npm@9.1.2
2 info using node@v16.18.1
3 timing npm:load:whichnode Completed in 0ms
4 timing config:load:defaults Completed in 4ms
5 timing config:load:file:/usr/lib/node_modules/npm/npmrc Completed in 0ms
6 timing config:load:builtin Completed in 2ms
7 timing config:load:cli Completed in 1ms
8 timing config:load:env Completed in 0ms
9 timing config:load:file:/home/ikotelevets/DigOfJustice/client/.npmrc Completed in 0ms
10 timing config:load:project Completed in 3ms
11 timing config:load:file:/home/ikotelevets/.npmrc Completed in 0ms
12 timing config:load:user Completed in 1ms
13 timing config:load:file:/usr/etc/npmrc Completed in 0ms
14 timing config:load:global Completed in 0ms
15 timing config:load:setEnvs Completed in 1ms
16 timing config:load Completed in 12ms
17 timing npm:load:configload Completed in 12ms
18 timing npm:load:mkdirpcache Completed in 0ms
19 timing npm:load:mkdirplogs Completed in 0ms
20 verbose title npm i
21 verbose argv "i"
22 timing npm:load:setTitle Completed in 1ms
23 timing config:load:flatten Completed in 3ms
24 timing npm:load:display Completed in 3ms
25 verbose logfile logs-max:10 dir:/home/ikotelevets/.npm/_logs/2023-01-07T22_40_43_880Z-
26 verbose logfile /home/ikotelevets/.npm/_logs/2023-01-07T22_40_43_880Z-debug-0.log
27 timing npm:load:logFile Completed in 5ms
28 timing npm:load:timers Completed in 0ms
29 timing npm:load:configScope Completed in 0ms
30 timing npm:load Completed in 21ms
31 silly logfile start cleaning logs, removing 1 files
32 timing config:load:flatten Completed in 1ms
33 timing arborist:ctor Completed in 0ms
34 silly logfile done cleaning log files
35 timing idealTree:init Completed in 208ms
36 timing idealTree:userRequests Completed in 0ms
37 silly idealTree buildDeps
38 timing idealTree:#root Completed in 0ms
39 timing idealTree:buildDeps Completed in 2ms
40 timing idealTree:fixDepFlags Completed in 0ms
41 timing idealTree Completed in 215ms
42 timing reify:loadTrees Completed in 225ms
43 timing reify:diffTrees Completed in 3ms
44 silly reify moves {}
45 timing reify:retireShallow Completed in 1ms
46 timing reify:createSparse Completed in 29ms
47 timing reify:loadBundles Completed in 0ms
48 silly audit bulk request {
48 silly audit   '@babel/runtime': [ '7.20.1' ],
48 silly audit   '@babel/runtime-corejs3': [ '7.20.1' ],
48 silly audit   '@emotion/is-prop-valid': [ '0.8.8' ],
48 silly audit   '@emotion/memoize': [ '0.7.4' ],
48 silly audit   '@eslint/eslintrc': [ '1.3.3' ],
48 silly audit   '@humanwhocodes/config-array': [ '0.11.7' ],
48 silly audit   '@humanwhocodes/module-importer': [ '1.0.1' ],
48 silly audit   '@humanwhocodes/object-schema': [ '1.2.1' ],
48 silly audit   '@motionone/animation': [ '10.14.0' ],
48 silly audit   '@motionone/dom': [ '10.13.1' ],
48 silly audit   '@motionone/easing': [ '10.14.0' ],
48 silly audit   '@motionone/generators': [ '10.14.0' ],
48 silly audit   '@motionone/types': [ '10.14.0' ],
48 silly audit   '@motionone/utils': [ '10.14.0' ],
48 silly audit   '@next/env': [ '13.0.3' ],
48 silly audit   '@next/eslint-plugin-next': [ '13.0.3' ],
48 silly audit   '@next/swc-android-arm-eabi': [ '13.0.3' ],
48 silly audit   '@next/swc-android-arm64': [ '13.0.3' ],
48 silly audit   '@next/swc-darwin-arm64': [ '13.0.3' ],
48 silly audit   '@next/swc-darwin-x64': [ '13.0.3' ],
48 silly audit   '@next/swc-freebsd-x64': [ '13.0.3' ],
48 silly audit   '@next/swc-linux-arm-gnueabihf': [ '13.0.3' ],
48 silly audit   '@next/swc-linux-arm64-gnu': [ '13.0.3' ],
48 silly audit   '@next/swc-linux-arm64-musl': [ '13.0.3' ],
48 silly audit   '@next/swc-linux-x64-gnu': [ '13.0.3' ],
48 silly audit   '@next/swc-linux-x64-musl': [ '13.0.3' ],
48 silly audit   '@next/swc-win32-arm64-msvc': [ '13.0.3' ],
48 silly audit   '@next/swc-win32-ia32-msvc': [ '13.0.3' ],
48 silly audit   '@next/swc-win32-x64-msvc': [ '13.0.3' ],
48 silly audit   '@nodelib/fs.scandir': [ '2.1.5' ],
48 silly audit   '@nodelib/fs.stat': [ '2.0.5' ],
48 silly audit   '@nodelib/fs.walk': [ '1.2.8' ],
48 silly audit   '@rushstack/eslint-patch': [ '1.2.0' ],
48 silly audit   '@swc/helpers': [ '0.4.11' ],
48 silly audit   '@types/json5': [ '0.0.29' ],
48 silly audit   '@types/node': [ '18.11.9' ],
48 silly audit   '@types/prop-types': [ '15.7.5' ],
48 silly audit   '@types/react': [ '18.0.25' ],
48 silly audit   '@types/react-dom': [ '18.0.8' ],
48 silly audit   '@types/scheduler': [ '0.16.2' ],
48 silly audit   '@typescript-eslint/parser': [ '5.42.1' ],
48 silly audit   '@typescript-eslint/scope-manager': [ '5.42.1' ],
48 silly audit   '@typescript-eslint/types': [ '5.42.1' ],
48 silly audit   '@typescript-eslint/typescript-estree': [ '5.42.1' ],
48 silly audit   '@typescript-eslint/visitor-keys': [ '5.42.1' ],
48 silly audit   acorn: [ '8.8.1' ],
48 silly audit   'acorn-jsx': [ '5.3.2' ],
48 silly audit   ajv: [ '6.12.6' ],
48 silly audit   'ansi-regex': [ '5.0.1' ],
48 silly audit   'ansi-styles': [ '4.3.0' ],
48 silly audit   anymatch: [ '3.1.2' ],
48 silly audit   argparse: [ '2.0.1' ],
48 silly audit   'aria-query': [ '4.2.2' ],
48 silly audit   'array-includes': [ '3.1.6' ],
48 silly audit   'array-union': [ '2.1.0' ],
48 silly audit   'array.prototype.flat': [ '1.3.1' ],
48 silly audit   'array.prototype.flatmap': [ '1.3.1' ],
48 silly audit   'ast-types-flow': [ '0.0.7' ],
48 silly audit   asynckit: [ '0.4.0' ],
48 silly audit   'axe-core': [ '4.5.1' ],
48 silly audit   axios: [ '1.2.0' ],
48 silly audit   'axobject-query': [ '2.2.0' ],
48 silly audit   'balanced-match': [ '1.0.2' ],
48 silly audit   'base64-js': [ '1.5.1' ],
48 silly audit   'binary-extensions': [ '2.2.0' ],
48 silly audit   bl: [ '4.1.0' ],
48 silly audit   'brace-expansion': [ '1.1.11' ],
48 silly audit   braces: [ '3.0.2' ],
48 silly audit   buffer: [ '5.7.1' ],
48 silly audit   'call-bind': [ '1.0.2' ],
48 silly audit   callsites: [ '3.1.0' ],
48 silly audit   'caniuse-lite': [ '1.0.30001431' ],
48 silly audit   chalk: [ '4.1.2' ],
48 silly audit   chokidar: [ '3.5.3' ],
48 silly audit   'glob-parent': [ '5.1.2', '6.0.2' ],
48 silly audit   chownr: [ '1.1.4' ],
48 silly audit   'client-only': [ '0.0.1' ],
48 silly audit   color: [ '4.2.3' ],
48 silly audit   'color-convert': [ '2.0.1' ],
48 silly audit   'color-name': [ '1.1.4' ],
48 silly audit   'color-string': [ '1.9.1' ],
48 silly audit   'combined-stream': [ '1.0.8' ],
48 silly audit   'concat-map': [ '0.0.1' ],
48 silly audit   'core-js-pure': [ '3.26.0' ],
48 silly audit   'cross-spawn': [ '7.0.3' ],
48 silly audit   csstype: [ '3.1.1' ],
48 silly audit   'damerau-levenshtein': [ '1.0.8' ],
48 silly audit   debug: [ '4.3.4', '3.2.7', '2.6.9' ],
48 silly audit   'decompress-response': [ '6.0.0' ],
48 silly audit   'deep-extend': [ '0.6.0' ],
48 silly audit   'deep-is': [ '0.1.4' ],
48 silly audit   'define-properties': [ '1.1.4' ],
48 silly audit   'delayed-stream': [ '1.0.0' ],
48 silly audit   'detect-libc': [ '2.0.1' ],
48 silly audit   'dir-glob': [ '3.0.1' ],
48 silly audit   doctrine: [ '3.0.0', '2.1.0' ],
48 silly audit   'emoji-regex': [ '9.2.2' ],
48 silly audit   'end-of-stream': [ '1.4.4' ],
48 silly audit   'es-abstract': [ '1.20.4' ],
48 silly audit   'es-shim-unscopables': [ '1.0.0' ],
48 silly audit   'es-to-primitive': [ '1.2.1' ],
48 silly audit   'escape-string-regexp': [ '4.0.0' ],
48 silly audit   eslint: [ '8.27.0' ],
48 silly audit   'eslint-config-next': [ '13.0.3' ],
48 silly audit   'eslint-import-resolver-node': [ '0.3.6' ],
48 silly audit   'eslint-import-resolver-typescript': [ '2.7.1' ],
48 silly audit   glob: [ '7.2.3', '7.1.7' ],
48 silly audit   'eslint-module-utils': [ '2.7.4' ],
48 silly audit   'eslint-plugin-import': [ '2.26.0' ],
48 silly audit   ms: [ '2.0.0', '2.1.2' ],
48 silly audit   'eslint-plugin-jsx-a11y': [ '6.6.1' ],
48 silly audit   semver: [ '6.3.0', '7.3.8' ],
48 silly audit   'eslint-plugin-react': [ '7.31.10' ],
48 silly audit   'eslint-plugin-react-hooks': [ '4.6.0' ],
48 silly audit   resolve: [ '2.0.0-next.4', '1.22.1' ],
48 silly audit   'eslint-scope': [ '7.1.1' ],
48 silly audit   'eslint-utils': [ '3.0.0' ],
48 silly audit   'eslint-visitor-keys': [ '2.1.0', '3.3.0' ],
48 silly audit   espree: [ '9.4.1' ],
48 silly audit   esquery: [ '1.4.0' ],
48 silly audit   esrecurse: [ '4.3.0' ],
48 silly audit   estraverse: [ '5.3.0' ],
48 silly audit   esutils: [ '2.0.3' ],
48 silly audit   'expand-template': [ '2.0.3' ],
48 silly audit   'fast-deep-equal': [ '3.1.3' ],
48 silly audit   'fast-glob': [ '3.2.12' ],
48 silly audit   'fast-json-stable-stringify': [ '2.1.0' ],
48 silly audit   'fast-levenshtein': [ '2.0.6' ],
48 silly audit   fastq: [ '1.13.0' ],
48 silly audit   'file-entry-cache': [ '6.0.1' ],
48 silly audit   'fill-range': [ '7.0.1' ],
48 silly audit   'find-up': [ '5.0.0' ],
48 silly audit   'flat-cache': [ '3.0.4' ],
48 silly audit   flatted: [ '3.2.7' ],
48 silly audit   'follow-redirects': [ '1.15.2' ],
48 silly audit   'form-data': [ '4.0.0' ],
48 silly audit   'framer-motion': [ '7.6.15' ],
48 silly audit   tslib: [ '2.4.0', '2.4.1', '1.14.1' ],
48 silly audit   framesync: [ '6.1.2' ],
48 silly audit   'fs-constants': [ '1.0.0' ],
48 silly audit   'fs.realpath': [ '1.0.0' ],
48 silly audit   fsevents: [ '2.3.2' ],
48 silly audit   'function-bind': [ '1.1.1' ],
48 silly audit   'function.prototype.name': [ '1.1.5' ],
48 silly audit   'functions-have-names': [ '1.2.3' ],
48 silly audit   'get-intrinsic': [ '1.1.3' ],
48 silly audit   'get-symbol-description': [ '1.0.0' ],
48 silly audit   'github-from-package': [ '0.0.0' ],
48 silly audit   globals: [ '13.17.0' ],
48 silly audit   globby: [ '11.1.0' ],
48 silly audit   'grapheme-splitter': [ '1.0.4' ],
48 silly audit   has: [ '1.0.3' ],
48 silly audit   'has-bigints': [ '1.0.2' ],
48 silly audit   'has-flag': [ '4.0.0' ],
48 silly audit   'has-property-descriptors': [ '1.0.0' ],
48 silly audit   'has-symbols': [ '1.0.3' ],
48 silly audit   'has-tostringtag': [ '1.0.0' ],
48 silly audit   'hey-listen': [ '1.0.8' ],
48 silly audit   ieee754: [ '1.2.1' ],
48 silly audit   ignore: [ '5.2.0' ],
48 silly audit   immutable: [ '4.1.0' ],
48 silly audit   'import-fresh': [ '3.3.0' ],
48 silly audit   imurmurhash: [ '0.1.4' ],
48 silly audit   inflight: [ '1.0.6' ],
48 silly audit   inherits: [ '2.0.4' ],
48 silly audit   ini: [ '1.3.8' ],
48 silly audit   'internal-slot': [ '1.0.3' ],
48 silly audit   'is-arrayish': [ '0.3.2' ],
48 silly audit   'is-bigint': [ '1.0.4' ],
48 silly audit   'is-binary-path': [ '2.1.0' ],
48 silly audit   'is-boolean-object': [ '1.1.2' ],
48 silly audit   'is-callable': [ '1.2.7' ],
48 silly audit   'is-core-module': [ '2.11.0' ],
48 silly audit   'is-date-object': [ '1.0.5' ],
48 silly audit   'is-extglob': [ '2.1.1' ],
48 silly audit   'is-glob': [ '4.0.3' ],
48 silly audit   'is-negative-zero': [ '2.0.2' ],
48 silly audit   'is-number': [ '7.0.0' ],
48 silly audit   'is-number-object': [ '1.0.7' ],
48 silly audit   'is-path-inside': [ '3.0.3' ],
48 silly audit   'is-regex': [ '1.1.4' ],
48 silly audit   'is-shared-array-buffer': [ '1.0.2' ],
48 silly audit   'is-string': [ '1.0.7' ],
48 silly audit   'is-symbol': [ '1.0.4' ],
48 silly audit   'is-weakref': [ '1.0.2' ],
48 silly audit   isexe: [ '2.0.0' ],
48 silly audit   'js-sdsl': [ '4.1.5' ],
48 silly audit   'js-tokens': [ '4.0.0' ],
48 silly audit   'js-yaml': [ '4.1.0' ],
48 silly audit   'json-schema-traverse': [ '0.4.1' ],
48 silly audit   'json-stable-stringify-without-jsonify': [ '1.0.1' ],
48 silly audit   json5: [ '1.0.1' ],
48 silly audit   'jsx-ast-utils': [ '3.3.3' ],
48 silly audit   'language-subtag-registry': [ '0.3.22' ],
48 silly audit   'language-tags': [ '1.0.5' ],
48 silly audit   levn: [ '0.4.1' ],
48 silly audit   'locate-path': [ '6.0.0' ],
48 silly audit   'lodash.merge': [ '4.6.2' ],
48 silly audit   'loose-envify': [ '1.4.0' ],
48 silly audit   'lru-cache': [ '6.0.0' ],
48 silly audit   merge2: [ '1.4.1' ],
48 silly audit   micromatch: [ '4.0.5' ],
48 silly audit   'mime-db': [ '1.52.0' ],
48 silly audit   'mime-types': [ '2.1.35' ],
48 silly audit   'mimic-response': [ '3.1.0' ],
48 silly audit   minimatch: [ '3.1.2' ],
48 silly audit   minimist: [ '1.2.7' ],
48 silly audit   'mkdirp-classic': [ '0.5.3' ],
48 silly audit   mobx: [ '6.6.2' ],
48 silly audit   'mobx-react-lite': [ '3.4.0' ],
48 silly audit   nanoid: [ '3.3.4' ],
48 silly audit   'napi-build-utils': [ '1.0.2' ],
48 silly audit   'natural-compare': [ '1.4.0' ],
48 silly audit   next: [ '13.0.3' ],
48 silly audit   'node-abi': [ '3.30.0' ],
48 silly audit   'node-addon-api': [ '5.0.0' ],
48 silly audit   'normalize-path': [ '3.0.0' ],
48 silly audit   'object-assign': [ '4.1.1' ],
48 silly audit   'object-inspect': [ '1.12.2' ],
48 silly audit   'object-keys': [ '1.1.1' ],
48 silly audit   'object.assign': [ '4.1.4' ],
48 silly audit   'object.entries': [ '1.1.6' ],
48 silly audit   'object.fromentries': [ '2.0.6' ],
48 silly audit   'object.hasown': [ '1.1.2' ],
48 silly audit   'object.values': [ '1.1.6' ],
48 silly audit   once: [ '1.4.0' ],
48 silly audit   optionator: [ '0.9.1' ],
48 silly audit   'p-limit': [ '3.1.0' ],
48 silly audit   'p-locate': [ '5.0.0' ],
48 silly audit   'parent-module': [ '1.0.1' ],
48 silly audit   'path-exists': [ '4.0.0' ],
48 silly audit   'path-is-absolute': [ '1.0.1' ],
48 silly audit   'path-key': [ '3.1.1' ],
48 silly audit   'path-parse': [ '1.0.7' ],
48 silly audit   'path-type': [ '4.0.0' ],
48 silly audit   picocolors: [ '1.0.0' ],
48 silly audit   picomatch: [ '2.3.1' ],
48 silly audit   popmotion: [ '11.0.5' ],
48 silly audit   postcss: [ '8.4.14' ],
48 silly audit   'prebuild-install': [ '7.1.1' ],
48 silly audit   'prelude-ls': [ '1.2.1' ],
48 silly audit   'prop-types': [ '15.8.1' ],
48 silly audit   'proxy-from-env': [ '1.1.0' ],
48 silly audit   pump: [ '3.0.0' ],
48 silly audit   punycode: [ '2.1.1' ],
48 silly audit   'queue-microtask': [ '1.2.3' ],
48 silly audit   rc: [ '1.2.8' ],
48 silly audit   'strip-json-comments': [ '2.0.1', '3.1.1' ],
48 silly audit   react: [ '18.2.0' ],
48 silly audit   'react-dom': [ '18.2.0' ],
48 silly audit   'react-icons': [ '4.6.0' ],
48 silly audit   'react-is': [ '16.13.1' ],
48 silly audit   'readable-stream': [ '3.6.0' ],
48 silly audit   readdirp: [ '3.6.0' ],
48 silly audit   'regenerator-runtime': [ '0.13.10' ],
48 silly audit   'regexp.prototype.flags': [ '1.4.3' ],
48 silly audit   regexpp: [ '3.2.0' ],
48 silly audit   'resolve-from': [ '4.0.0' ],
48 silly audit   reusify: [ '1.0.4' ],
48 silly audit   rimraf: [ '3.0.2' ],
48 silly audit   'run-parallel': [ '1.2.0' ],
48 silly audit   'safe-buffer': [ '5.2.1' ],
48 silly audit   'safe-regex-test': [ '1.0.0' ],
48 silly audit   sass: [ '1.56.1' ],
48 silly audit   scheduler: [ '0.23.0' ],
48 silly audit   sharp: [ '0.31.2' ],
48 silly audit   'shebang-command': [ '2.0.0' ],
48 silly audit   'shebang-regex': [ '3.0.0' ],
48 silly audit   'side-channel': [ '1.0.4' ],
48 silly audit   'simple-concat': [ '1.0.1' ],
48 silly audit   'simple-get': [ '4.0.1' ],
48 silly audit   'simple-swizzle': [ '0.2.2' ],
48 silly audit   slash: [ '3.0.0' ],
48 silly audit   'source-map-js': [ '1.0.2' ],
48 silly audit   string_decoder: [ '1.3.0' ],
48 silly audit   'string.prototype.matchall': [ '4.0.8' ],
48 silly audit   'string.prototype.trimend': [ '1.0.6' ],
48 silly audit   'string.prototype.trimstart': [ '1.0.6' ],
48 silly audit   'strip-ansi': [ '6.0.1' ],
48 silly audit   'strip-bom': [ '3.0.0' ],
48 silly audit   'style-value-types': [ '5.1.2' ],
48 silly audit   'styled-jsx': [ '5.1.0' ],
48 silly audit   'supports-color': [ '7.2.0' ],
48 silly audit   'supports-preserve-symlinks-flag': [ '1.0.0' ],
48 silly audit   'tar-fs': [ '2.1.1' ],
48 silly audit   'tar-stream': [ '2.2.0' ],
48 silly audit   'text-table': [ '0.2.0' ],
48 silly audit   'to-regex-range': [ '5.0.1' ],
48 silly audit   'tsconfig-paths': [ '3.14.1' ],
48 silly audit   tsutils: [ '3.21.0' ],
48 silly audit   'tunnel-agent': [ '0.6.0' ],
48 silly audit   'type-check': [ '0.4.0' ],
48 silly audit   'type-fest': [ '0.20.2' ],
48 silly audit   typescript: [ '4.8.4' ],
48 silly audit   'unbox-primitive': [ '1.0.2' ],
48 silly audit   'uri-js': [ '4.4.1' ],
48 silly audit   'use-sync-external-store': [ '1.2.0' ],
48 silly audit   'util-deprecate': [ '1.0.2' ],
48 silly audit   which: [ '2.0.2' ],
48 silly audit   'which-boxed-primitive': [ '1.0.2' ],
48 silly audit   'word-wrap': [ '1.2.3' ],
48 silly audit   wrappy: [ '1.0.2' ],
48 silly audit   yallist: [ '4.0.0' ],
48 silly audit   'yocto-queue': [ '0.1.0' ]
48 silly audit }
49 verbose reify failed optional dependency /home/ikotelevets/DigOfJustice/client/node_modules/fsevents
50 silly reify mark deleted [ '/home/ikotelevets/DigOfJustice/client/node_modules/fsevents' ]
51 verbose reify failed optional dependency /home/ikotelevets/DigOfJustice/client/node_modules/@next/swc-win32-x64-msvc
52 silly reify mark deleted [
52 silly reify   '/home/ikotelevets/DigOfJustice/client/node_modules/@next/swc-win32-x64-msvc'
52 silly reify ]
53 verbose reify failed optional dependency /home/ikotelevets/DigOfJustice/client/node_modules/@next/swc-win32-ia32-msvc
54 silly reify mark deleted [
54 silly reify   '/home/ikotelevets/DigOfJustice/client/node_modules/@next/swc-win32-ia32-msvc'
54 silly reify ]
55 verbose reify failed optional dependency /home/ikotelevets/DigOfJustice/client/node_modules/@next/swc-win32-arm64-msvc
56 silly reify mark deleted [
56 silly reify   '/home/ikotelevets/DigOfJustice/client/node_modules/@next/swc-win32-arm64-msvc'
56 silly reify ]
57 verbose reify failed optional dependency /home/ikotelevets/DigOfJustice/client/node_modules/@next/swc-linux-arm64-musl
58 silly reify mark deleted [
58 silly reify   '/home/ikotelevets/DigOfJustice/client/node_modules/@next/swc-linux-arm64-musl'
58 silly reify ]
59 verbose reify failed optional dependency /home/ikotelevets/DigOfJustice/client/node_modules/@next/swc-linux-arm64-gnu
60 silly reify mark deleted [
60 silly reify   '/home/ikotelevets/DigOfJustice/client/node_modules/@next/swc-linux-arm64-gnu'
60 silly reify ]
61 verbose reify failed optional dependency /home/ikotelevets/DigOfJustice/client/node_modules/@next/swc-linux-arm-gnueabihf
62 silly reify mark deleted [
62 silly reify   '/home/ikotelevets/DigOfJustice/client/node_modules/@next/swc-linux-arm-gnueabihf'
62 silly reify ]
63 verbose reify failed optional dependency /home/ikotelevets/DigOfJustice/client/node_modules/@next/swc-freebsd-x64
64 silly reify mark deleted [
64 silly reify   '/home/ikotelevets/DigOfJustice/client/node_modules/@next/swc-freebsd-x64'
64 silly reify ]
65 verbose reify failed optional dependency /home/ikotelevets/DigOfJustice/client/node_modules/@next/swc-darwin-x64
66 silly reify mark deleted [
66 silly reify   '/home/ikotelevets/DigOfJustice/client/node_modules/@next/swc-darwin-x64'
66 silly reify ]
67 verbose reify failed optional dependency /home/ikotelevets/DigOfJustice/client/node_modules/@next/swc-darwin-arm64
68 silly reify mark deleted [
68 silly reify   '/home/ikotelevets/DigOfJustice/client/node_modules/@next/swc-darwin-arm64'
68 silly reify ]
69 verbose reify failed optional dependency /home/ikotelevets/DigOfJustice/client/node_modules/@next/swc-android-arm64
70 silly reify mark deleted [
70 silly reify   '/home/ikotelevets/DigOfJustice/client/node_modules/@next/swc-android-arm64'
70 silly reify ]
71 verbose reify failed optional dependency /home/ikotelevets/DigOfJustice/client/node_modules/@next/swc-android-arm-eabi
72 silly reify mark deleted [
72 silly reify   '/home/ikotelevets/DigOfJustice/client/node_modules/@next/swc-android-arm-eabi'
72 silly reify ]
73 timing reifyNode:node_modules/fsevents Completed in 79ms
74 timing reifyNode:node_modules/@next/swc-win32-x64-msvc Completed in 73ms
75 timing reifyNode:node_modules/@next/swc-win32-ia32-msvc Completed in 73ms
76 timing reifyNode:node_modules/@next/swc-win32-arm64-msvc Completed in 73ms
77 timing reifyNode:node_modules/@next/swc-linux-arm64-musl Completed in 73ms
78 timing reifyNode:node_modules/@next/swc-linux-arm64-gnu Completed in 73ms
79 timing reifyNode:node_modules/@next/swc-linux-arm-gnueabihf Completed in 73ms
80 timing reifyNode:node_modules/@next/swc-freebsd-x64 Completed in 73ms
81 timing reifyNode:node_modules/@next/swc-darwin-x64 Completed in 72ms
82 timing reifyNode:node_modules/@next/swc-darwin-arm64 Completed in 73ms
83 timing reifyNode:node_modules/@next/swc-android-arm64 Completed in 73ms
84 timing reifyNode:node_modules/@next/swc-android-arm-eabi Completed in 73ms
85 silly tarball no local data for util-deprecate@https://registry.npmjs.org/util-deprecate/-/util-deprecate-1.0.2.tgz. Extracting by manifest.
86 silly tarball no local data for tunnel-agent@https://registry.npmjs.org/tunnel-agent/-/tunnel-agent-0.6.0.tgz. Extracting by manifest.
87 silly tarball no local data for tar-stream@https://registry.npmjs.org/tar-stream/-/tar-stream-2.2.0.tgz. Extracting by manifest.
88 silly tarball no local data for tar-fs@https://registry.npmjs.org/tar-fs/-/tar-fs-2.1.1.tgz. Extracting by manifest.
89 silly tarball no local data for string_decoder@https://registry.npmjs.org/string_decoder/-/string_decoder-1.3.0.tgz. Extracting by manifest.
90 silly tarball no local data for simple-swizzle@https://registry.npmjs.org/simple-swizzle/-/simple-swizzle-0.2.2.tgz. Extracting by manifest.
91 silly tarball no local data for simple-get@https://registry.npmjs.org/simple-get/-/simple-get-4.0.1.tgz. Extracting by manifest.
92 silly tarball no local data for simple-concat@https://registry.npmjs.org/simple-concat/-/simple-concat-1.0.1.tgz. Extracting by manifest.
93 silly tarball no local data for sharp@https://registry.npmjs.org/sharp/-/sharp-0.31.2.tgz. Extracting by manifest.
94 silly tarball no local data for safe-buffer@https://registry.npmjs.org/safe-buffer/-/safe-buffer-5.2.1.tgz. Extracting by manifest.
95 silly tarball no local data for readable-stream@https://registry.npmjs.org/readable-stream/-/readable-stream-3.6.0.tgz. Extracting by manifest.
96 silly tarball no local data for rc@https://registry.npmjs.org/rc/-/rc-1.2.8.tgz. Extracting by manifest.
97 silly tarball no local data for pump@https://registry.npmjs.org/pump/-/pump-3.0.0.tgz. Extracting by manifest.
98 silly tarball no local data for proxy-from-env@https://registry.npmjs.org/proxy-from-env/-/proxy-from-env-1.1.0.tgz. Extracting by manifest.
99 silly tarball no local data for prebuild-install@https://registry.npmjs.org/prebuild-install/-/prebuild-install-7.1.1.tgz. Extracting by manifest.
100 silly tarball no local data for node-addon-api@https://registry.npmjs.org/node-addon-api/-/node-addon-api-5.0.0.tgz. Extracting by manifest.
101 silly tarball no local data for node-abi@https://registry.npmjs.org/node-abi/-/node-abi-3.30.0.tgz. Extracting by manifest.
102 silly tarball no local data for napi-build-utils@https://registry.npmjs.org/napi-build-utils/-/napi-build-utils-1.0.2.tgz. Extracting by manifest.
103 silly tarball no local data for mkdirp-classic@https://registry.npmjs.org/mkdirp-classic/-/mkdirp-classic-0.5.3.tgz. Extracting by manifest.
104 silly tarball no local data for mimic-response@https://registry.npmjs.org/mimic-response/-/mimic-response-3.1.0.tgz. Extracting by manifest.
105 silly tarball no local data for mime-types@https://registry.npmjs.org/mime-types/-/mime-types-2.1.35.tgz. Extracting by manifest.
106 silly tarball no local data for mime-db@https://registry.npmjs.org/mime-db/-/mime-db-1.52.0.tgz. Extracting by manifest.
107 silly tarball no local data for is-arrayish@https://registry.npmjs.org/is-arrayish/-/is-arrayish-0.3.2.tgz. Extracting by manifest.
108 silly tarball no local data for ini@https://registry.npmjs.org/ini/-/ini-1.3.8.tgz. Extracting by manifest.
109 silly tarball no local data for ieee754@https://registry.npmjs.org/ieee754/-/ieee754-1.2.1.tgz. Extracting by manifest.
110 silly tarball no local data for github-from-package@https://registry.npmjs.org/github-from-package/-/github-from-package-0.0.0.tgz. Extracting by manifest.
111 silly tarball no local data for fs-constants@https://registry.npmjs.org/fs-constants/-/fs-constants-1.0.0.tgz. Extracting by manifest.
112 silly tarball no local data for follow-redirects@https://registry.npmjs.org/follow-redirects/-/follow-redirects-1.15.2.tgz. Extracting by manifest.
113 silly tarball no local data for form-data@https://registry.npmjs.org/form-data/-/form-data-4.0.0.tgz. Extracting by manifest.
114 silly tarball no local data for expand-template@https://registry.npmjs.org/expand-template/-/expand-template-2.0.3.tgz. Extracting by manifest.
115 silly tarball no local data for end-of-stream@https://registry.npmjs.org/end-of-stream/-/end-of-stream-1.4.4.tgz. Extracting by manifest.
116 silly tarball no local data for delayed-stream@https://registry.npmjs.org/delayed-stream/-/delayed-stream-1.0.0.tgz. Extracting by manifest.
117 silly tarball no local data for detect-libc@https://registry.npmjs.org/detect-libc/-/detect-libc-2.0.1.tgz. Extracting by manifest.
118 silly tarball no local data for deep-extend@https://registry.npmjs.org/deep-extend/-/deep-extend-0.6.0.tgz. Extracting by manifest.
119 silly tarball no local data for decompress-response@https://registry.npmjs.org/decompress-response/-/decompress-response-6.0.0.tgz. Extracting by manifest.
120 silly tarball no local data for combined-stream@https://registry.npmjs.org/combined-stream/-/combined-stream-1.0.8.tgz. Extracting by manifest.
121 silly tarball no local data for color-string@https://registry.npmjs.org/color-string/-/color-string-1.9.1.tgz. Extracting by manifest.
122 silly tarball no local data for color@https://registry.npmjs.org/color/-/color-4.2.3.tgz. Extracting by manifest.
123 silly tarball no local data for chownr@https://registry.npmjs.org/chownr/-/chownr-1.1.4.tgz. Extracting by manifest.
124 silly tarball no local data for buffer@https://registry.npmjs.org/buffer/-/buffer-5.7.1.tgz. Extracting by manifest.
125 silly tarball no local data for bl@https://registry.npmjs.org/bl/-/bl-4.1.0.tgz. Extracting by manifest.
126 silly tarball no local data for base64-js@https://registry.npmjs.org/base64-js/-/base64-js-1.5.1.tgz. Extracting by manifest.
127 silly tarball no local data for asynckit@https://registry.npmjs.org/asynckit/-/asynckit-0.4.0.tgz. Extracting by manifest.
128 silly tarball no local data for axios@https://registry.npmjs.org/axios/-/axios-1.2.0.tgz. Extracting by manifest.
129 silly tarball no local data for strip-json-comments@https://registry.npmjs.org/strip-json-comments/-/strip-json-comments-2.0.1.tgz. Extracting by manifest.
130 http fetch POST 200 https://registry.npmjs.org/-/npm/v1/security/advisories/bulk 2565ms
131 timing auditReport:getReport Completed in 2571ms
132 silly audit report {
132 silly audit report   json5: [
132 silly audit report     {
132 silly audit report       id: 1085311,
132 silly audit report       url: 'https://github.com/advisories/GHSA-9c47-m6qq-7p4h',
132 silly audit report       title: 'Prototype Pollution in JSON5 via Parse Method',
132 silly audit report       severity: 'high',
132 silly audit report       vulnerable_versions: '<1.0.2',
132 silly audit report       cwe: [Array],
132 silly audit report       cvss: [Object]
132 silly audit report     }
132 silly audit report   ]
132 silly audit report }
133 timing metavuln:cache:get:security-advisory:json5:x06YWVYsQzD9bu5OpXbWNiBcoVZyUppuqGoFETv4RDw3nwE5nOD1ksalAF12Fmxw3BJej4jQbHmsZ6Q1CArf3A== Completed in 27ms
134 timing reifyNode:node_modules/natural-compare Completed in 2745ms
135 timing reifyNode:node_modules/client-only Completed in 2744ms
136 timing reifyNode:node_modules/wrappy Completed in 2767ms
137 timing reifyNode:node_modules/strip-bom Completed in 2767ms
138 timing reifyNode:node_modules/shebang-command Completed in 2766ms
139 timing reifyNode:node_modules/run-parallel Completed in 2767ms
140 timing reifyNode:node_modules/resolve-from Completed in 2766ms
141 timing reifyNode:node_modules/path-parse Completed in 2768ms
142 timing reifyNode:node_modules/path-is-absolute Completed in 2767ms
143 timing reifyNode:node_modules/parent-module Completed in 2767ms
144 timing reifyNode:node_modules/once Completed in 2789ms
145 timing reifyNode:node_modules/object-assign Completed in 2789ms
146 timing reifyNode:node_modules/normalize-path Completed in 2789ms
147 timing reifyNode:node_modules/ms Completed in 2787ms
148 timing reifyNode:node_modules/merge2 Completed in 2788ms
149 timing reifyNode:node_modules/is-number Completed in 2787ms
150 timing reifyNode:node_modules/is-extglob Completed in 2788ms
151 timing reifyNode:node_modules/inflight Completed in 2787ms
152 timing reifyNode:node_modules/imurmurhash Completed in 2788ms
153 timing reifyNode:node_modules/glob-parent Completed in 2788ms
154 timing reifyNode:node_modules/fast-levenshtein Completed in 2788ms
155 timing reifyNode:node_modules/eslint-config-next Completed in 2787ms
156 timing reifyNode:node_modules/eslint-import-resolver-node Completed in 2788ms
157 timing reifyNode:node_modules/dir-glob Completed in 2788ms
158 timing reifyNode:node_modules/color-name Completed in 2788ms
159 timing reifyNode:node_modules/brace-expansion Completed in 2788ms
160 timing reifyNode:node_modules/@types/prop-types Completed in 2788ms
161 timing reifyNode:node_modules/@types/json5 Completed in 2788ms
162 timing reifyNode:node_modules/eslint-plugin-import/node_modules/ms Completed in 2797ms
163 timing reifyNode:node_modules/yocto-queue Completed in 2814ms
164 timing reifyNode:node_modules/word-wrap Completed in 2813ms
165 timing reifyNode:node_modules/supports-color Completed in 2813ms
166 timing reifyNode:node_modules/to-regex-range Completed in 2814ms
167 timing reifyNode:node_modules/strip-json-comments Completed in 2814ms
168 timing reifyNode:node_modules/slash Completed in 2814ms
169 timing reifyNode:node_modules/strip-ansi Completed in 2815ms
170 timing reifyNode:node_modules/shebang-regex Completed in 2814ms
171 timing reifyNode:node_modules/queue-microtask Completed in 2813ms
172 timing reifyNode:node_modules/path-type Completed in 2814ms
173 timing reifyNode:node_modules/path-key Completed in 2813ms
174 timing reifyNode:node_modules/path-exists Completed in 2813ms
175 timing reifyNode:node_modules/p-locate Completed in 2813ms
176 timing reifyNode:node_modules/p-limit Completed in 2813ms
177 timing reifyNode:node_modules/lru-cache Completed in 2829ms
178 timing reifyNode:node_modules/locate-path Completed in 2828ms
179 timing reifyNode:node_modules/is-path-inside Completed in 2828ms
180 timing reifyNode:node_modules/is-glob Completed in 2829ms
181 timing reifyNode:node_modules/is-binary-path Completed in 2829ms
182 timing reifyNode:node_modules/inherits Completed in 2829ms
183 timing reifyNode:node_modules/import-fresh Completed in 2829ms
184 timing reifyNode:node_modules/has-flag Completed in 2830ms
185 timing reifyNode:node_modules/find-up Completed in 2829ms
186 timing reifyNode:node_modules/fill-range Completed in 2829ms
187 timing reifyNode:node_modules/escape-string-regexp Completed in 2829ms
188 timing reifyNode:node_modules/callsites Completed in 2829ms
189 timing reifyNode:node_modules/array-union Completed in 2829ms
190 timing reifyNode:node_modules/anymatch Completed in 2829ms
191 timing reifyNode:node_modules/ansi-regex Completed in 2830ms
192 timing reifyNode:node_modules/@types/scheduler Completed in 2830ms
193 timing reifyNode:node_modules/fast-glob/node_modules/glob-parent Completed in 2838ms
194 timing reifyNode:node_modules/chokidar/node_modules/glob-parent Completed in 2836ms
195 timing reifyNode:node_modules/yallist Completed in 2854ms
196 timing reifyNode:node_modules/micromatch Completed in 2858ms
197 timing reifyNode:node_modules/js-tokens Completed in 2858ms
198 timing reifyNode:node_modules/fs.realpath Completed in 2857ms
199 timing reifyNode:node_modules/esrecurse Completed in 2857ms
200 timing reifyNode:node_modules/balanced-match Completed in 2856ms
201 timing reifyNode:node_modules/ansi-styles Completed in 2855ms
202 timing reifyNode:node_modules/@next/env Completed in 2855ms
203 timing reifyNode:node_modules/which Completed in 2878ms
204 timing reifyNode:node_modules/regenerator-runtime Completed in 2878ms
205 timing reifyNode:node_modules/readdirp Completed in 2878ms
206 timing reifyNode:node_modules/picocolors Completed in 2878ms
207 timing reifyNode:node_modules/minimatch Completed in 2884ms
208 timing reifyNode:node_modules/has Completed in 2883ms
209 timing reifyNode:node_modules/file-entry-cache Completed in 2882ms
210 timing reifyNode:node_modules/binary-extensions Completed in 2881ms
211 timing reifyNode:node_modules/type-check Completed in 2903ms
212 timing reifyNode:node_modules/rimraf Completed in 2902ms
213 timing reifyNode:node_modules/punycode Completed in 2901ms
214 timing reifyNode:node_modules/loose-envify Completed in 2906ms
215 timing reifyNode:node_modules/lodash.merge Completed in 2905ms
216 timing reifyNode:node_modules/acorn-jsx Completed in 2903ms
217 timing reifyNode:node_modules/levn Completed in 2928ms
218 timing reifyNode:node_modules/globby Completed in 2928ms
219 timing reifyNode:node_modules/damerau-levenshtein Completed in 2930ms
220 timing reifyNode:node_modules/debug Completed in 2930ms
221 timing reifyNode:node_modules/concat-map Completed in 2931ms
222 timing reifyNode:node_modules/color-convert Completed in 2931ms
223 timing reifyNode:node_modules/@humanwhocodes/config-array Completed in 2930ms
224 timing reifyNode:node_modules/eslint-utils/node_modules/eslint-visitor-keys Completed in 2937ms
225 timing reifyNode:node_modules/safe-regex-test Completed in 2952ms
226 timing reifyNode:node_modules/isexe Completed in 2957ms
227 timing reifyNode:node_modules/globals Completed in 2956ms
228 timing reifyNode:node_modules/estraverse Completed in 2956ms
229 timing reifyNode:node_modules/define-properties Completed in 2956ms
230 timing reifyNode:node_modules/reusify Completed in 2973ms
231 timing reifyNode:node_modules/react-is Completed in 2974ms
232 timing reifyNode:node_modules/has-property-descriptors Completed in 2975ms
233 timing reifyNode:node_modules/has-bigints Completed in 2975ms
234 timing reifyNode:node_modules/flat-cache Completed in 2974ms
235 timing reifyNode:node_modules/optionator Completed in 2982ms
236 timing reifyNode:node_modules/deep-is Completed in 2973ms
237 timing reifyNode:node_modules/chalk Completed in 2972ms
238 timing reifyNode:node_modules/eslint-import-resolver-typescript/node_modules/glob Completed in 2978ms
239 timing reifyNode:node_modules/supports-preserve-symlinks-flag Completed in 2993ms
240 http fetch GET 200 https://registry.npmjs.org/simple-swizzle/-/simple-swizzle-0.2.2.tgz 2838ms (cache miss)
241 timing reifyNode:node_modules/simple-swizzle Completed in 2994ms
242 http fetch GET 200 https://registry.npmjs.org/simple-concat/-/simple-concat-1.0.1.tgz 2834ms (cache miss)
243 timing reifyNode:node_modules/simple-concat Completed in 2994ms
244 timing reifyNode:node_modules/is-weakref Completed in 2994ms
245 timing reifyNode:node_modules/is-core-module Completed in 2993ms
246 timing reifyNode:node_modules/ignore Completed in 2993ms
247 timing reifyNode:node_modules/glob Completed in 2992ms
248 timing reifyNode:node_modules/cross-spawn Completed in 2991ms
249 timing reifyNode:node_modules/ast-types-flow Completed in 2990ms
250 http fetch GET 200 https://registry.npmjs.org/pump/-/pump-3.0.0.tgz 2843ms (cache miss)
251 timing reifyNode:node_modules/json-schema-traverse Completed in 3010ms
252 timing reifyNode:node_modules/is-regex Completed in 3009ms
253 timing reifyNode:node_modules/@types/react-dom Completed in 3003ms
254 timing reifyNode:node_modules/eslint-plugin-react/node_modules/semver Completed in 3011ms
255 timing reifyNode:node_modules/eslint-plugin-jsx-a11y/node_modules/semver Completed in 3011ms
256 timing reifyNode:node_modules/eslint-module-utils/node_modules/debug Completed in 3011ms
257 timing reifyNode:node_modules/eslint-import-resolver-node/node_modules/debug Completed in 3011ms
258 timing reifyNode:node_modules/unbox-primitive Completed in 3027ms
259 timing reifyNode:node_modules/side-channel Completed in 3025ms
260 http fetch GET 200 https://registry.npmjs.org/util-deprecate/-/util-deprecate-1.0.2.tgz 2881ms (cache miss)
261 timing reifyNode:node_modules/util-deprecate Completed in 3029ms
262 http fetch GET 200 https://registry.npmjs.org/string_decoder/-/string_decoder-1.3.0.tgz 2873ms (cache miss)
263 timing reifyNode:node_modules/string_decoder Completed in 3029ms
264 http fetch GET 200 https://registry.npmjs.org/mkdirp-classic/-/mkdirp-classic-0.5.3.tgz 2853ms (cache miss)
265 timing reifyNode:node_modules/mkdirp-classic Completed in 3023ms
266 timing reifyNode:node_modules/is-string Completed in 3025ms
267 timing reifyNode:node_modules/is-shared-array-buffer Completed in 3025ms
268 timing reifyNode:node_modules/is-number-object Completed in 3025ms
269 timing reifyNode:node_modules/is-bigint Completed in 3024ms
270 timing reifyNode:node_modules/functions-have-names Completed in 3024ms
271 timing reifyNode:node_modules/fast-deep-equal Completed in 3023ms
272 timing reifyNode:node_modules/esutils Completed in 3024ms
273 timing reifyNode:node_modules/eslint-visitor-keys Completed in 3023ms
274 timing reifyNode:node_modules/es-shim-unscopables Completed in 3023ms
275 timing reifyNode:node_modules/@humanwhocodes/module-importer Completed in 3020ms
276 timing reifyNode:node_modules/which-boxed-primitive Completed in 3043ms
277 timing reifyNode:node_modules/prelude-ls Completed in 3040ms
278 timing reifyNode:node_modules/pump Completed in 3041ms
279 http fetch GET 200 https://registry.npmjs.org/napi-build-utils/-/napi-build-utils-1.0.2.tgz 2869ms (cache miss)
280 timing reifyNode:node_modules/napi-build-utils Completed in 3039ms
281 http fetch GET 200 https://registry.npmjs.org/mimic-response/-/mimic-response-3.1.0.tgz 2868ms (cache miss)
282 timing reifyNode:node_modules/mimic-response Completed in 3039ms
283 http fetch GET 200 https://registry.npmjs.org/ieee754/-/ieee754-1.2.1.tgz 2860ms (cache miss)
284 timing reifyNode:node_modules/ieee754 Completed in 3037ms
285 timing reifyNode:node_modules/is-symbol Completed in 3042ms
286 timing reifyNode:node_modules/is-negative-zero Completed in 3042ms
287 timing reifyNode:node_modules/is-date-object Completed in 3042ms
288 timing reifyNode:node_modules/is-boolean-object Completed in 3042ms
289 timing reifyNode:node_modules/internal-slot Completed in 3041ms
290 timing reifyNode:node_modules/get-intrinsic Completed in 3041ms
291 timing reifyNode:node_modules/get-symbol-description Completed in 3041ms
292 timing reifyNode:node_modules/function-bind Completed in 3041ms
293 timing reifyNode:node_modules/eslint-plugin-react-hooks Completed in 3040ms
294 timing reifyNode:node_modules/@rushstack/eslint-patch Completed in 3037ms
295 http fetch GET 200 https://registry.npmjs.org/fs-constants/-/fs-constants-1.0.0.tgz 2869ms (cache miss)
296 timing reifyNode:node_modules/fs-constants Completed in 3049ms
297 http fetch GET 200 https://registry.npmjs.org/expand-template/-/expand-template-2.0.3.tgz 2865ms (cache miss)
298 timing reifyNode:node_modules/expand-template Completed in 3049ms
299 http fetch GET 200 https://registry.npmjs.org/delayed-stream/-/delayed-stream-1.0.0.tgz 2857ms (cache miss)
300 timing reifyNode:node_modules/delayed-stream Completed in 3048ms
301 timing reifyNode:node_modules/object-keys Completed in 3059ms
302 timing reifyNode:node_modules/is-callable Completed in 3055ms
303 timing reifyNode:node_modules/hey-listen Completed in 3054ms
304 timing reifyNode:node_modules/eslint-import-resolver-typescript Completed in 3051ms
305 timing reifyNode:node_modules/braces Completed in 3050ms
306 timing reifyNode:node_modules/call-bind Completed in 3050ms
307 timing reifyNode:node_modules/tsutils/node_modules/tslib Completed in 3070ms
308 http fetch GET 200 https://registry.npmjs.org/mime-types/-/mime-types-2.1.35.tgz 2893ms (cache miss)
309 timing reifyNode:node_modules/mime-types Completed in 3066ms
310 http fetch GET 200 https://registry.npmjs.org/deep-extend/-/deep-extend-0.6.0.tgz 2866ms (cache miss)
311 timing reifyNode:node_modules/deep-extend Completed in 3058ms
312 http fetch GET 200 https://registry.npmjs.org/color-string/-/color-string-1.9.1.tgz 2863ms (cache miss)
313 timing reifyNode:node_modules/color-string Completed in 3059ms
314 timing reifyNode:node_modules/object.fromentries Completed in 3071ms
315 timing reifyNode:node_modules/has-tostringtag Completed in 3066ms
316 timing reifyNode:node_modules/text-table Completed in 3084ms
317 timing reifyNode:node_modules/string.prototype.trimstart Completed in 3083ms
318 timing reifyNode:node_modules/string.prototype.trimend Completed in 3083ms
319 http fetch GET 200 https://registry.npmjs.org/tunnel-agent/-/tunnel-agent-0.6.0.tgz 2935ms (cache miss)
320 timing reifyNode:node_modules/tunnel-agent Completed in 3086ms
321 http fetch GET 200 https://registry.npmjs.org/ini/-/ini-1.3.8.tgz 2902ms (cache miss)
322 timing reifyNode:node_modules/ini Completed in 3077ms
323 http fetch GET 200 https://registry.npmjs.org/end-of-stream/-/end-of-stream-1.4.4.tgz 2888ms (cache miss)
324 timing reifyNode:node_modules/end-of-stream Completed in 3073ms
325 http fetch GET 200 https://registry.npmjs.org/combined-stream/-/combined-stream-1.0.8.tgz 2879ms (cache miss)
326 http fetch GET 200 https://registry.npmjs.org/chownr/-/chownr-1.1.4.tgz 2875ms (cache miss)
327 timing reifyNode:node_modules/chownr Completed in 3073ms
328 http fetch GET 200 https://registry.npmjs.org/base64-js/-/base64-js-1.5.1.tgz 2872ms (cache miss)
329 timing reifyNode:node_modules/base64-js Completed in 3073ms
330 http fetch GET 200 https://registry.npmjs.org/strip-json-comments/-/strip-json-comments-2.0.1.tgz 2860ms (cache miss)
331 timing reifyNode:node_modules/rc/node_modules/strip-json-comments Completed in 3088ms
332 timing reifyNode:node_modules/picomatch Completed in 3088ms
333 timing reifyNode:node_modules/doctrine Completed in 3079ms
334 timing reifyNode:node_modules/chokidar Completed in 3078ms
335 timing reifyNode:node_modules/argparse Completed in 3077ms
336 timing reifyNode:node_modules/@typescript-eslint/parser Completed in 3077ms
337 timing reifyNode:node_modules/@emotion/memoize Completed in 3077ms
338 timing reifyNode:node_modules/style-value-types/node_modules/tslib Completed in 3096ms
339 timing reifyNode:node_modules/framesync/node_modules/tslib Completed in 3085ms
340 timing reifyNode:node_modules/popmotion/node_modules/tslib Completed in 3094ms
341 timing reifyNode:node_modules/framer-motion/node_modules/tslib Completed in 3085ms
342 timing reifyNode:node_modules/eslint-plugin-react/node_modules/doctrine Completed in 3084ms
343 timing reifyNode:node_modules/eslint-plugin-import/node_modules/doctrine Completed in 3084ms
344 timing reifyNode:node_modules/tslib Completed in 3099ms
345 http fetch GET 200 https://registry.npmjs.org/simple-get/-/simple-get-4.0.1.tgz 2942ms (cache miss)
346 http fetch GET 200 https://registry.npmjs.org/safe-buffer/-/safe-buffer-5.2.1.tgz 2936ms (cache miss)
347 timing reifyNode:node_modules/safe-buffer Completed in 3099ms
348 http fetch GET 200 https://registry.npmjs.org/detect-libc/-/detect-libc-2.0.1.tgz 2896ms (cache miss)
349 http fetch GET 200 https://registry.npmjs.org/decompress-response/-/decompress-response-6.0.0.tgz 2894ms (cache miss)
350 timing reifyNode:node_modules/decompress-response Completed in 3087ms
351 timing reifyNode:node_modules/combined-stream Completed in 3087ms
352 timing reifyNode:node_modules/flatted Completed in 3096ms
353 timing reifyNode:node_modules/espree Completed in 3096ms
354 timing reifyNode:node_modules/array.prototype.flat Completed in 3093ms
355 timing reifyNode:node_modules/array-includes Completed in 3093ms
356 timing reifyNode:node_modules/@motionone/types Completed in 3092ms
357 timing reifyNode:node_modules/prop-types Completed in 3110ms
358 timing reifyNode:node_modules/simple-get Completed in 3113ms
359 http fetch GET 200 https://registry.npmjs.org/github-from-package/-/github-from-package-0.0.0.tgz 2926ms (cache miss)
360 http fetch GET 200 https://registry.npmjs.org/form-data/-/form-data-4.0.0.tgz 2922ms (cache miss)
361 timing reifyNode:node_modules/detect-libc Completed in 3102ms
362 timing reifyNode:node_modules/object.values Completed in 3112ms
363 timing reifyNode:node_modules/object.hasown Completed in 3113ms
364 timing reifyNode:node_modules/object.entries Completed in 3113ms
365 timing reifyNode:node_modules/language-tags Completed in 3110ms
366 timing reifyNode:node_modules/json-stable-stringify-without-jsonify Completed in 3110ms
367 timing reifyNode:node_modules/has-symbols Completed in 3108ms
368 timing reifyNode:node_modules/regexp.prototype.flags Completed in 3120ms
369 http fetch GET 200 https://registry.npmjs.org/color/-/color-4.2.3.tgz 2913ms (cache miss)
370 timing reifyNode:node_modules/color Completed in 3110ms
371 timing reifyNode:node_modules/fastq Completed in 3114ms
372 timing reifyNode:node_modules/eslint-module-utils Completed in 3114ms
373 timing reifyNode:node_modules/array.prototype.flatmap Completed in 3111ms
374 timing reifyNode:node_modules/@typescript-eslint/visitor-keys Completed in 3111ms
375 http fetch GET 200 https://registry.npmjs.org/tar-stream/-/tar-stream-2.2.0.tgz 2980ms (cache miss)
376 timing reifyNode:node_modules/tar-stream Completed in 3132ms
377 timing reifyNode:node_modules/form-data Completed in 3120ms
378 timing reifyNode:node_modules/fast-json-stable-stringify Completed in 3122ms
379 timing reifyNode:node_modules/@types/react Completed in 3117ms
380 timing reifyNode:node_modules/@humanwhocodes/object-schema Completed in 3118ms
381 timing reifyNode:node_modules/eslint-plugin-import/node_modules/debug Completed in 3124ms
382 timing reifyNode:node_modules/string.prototype.matchall Completed in 3138ms
383 http fetch GET 200 https://registry.npmjs.org/rc/-/rc-1.2.8.tgz 2972ms (cache miss)
384 timing reifyNode:node_modules/rc Completed in 3137ms
385 http fetch GET 200 https://registry.npmjs.org/proxy-from-env/-/proxy-from-env-1.1.0.tgz 2969ms (cache miss)
386 timing reifyNode:node_modules/proxy-from-env Completed in 3136ms
387 timing reifyNode:node_modules/github-from-package Completed in 3129ms
388 timing reifyNode:node_modules/json5 Completed in 3140ms
389 timing reifyNode:node_modules/grapheme-splitter Completed in 3137ms
390 timing reifyNode:node_modules/es-to-primitive Completed in 3135ms
391 timing reifyNode:node_modules/@emotion/is-prop-valid Completed in 3129ms
392 timing reifyNode:node_modules/use-sync-external-store Completed in 3154ms
393 timing reifyNode:node_modules/function.prototype.name Completed in 3143ms
394 timing reifyNode:node_modules/@nodelib/fs.stat Completed in 3138ms
395 timing reifyNode:node_modules/regexpp Completed in 3156ms
396 http fetch GET 200 https://registry.npmjs.org/follow-redirects/-/follow-redirects-1.15.2.tgz 2968ms (cache miss)
397 timing reifyNode:node_modules/follow-redirects Completed in 3148ms
398 timing reifyNode:node_modules/emoji-regex Completed in 3149ms
399 http fetch GET 200 https://registry.npmjs.org/node-abi/-/node-abi-3.30.0.tgz 2992ms (cache miss)
400 timing reifyNode:node_modules/eslint-scope Completed in 3156ms
401 http fetch GET 200 https://registry.npmjs.org/prebuild-install/-/prebuild-install-7.1.1.tgz 3002ms (cache miss)
402 timing reifyNode:node_modules/prebuild-install Completed in 3170ms
403 http fetch GET 200 https://registry.npmjs.org/is-arrayish/-/is-arrayish-0.3.2.tgz 2995ms (cache miss)
404 timing reifyNode:node_modules/is-arrayish Completed in 3169ms
405 timing reifyNode:node_modules/@motionone/easing Completed in 3163ms
406 timing reifyNode:node_modules/node-abi Completed in 3178ms
407 timing reifyNode:node_modules/source-map-js Completed in 3188ms
408 timing reifyNode:node_modules/scheduler Completed in 3187ms
409 http fetch GET 200 https://registry.npmjs.org/bl/-/bl-4.1.0.tgz 2974ms (cache miss)
410 timing reifyNode:node_modules/bl Completed in 3174ms
411 timing reifyNode:node_modules/minimist Completed in 3183ms
412 timing reifyNode:node_modules/framesync Completed in 3180ms
413 timing reifyNode:node_modules/eslint-utils Completed in 3178ms
414 timing reifyNode:node_modules/nanoid Completed in 3188ms
415 timing reifyNode:node_modules/@nodelib/fs.scandir Completed in 3179ms
416 timing reifyNode:node_modules/@motionone/animation Completed in 3178ms
417 http fetch GET 200 https://registry.npmjs.org/asynckit/-/asynckit-0.4.0.tgz 2980ms (cache miss)
418 timing reifyNode:node_modules/asynckit Completed in 3197ms
419 http fetch GET 200 https://registry.npmjs.org/buffer/-/buffer-5.7.1.tgz 3003ms (cache miss)
420 timing reifyNode:node_modules/buffer Completed in 3202ms
421 timing reifyNode:node_modules/@nodelib/fs.walk Completed in 3204ms
422 http fetch GET 200 https://registry.npmjs.org/mime-db/-/mime-db-1.52.0.tgz 3048ms (cache miss)
423 timing reifyNode:node_modules/mime-db Completed in 3222ms
424 timing reifyNode:node_modules/@next/eslint-plugin-next Completed in 3216ms
425 timing reifyNode:node_modules/react Completed in 3239ms
426 timing reifyNode:node_modules/acorn Completed in 3227ms
427 http fetch GET 200 https://registry.npmjs.org/json5 687ms (cache miss)
428 timing metavuln:packument:json5 Completed in 689ms
429 timing metavuln:load:security-advisory:json5:1085311 Completed in 2ms
430 timing reifyNode:node_modules/object-inspect Completed in 3259ms
431 timing reifyNode:node_modules/@typescript-eslint/types Completed in 3271ms
432 timing reifyNode:node_modules/immutable Completed in 3282ms
433 timing reifyNode:node_modules/type-fest Completed in 3299ms
434 timing metavuln:cache:put:security-advisory:json5:x06YWVYsQzD9bu5OpXbWNiBcoVZyUppuqGoFETv4RDw3nwE5nOD1ksalAF12Fmxw3BJej4jQbHmsZ6Q1CArf3A== Completed in 51ms
435 timing metavuln:calculate:security-advisory:json5:1085311 Completed in 743ms
436 timing metavuln:cache:get:security-advisory:tsconfig-paths:HgOiz2Nz8PYoIfYmjn16RDCHqCNaIB693rO8LfRD7rX9VO9QYRCwlyOvtTr2Q39bKLgux6KFKO5XOoJjw2whyA== Completed in 5ms
437 http fetch GET 200 https://registry.npmjs.org/tar-fs/-/tar-fs-2.1.1.tgz 3160ms (cache miss)
438 timing reifyNode:node_modules/semver Completed in 3319ms
439 timing reifyNode:node_modules/tar-fs Completed in 3324ms
440 http fetch GET 200 https://registry.npmjs.org/node-addon-api/-/node-addon-api-5.0.0.tgz 3156ms (cache miss)
441 timing reifyNode:node_modules/node-addon-api Completed in 3334ms
442 http fetch GET 200 https://registry.npmjs.org/readable-stream/-/readable-stream-3.6.0.tgz 3179ms (cache miss)
443 timing reifyNode:node_modules/readable-stream Completed in 3343ms
444 timing reifyNode:node_modules/style-value-types Completed in 3349ms
445 timing reifyNode:node_modules/js-yaml Completed in 3348ms
446 timing reifyNode:node_modules/postcss Completed in 3376ms
447 timing reifyNode:node_modules/esquery Completed in 3377ms
448 timing reifyNode:node_modules/csstype Completed in 3379ms
449 http fetch GET 200 https://registry.npmjs.org/tsconfig-paths 91ms (cache miss)
450 timing metavuln:packument:tsconfig-paths Completed in 93ms
451 timing metavuln:load:security-advisory:tsconfig-paths:x06YWVYsQzD9bu5OpXbWNiBcoVZyUppuqGoFETv4RDw3nwE5nOD1ksalAF12Fmxw3BJej4jQbHmsZ6Q1CArf3A== Completed in 3ms
452 timing reifyNode:node_modules/fast-glob Completed in 3395ms
453 timing reifyNode:node_modules/@eslint/eslintrc Completed in 3407ms
454 timing reifyNode:node_modules/uri-js Completed in 3428ms
455 timing reifyNode:node_modules/styled-jsx Completed in 3436ms
456 timing reifyNode:node_modules/@motionone/generators Completed in 3426ms
457 timing metavuln:cache:put:security-advisory:tsconfig-paths:HgOiz2Nz8PYoIfYmjn16RDCHqCNaIB693rO8LfRD7rX9VO9QYRCwlyOvtTr2Q39bKLgux6KFKO5XOoJjw2whyA== Completed in 46ms
458 timing metavuln:calculate:security-advisory:tsconfig-paths:x06YWVYsQzD9bu5OpXbWNiBcoVZyUppuqGoFETv4RDw3nwE5nOD1ksalAF12Fmxw3BJej4jQbHmsZ6Q1CArf3A== Completed in 142ms
459 timing auditReport:init Completed in 885ms
460 timing reify:audit Completed in 3457ms
461 timing reifyNode:node_modules/object.assign Completed in 3457ms
462 timing reifyNode:node_modules/tsconfig-paths Completed in 3474ms
463 timing reifyNode:node_modules/language-subtag-registry Completed in 3499ms
464 timing reifyNode:node_modules/tsutils Completed in 3530ms
465 timing reifyNode:node_modules/@motionone/utils Completed in 3515ms
466 http fetch GET 200 https://registry.npmjs.org/sharp/-/sharp-0.31.2.tgz 3372ms (cache miss)
467 timing reifyNode:node_modules/sharp Completed in 3534ms
468 timing reifyNode:node_modules/axobject-query Completed in 3550ms
469 timing reifyNode:node_modules/jsx-ast-utils Completed in 3560ms
470 timing reifyNode:node_modules/axe-core Completed in 3595ms
471 timing reifyNode:node_modules/aria-query Completed in 3630ms
472 timing reifyNode:node_modules/ajv Completed in 3630ms
473 timing reifyNode:node_modules/popmotion Completed in 3647ms
474 timing reifyNode:node_modules/mobx-react-lite Completed in 3662ms
475 timing reifyNode:node_modules/js-sdsl Completed in 3690ms
476 timing reifyNode:node_modules/@swc/helpers Completed in 3681ms
477 timing reifyNode:node_modules/@typescript-eslint/typescript-estree Completed in 3683ms
478 timing reifyNode:node_modules/eslint-plugin-import Completed in 3690ms
479 timing reifyNode:node_modules/@babel/runtime Completed in 3684ms
480 timing reifyNode:node_modules/eslint-plugin-react Completed in 3693ms
481 timing reifyNode:node_modules/resolve Completed in 3711ms
482 timing reifyNode:node_modules/eslint-plugin-react/node_modules/resolve Completed in 3705ms
483 http fetch GET 200 https://registry.npmjs.org/axios/-/axios-1.2.0.tgz 3571ms (cache miss)
484 timing reifyNode:node_modules/axios Completed in 3776ms
485 timing reifyNode:node_modules/react-dom Completed in 3822ms
486 timing reifyNode:node_modules/eslint-plugin-jsx-a11y Completed in 3821ms
487 timing reifyNode:node_modules/sass Completed in 3834ms
488 timing reifyNode:node_modules/@types/node Completed in 3884ms
489 timing reifyNode:node_modules/mobx Completed in 3923ms
490 timing reifyNode:node_modules/@motionone/dom Completed in 3971ms
491 timing reifyNode:node_modules/framer-motion Completed in 3987ms
492 timing reifyNode:node_modules/@babel/runtime-corejs3 Completed in 4008ms
493 timing reifyNode:node_modules/@typescript-eslint/scope-manager Completed in 4031ms
494 timing reifyNode:node_modules/eslint Completed in 4086ms
495 timing reifyNode:node_modules/caniuse-lite Completed in 4204ms
496 timing reifyNode:node_modules/es-abstract Completed in 4385ms
497 timing reifyNode:node_modules/react-icons Completed in 4849ms
498 timing reifyNode:node_modules/core-js-pure Completed in 4900ms
499 timing reifyNode:node_modules/typescript Completed in 5168ms
500 timing reifyNode:node_modules/@next/swc-linux-x64-musl Completed in 5245ms
501 timing reifyNode:node_modules/@next/swc-linux-x64-gnu Completed in 5249ms
502 timing reifyNode:node_modules/next Completed in 5598ms
503 timing reify:unpack Completed in 5607ms
504 timing reify:unretire Completed in 1ms
505 timing build:queue Completed in 9ms
506 timing build:link:node_modules/acorn Completed in 5ms
507 timing build:link:node_modules/eslint-plugin-jsx-a11y/node_modules/semver Completed in 3ms
508 timing build:link:node_modules/eslint-plugin-react/node_modules/resolve Completed in 4ms
509 timing build:link:node_modules/json5 Completed in 5ms
510 timing build:link:node_modules/eslint Completed in 6ms
511 timing build:link:node_modules/loose-envify Completed in 5ms
512 timing build:link:node_modules/js-yaml Completed in 5ms
513 timing build:link:node_modules/nanoid Completed in 5ms
514 timing build:link:node_modules/next Completed in 5ms
515 timing build:link:node_modules/prebuild-install Completed in 5ms
516 timing build:link:node_modules/rc Completed in 5ms
517 timing build:link:node_modules/resolve Completed in 5ms
518 timing build:link:node_modules/rimraf Completed in 5ms
519 timing build:link:node_modules/sass Completed in 5ms
520 timing build:link:node_modules/semver Completed in 4ms
521 timing build:link:node_modules/typescript Completed in 4ms
522 timing build:link:node_modules/which Completed in 4ms
523 timing build:link:node_modules/eslint-plugin-react/node_modules/semver Completed in 4ms
524 timing build:link Completed in 6ms
525 info run sharp@0.31.2 install node_modules/sharp (node install/libvips && node install/dll-copy && prebuild-install) || (node install/can-compile && node-gyp rebuild && node install/dll-copy)
526 info run sharp@0.31.2 install { code: 0, signal: null }
527 timing build:run:install:node_modules/sharp Completed in 4205ms
528 timing build:run:install Completed in 4205ms
529 info run core-js-pure@3.26.0 postinstall node_modules/core-js-pure node -e "try{require('./postinstall')}catch(e){}"
530 info run core-js-pure@3.26.0 postinstall { code: 0, signal: null }
531 timing build:run:postinstall:node_modules/core-js-pure Completed in 68ms
532 timing build:run:postinstall Completed in 68ms
533 timing build:deps Completed in 4288ms
534 timing build Completed in 4288ms
535 timing reify:build Completed in 4289ms
536 timing reify:trash Completed in 24ms
537 timing reify:save Completed in 68ms
538 timing reify Completed in 10265ms
539 silly ADD node_modules/yocto-queue
540 silly ADD node_modules/yallist
541 silly ADD node_modules/wrappy
542 silly ADD node_modules/word-wrap
543 silly ADD node_modules/which-boxed-primitive
544 silly ADD node_modules/which
545 silly ADD node_modules/util-deprecate
546 silly ADD node_modules/use-sync-external-store
547 silly ADD node_modules/uri-js
548 silly ADD node_modules/unbox-primitive
549 silly ADD node_modules/typescript
550 silly ADD node_modules/type-fest
551 silly ADD node_modules/type-check
552 silly ADD node_modules/tunnel-agent
553 silly ADD node_modules/tsutils
554 silly ADD node_modules/tsutils/node_modules/tslib
555 silly ADD node_modules/tslib
556 silly ADD node_modules/tsconfig-paths
557 silly ADD node_modules/to-regex-range
558 silly ADD node_modules/text-table
559 silly ADD node_modules/tar-stream
560 silly ADD node_modules/tar-fs
561 silly ADD node_modules/supports-preserve-symlinks-flag
562 silly ADD node_modules/supports-color
563 silly ADD node_modules/styled-jsx
564 silly ADD node_modules/style-value-types
565 silly ADD node_modules/style-value-types/node_modules/tslib
566 silly ADD node_modules/strip-json-comments
567 silly ADD node_modules/strip-bom
568 silly ADD node_modules/strip-ansi
569 silly ADD node_modules/string.prototype.trimstart
570 silly ADD node_modules/string.prototype.trimend
571 silly ADD node_modules/string.prototype.matchall
572 silly ADD node_modules/string_decoder
573 silly ADD node_modules/source-map-js
574 silly ADD node_modules/slash
575 silly ADD node_modules/simple-swizzle
576 silly ADD node_modules/simple-get
577 silly ADD node_modules/simple-concat
578 silly ADD node_modules/side-channel
579 silly ADD node_modules/shebang-regex
580 silly ADD node_modules/shebang-command
581 silly ADD node_modules/sharp
582 silly ADD node_modules/semver
583 silly ADD node_modules/scheduler
584 silly ADD node_modules/sass
585 silly ADD node_modules/safe-regex-test
586 silly ADD node_modules/safe-buffer
587 silly ADD node_modules/run-parallel
588 silly ADD node_modules/rimraf
589 silly ADD node_modules/reusify
590 silly ADD node_modules/resolve-from
591 silly ADD node_modules/resolve
592 silly ADD node_modules/regexpp
593 silly ADD node_modules/regexp.prototype.flags
594 silly ADD node_modules/regenerator-runtime
595 silly ADD node_modules/readdirp
596 silly ADD node_modules/readable-stream
597 silly ADD node_modules/react-is
598 silly ADD node_modules/react-icons
599 silly ADD node_modules/react-dom
600 silly ADD node_modules/react
601 silly ADD node_modules/rc
602 silly ADD node_modules/rc/node_modules/strip-json-comments
603 silly ADD node_modules/queue-microtask
604 silly ADD node_modules/punycode
605 silly ADD node_modules/pump
606 silly ADD node_modules/proxy-from-env
607 silly ADD node_modules/prop-types
608 silly ADD node_modules/prelude-ls
609 silly ADD node_modules/prebuild-install
610 silly ADD node_modules/postcss
611 silly ADD node_modules/popmotion
612 silly ADD node_modules/popmotion/node_modules/tslib
613 silly ADD node_modules/picomatch
614 silly ADD node_modules/picocolors
615 silly ADD node_modules/path-type
616 silly ADD node_modules/path-parse
617 silly ADD node_modules/path-key
618 silly ADD node_modules/path-is-absolute
619 silly ADD node_modules/path-exists
620 silly ADD node_modules/parent-module
621 silly ADD node_modules/p-locate
622 silly ADD node_modules/p-limit
623 silly ADD node_modules/optionator
624 silly ADD node_modules/once
625 silly ADD node_modules/object.values
626 silly ADD node_modules/object.hasown
627 silly ADD node_modules/object.fromentries
628 silly ADD node_modules/object.entries
629 silly ADD node_modules/object.assign
630 silly ADD node_modules/object-keys
631 silly ADD node_modules/object-inspect
632 silly ADD node_modules/object-assign
633 silly ADD node_modules/normalize-path
634 silly ADD node_modules/node-addon-api
635 silly ADD node_modules/node-abi
636 silly ADD node_modules/next
637 silly ADD node_modules/natural-compare
638 silly ADD node_modules/napi-build-utils
639 silly ADD node_modules/nanoid
640 silly ADD node_modules/ms
641 silly ADD node_modules/mobx-react-lite
642 silly ADD node_modules/mobx
643 silly ADD node_modules/mkdirp-classic
644 silly ADD node_modules/minimist
645 silly ADD node_modules/minimatch
646 silly ADD node_modules/mimic-response
647 silly ADD node_modules/mime-types
648 silly ADD node_modules/mime-db
649 silly ADD node_modules/micromatch
650 silly ADD node_modules/merge2
651 silly ADD node_modules/lru-cache
652 silly ADD node_modules/loose-envify
653 silly ADD node_modules/lodash.merge
654 silly ADD node_modules/locate-path
655 silly ADD node_modules/levn
656 silly ADD node_modules/language-tags
657 silly ADD node_modules/language-subtag-registry
658 silly ADD node_modules/jsx-ast-utils
659 silly ADD node_modules/json5
660 silly ADD node_modules/json-stable-stringify-without-jsonify
661 silly ADD node_modules/json-schema-traverse
662 silly ADD node_modules/js-yaml
663 silly ADD node_modules/js-tokens
664 silly ADD node_modules/js-sdsl
665 silly ADD node_modules/isexe
666 silly ADD node_modules/is-weakref
667 silly ADD node_modules/is-symbol
668 silly ADD node_modules/is-string
669 silly ADD node_modules/is-shared-array-buffer
670 silly ADD node_modules/is-regex
671 silly ADD node_modules/is-path-inside
672 silly ADD node_modules/is-number-object
673 silly ADD node_modules/is-number
674 silly ADD node_modules/is-negative-zero
675 silly ADD node_modules/is-glob
676 silly ADD node_modules/is-extglob
677 silly ADD node_modules/is-date-object
678 silly ADD node_modules/is-core-module
679 silly ADD node_modules/is-callable
680 silly ADD node_modules/is-boolean-object
681 silly ADD node_modules/is-binary-path
682 silly ADD node_modules/is-bigint
683 silly ADD node_modules/is-arrayish
684 silly ADD node_modules/internal-slot
685 silly ADD node_modules/ini
686 silly ADD node_modules/inherits
687 silly ADD node_modules/inflight
688 silly ADD node_modules/imurmurhash
689 silly ADD node_modules/import-fresh
690 silly ADD node_modules/immutable
691 silly ADD node_modules/ignore
692 silly ADD node_modules/ieee754
693 silly ADD node_modules/hey-listen
694 silly ADD node_modules/has-tostringtag
695 silly ADD node_modules/has-symbols
696 silly ADD node_modules/has-property-descriptors
697 silly ADD node_modules/has-flag
698 silly ADD node_modules/has-bigints
699 silly ADD node_modules/has
700 silly ADD node_modules/grapheme-splitter
701 silly ADD node_modules/globby
702 silly ADD node_modules/globals
703 silly ADD node_modules/glob-parent
704 silly ADD node_modules/glob
705 silly ADD node_modules/github-from-package
706 silly ADD node_modules/get-symbol-description
707 silly ADD node_modules/get-intrinsic
708 silly ADD node_modules/functions-have-names
709 silly ADD node_modules/function.prototype.name
710 silly ADD node_modules/function-bind
711 silly ADD
712 silly ADD node_modules/fs.realpath
713 silly ADD node_modules/fs-constants
714 silly ADD node_modules/framesync
715 silly ADD node_modules/framesync/node_modules/tslib
716 silly ADD node_modules/framer-motion
717 silly ADD node_modules/framer-motion/node_modules/tslib
718 silly ADD node_modules/form-data
719 silly ADD node_modules/follow-redirects
720 silly ADD node_modules/flatted
721 silly ADD node_modules/flat-cache
722 silly ADD node_modules/find-up
723 silly ADD node_modules/fill-range
724 silly ADD node_modules/file-entry-cache
725 silly ADD node_modules/fastq
726 silly ADD node_modules/fast-levenshtein
727 silly ADD node_modules/fast-json-stable-stringify
728 silly ADD node_modules/fast-glob
729 silly ADD node_modules/fast-glob/node_modules/glob-parent
730 silly ADD node_modules/fast-deep-equal
731 silly ADD node_modules/expand-template
732 silly ADD node_modules/esutils
733 silly ADD node_modules/estraverse
734 silly ADD node_modules/esrecurse
735 silly ADD node_modules/esquery
736 silly ADD node_modules/espree
737 silly ADD node_modules/eslint-visitor-keys
738 silly ADD node_modules/eslint-utils
739 silly ADD node_modules/eslint-utils/node_modules/eslint-visitor-keys
740 silly ADD node_modules/eslint-scope
741 silly ADD node_modules/eslint-plugin-react-hooks
742 silly ADD node_modules/eslint-plugin-react
743 silly ADD node_modules/eslint-plugin-react/node_modules/semver
744 silly ADD node_modules/eslint-plugin-react/node_modules/resolve
745 silly ADD node_modules/eslint-plugin-react/node_modules/doctrine
746 silly ADD node_modules/eslint-plugin-jsx-a11y
747 silly ADD node_modules/eslint-plugin-jsx-a11y/node_modules/semver
748 silly ADD node_modules/eslint-plugin-import
749 silly ADD node_modules/eslint-plugin-import/node_modules/ms
750 silly ADD node_modules/eslint-plugin-import/node_modules/doctrine
751 silly ADD node_modules/eslint-plugin-import/node_modules/debug
752 silly ADD node_modules/eslint-module-utils
753 silly ADD node_modules/eslint-module-utils/node_modules/debug
754 silly ADD node_modules/eslint-import-resolver-typescript
755 silly ADD node_modules/eslint-import-resolver-typescript/node_modules/glob
756 silly ADD node_modules/eslint-import-resolver-node
757 silly ADD node_modules/eslint-import-resolver-node/node_modules/debug
758 silly ADD node_modules/eslint-config-next
759 silly ADD node_modules/eslint
760 silly ADD node_modules/escape-string-regexp
761 silly ADD node_modules/es-to-primitive
762 silly ADD node_modules/es-shim-unscopables
763 silly ADD node_modules/es-abstract
764 silly ADD node_modules/end-of-stream
765 silly ADD node_modules/emoji-regex
766 silly ADD node_modules/doctrine
767 silly ADD node_modules/dir-glob
768 silly ADD node_modules/detect-libc
769 silly ADD node_modules/delayed-stream
770 silly ADD node_modules/define-properties
771 silly ADD node_modules/deep-is
772 silly ADD node_modules/deep-extend
773 silly ADD node_modules/decompress-response
774 silly ADD node_modules/debug
775 silly ADD node_modules/damerau-levenshtein
776 silly ADD node_modules/csstype
777 silly ADD node_modules/cross-spawn
778 silly ADD node_modules/core-js-pure
779 silly ADD node_modules/concat-map
780 silly ADD node_modules/combined-stream
781 silly ADD node_modules/color-string
782 silly ADD node_modules/color-name
783 silly ADD node_modules/color-convert
784 silly ADD node_modules/color
785 silly ADD node_modules/client-only
786 silly ADD node_modules/chownr
787 silly ADD node_modules/chokidar
788 silly ADD node_modules/chokidar/node_modules/glob-parent
789 silly ADD node_modules/chalk
790 silly ADD node_modules/caniuse-lite
791 silly ADD node_modules/callsites
792 silly ADD node_modules/call-bind
793 silly ADD node_modules/buffer
794 silly ADD node_modules/braces
795 silly ADD node_modules/brace-expansion
796 silly ADD node_modules/bl
797 silly ADD node_modules/binary-extensions
798 silly ADD node_modules/base64-js
799 silly ADD node_modules/balanced-match
800 silly ADD node_modules/axobject-query
801 silly ADD node_modules/axios
802 silly ADD node_modules/axe-core
803 silly ADD node_modules/asynckit
804 silly ADD node_modules/ast-types-flow
805 silly ADD node_modules/array.prototype.flatmap
806 silly ADD node_modules/array.prototype.flat
807 silly ADD node_modules/array-union
808 silly ADD node_modules/array-includes
809 silly ADD node_modules/aria-query
810 silly ADD node_modules/argparse
811 silly ADD node_modules/anymatch
812 silly ADD node_modules/ansi-styles
813 silly ADD node_modules/ansi-regex
814 silly ADD node_modules/ajv
815 silly ADD node_modules/acorn-jsx
816 silly ADD node_modules/acorn
817 silly ADD node_modules/@typescript-eslint/visitor-keys
818 silly ADD node_modules/@typescript-eslint/typescript-estree
819 silly ADD node_modules/@typescript-eslint/types
820 silly ADD node_modules/@typescript-eslint/scope-manager
821 silly ADD node_modules/@typescript-eslint/parser
822 silly ADD node_modules/@types/scheduler
823 silly ADD node_modules/@types/react-dom
824 silly ADD node_modules/@types/react
825 silly ADD node_modules/@types/prop-types
826 silly ADD node_modules/@types/node
827 silly ADD node_modules/@types/json5
828 silly ADD node_modules/@swc/helpers
829 silly ADD node_modules/@rushstack/eslint-patch
830 silly ADD node_modules/@nodelib/fs.walk
831 silly ADD node_modules/@nodelib/fs.stat
832 silly ADD node_modules/@nodelib/fs.scandir
833 silly ADD
834 silly ADD
835 silly ADD
836 silly ADD node_modules/@next/swc-linux-x64-musl
837 silly ADD node_modules/@next/swc-linux-x64-gnu
838 silly ADD
839 silly ADD
840 silly ADD
841 silly ADD
842 silly ADD
843 silly ADD
844 silly ADD
845 silly ADD
846 silly ADD node_modules/@next/eslint-plugin-next
847 silly ADD node_modules/@next/env
848 silly ADD node_modules/@motionone/utils
849 silly ADD node_modules/@motionone/types
850 silly ADD node_modules/@motionone/generators
851 silly ADD node_modules/@motionone/easing
852 silly ADD node_modules/@motionone/dom
853 silly ADD node_modules/@motionone/animation
854 silly ADD node_modules/@humanwhocodes/object-schema
855 silly ADD node_modules/@humanwhocodes/module-importer
856 silly ADD node_modules/@humanwhocodes/config-array
857 silly ADD node_modules/@eslint/eslintrc
858 silly ADD node_modules/@emotion/memoize
859 silly ADD node_modules/@emotion/is-prop-valid
860 silly ADD node_modules/@babel/runtime-corejs3
861 silly ADD node_modules/@babel/runtime
862 timing command:i Completed in 10284ms
863 verbose exit 0
864 timing npm Completed in 10318ms
865 info ok
