0 verbose cli /usr/bin/node /usr/bin/npm
1 info using npm@9.1.2
2 info using node@v16.18.1
3 timing npm:load:whichnode Completed in 0ms
4 timing config:load:defaults Completed in 4ms
5 timing config:load:file:/usr/lib/node_modules/npm/npmrc Completed in 1ms
6 timing config:load:builtin Completed in 1ms
7 timing config:load:cli Completed in 1ms
8 timing config:load:env Completed in 0ms
9 timing config:load:file:/home/ikotelevets/.cache/typescript/4.9/.npmrc Completed in 0ms
10 timing config:load:project Completed in 1ms
11 timing config:load:file:/home/ikotelevets/.npmrc Completed in 0ms
12 timing config:load:user Completed in 1ms
13 timing config:load:file:/usr/etc/npmrc Completed in 0ms
14 timing config:load:global Completed in 0ms
15 timing config:load:setEnvs Completed in 1ms
16 timing config:load Completed in 11ms
17 timing npm:load:configload Completed in 11ms
18 timing npm:load:mkdirpcache Completed in 0ms
19 timing npm:load:mkdirplogs Completed in 0ms
20 verbose title npm install types-registry@latest
21 verbose argv "install" "--ignore-scripts" "types-registry@latest"
22 timing npm:load:setTitle Completed in 1ms
23 timing config:load:flatten Completed in 3ms
24 timing npm:load:display Completed in 4ms
25 verbose logfile logs-max:10 dir:/home/ikotelevets/.npm/_logs/2023-01-07T21_09_13_859Z-
26 verbose logfile /home/ikotelevets/.npm/_logs/2023-01-07T21_09_13_859Z-debug-0.log
27 timing npm:load:logFile Completed in 4ms
28 timing npm:load:timers Completed in 0ms
29 timing npm:load:configScope Completed in 0ms
30 timing npm:load Completed in 20ms
31 silly logfile start cleaning logs, removing 1 files
32 timing config:load:flatten Completed in 1ms
33 timing arborist:ctor Completed in 1ms
34 silly logfile done cleaning log files
35 timing arborist:ctor Completed in 0ms
36 timing idealTree:init Completed in 11ms
37 http fetch GET 200 https://registry.npmjs.org/types-registry 108ms (cache miss)
38 timing idealTree:userRequests Completed in 115ms
39 silly idealTree buildDeps
40 silly fetch manifest types-registry@0.1.625
41 silly placeDep ROOT types-registry@0.1.625 OK for:  want: 0.1.625
42 timing idealTree:#root Completed in 7ms
43 timing idealTree:node_modules/types-registry Completed in 0ms
44 timing idealTree:buildDeps Completed in 7ms
45 timing idealTree:fixDepFlags Completed in 1ms
46 timing idealTree Completed in 135ms
47 timing reify:loadTrees Completed in 136ms
48 timing reify:diffTrees Completed in 1ms
49 silly reify moves {}
50 timing reify:retireShallow Completed in 1ms
51 timing reify:createSparse Completed in 1ms
52 timing reify:loadBundles Completed in 0ms
53 silly audit bulk request { 'types-registry': [ '0.1.625' ] }
54 silly tarball no local data for types-registry@https://registry.npmjs.org/types-registry/-/types-registry-0.1.625.tgz. Extracting by manifest.
55 http fetch GET 200 https://registry.npmjs.org/npm 247ms (cache updated)
56 http fetch GET 200 https://registry.npmjs.org/types-registry/-/types-registry-0.1.625.tgz 120ms (cache miss)
57 timing reifyNode:node_modules/types-registry Completed in 126ms
58 timing reify:unpack Completed in 127ms
59 timing reify:unretire Completed in 0ms
60 timing build:queue Completed in 0ms
61 timing build:deps Completed in 0ms
62 timing build Completed in 0ms
63 timing reify:build Completed in 1ms
64 timing reify:trash Completed in 0ms
65 timing reify:save Completed in 4ms
66 http fetch POST 200 https://registry.npmjs.org/-/npm/v1/security/advisories/bulk 296ms
67 timing auditReport:getReport Completed in 297ms
68 silly audit report {}
69 timing auditReport:init Completed in 0ms
70 timing reify:audit Completed in 298ms
71 timing reify Completed in 447ms
72 silly ADD node_modules/types-registry
73 timing command:install Completed in 452ms
74 notice
74 notice New minor version of npm available! 9.1.2 -> 9.2.0
74 notice Changelog: <https://github.com/npm/cli/releases/tag/v9.2.0>
74 notice Run `npm install -g npm@9.2.0` to update!
74 notice
75 verbose exit 0
76 timing npm Completed in 491ms
77 info ok
