2023-01-10 22:56:09.326 [info] Log level: Info
2023-01-10 22:56:09.326 [info] Validating found git in: "git"
2023-01-10 22:56:09.326 [info] Using git "2.30.2" from "git"
2023-01-10 22:56:09.326 [info] > git rev-parse --show-toplevel [52ms]
2023-01-10 22:56:09.326 [info] fatal: not a git repository (or any of the parent directories): .git
2023-01-10 22:56:09.326 [info] > git rev-parse --show-toplevel [1ms]
2023-01-10 22:56:09.326 [info] fatal: not a git repository (or any of the parent directories): .git
2023-01-10 22:56:09.326 [info] > git rev-parse --show-toplevel [1ms]
2023-01-10 22:56:09.326 [info] fatal: not a git repository (or any of the parent directories): .git
2023-01-10 22:56:09.326 [info] > git rev-parse --show-toplevel [2ms]
2023-01-10 22:56:09.326 [info] fatal: not a git repository (or any of the parent directories): .git
2023-01-10 22:56:09.326 [info] > git rev-parse --show-toplevel [1ms]
2023-01-10 22:56:09.326 [info] fatal: not a git repository (or any of the parent directories): .git
2023-01-10 22:56:09.326 [info] > git rev-parse --show-toplevel [1ms]
2023-01-10 22:56:09.327 [info] fatal: not a git repository (or any of the parent directories): .git
2023-01-10 22:56:09.327 [info] > git rev-parse --show-toplevel [1ms]
2023-01-10 22:56:09.327 [info] > git rev-parse --git-dir --git-common-dir [5ms]
2023-01-10 22:56:09.327 [info] Open repository: /home/ikotelevets/DigOfJustice
2023-01-10 22:56:09.327 [info] > git fetch [11ms]
2023-01-10 22:56:09.327 [info] error: cannot open .git/FETCH_HEAD: Permission denied
2023-01-10 22:56:09.327 [info] > git config --get commit.template [3ms]
2023-01-10 22:56:09.327 [info] > git rev-parse --show-toplevel [8ms]
2023-01-10 22:56:09.327 [info] fatal: not a git repository (or any of the parent directories): .git
2023-01-10 22:56:09.327 [info] > git for-each-ref --format=%(refname)%00%(upstream:short)%00%(objectname)%00%(upstream:track)%00%(upstream:remotename)%00%(upstream:remoteref) refs/heads/master refs/remotes/master [1ms]
2023-01-10 22:56:09.327 [info] > git status -z -uall [42ms]
2023-01-10 22:56:09.327 [info] > git for-each-ref --sort -committerdate --format %(refname) %(objectname) %(*objectname) [39ms]
2023-01-10 22:56:09.327 [info] > git config --get commit.template [2ms]
2023-01-10 22:56:09.327 [info] > git for-each-ref --format=%(refname)%00%(upstream:short)%00%(objectname)%00%(upstream:track)%00%(upstream:remotename)%00%(upstream:remoteref) refs/heads/master refs/remotes/master [2ms]
2023-01-10 22:56:09.327 [info] > git for-each-ref --sort -committerdate --format %(refname) %(objectname) %(*objectname) [2ms]
2023-01-10 22:56:09.327 [info] > git status -z -uall [33ms]
2023-01-10 22:56:09.497 [info] > git rev-parse --show-toplevel [1ms]
2023-01-10 22:56:09.497 [info] fatal: not a git repository (or any of the parent directories): .git
2023-01-10 22:56:09.600 [info] > git rev-parse --show-toplevel [1ms]
2023-01-10 22:56:09.600 [info] fatal: not a git repository (or any of the parent directories): .git
2023-01-10 22:56:09.605 [info] > git rev-parse --show-toplevel [1ms]
2023-01-10 22:56:09.605 [info] fatal: not a git repository (or any of the parent directories): .git
2023-01-10 22:56:09.634 [info] > git check-ignore -v -z --stdin [2ms]
2023-01-10 22:56:12.885 [info] > git check-ignore -v -z --stdin [1ms]
2023-01-10 22:56:24.885 [info] > git check-ignore -v -z --stdin [1ms]
2023-01-10 22:57:03.608 [warning] ENOENT: no such file or directory, open '/home/ikotelevets/DigOfJustice/.git/HEAD'
2023-01-10 22:57:03.615 [warning] ENOENT: no such file or directory, open '/home/ikotelevets/DigOfJustice/.git/config'
