2023-01-08 01:47:01.880 [info] Log level: Info
2023-01-08 01:47:01.880 [info] Validating found git in: "git"
2023-01-08 01:47:01.880 [info] Using git "2.30.2" from "git"
2023-01-08 01:47:01.880 [info] > git rev-parse --show-toplevel [4ms]
2023-01-08 01:47:01.880 [info] > git rev-parse --git-dir --git-common-dir [2ms]
2023-01-08 01:47:01.880 [info] Open repository: /home/ikotelevets/DigOfJustice
2023-01-08 01:47:01.880 [info] > git rev-parse --show-toplevel [5ms]
2023-01-08 01:47:01.880 [info] > git config --get commit.template [6ms]
2023-01-08 01:47:01.880 [info] > git rev-parse --show-toplevel [3ms]
2023-01-08 01:47:01.880 [info] > git rev-parse --show-toplevel [6ms]
2023-01-08 01:47:01.881 [info] > git for-each-ref --format=%(refname)%00%(upstream:short)%00%(objectname)%00%(upstream:track)%00%(upstream:remotename)%00%(upstream:remoteref) refs/heads/master refs/remotes/master [6ms]
2023-01-08 01:47:01.881 [info] > git status -z -uall [8ms]
2023-01-08 01:47:01.881 [info] > git rev-parse --show-toplevel [15ms]
2023-01-08 01:47:01.881 [info] > git for-each-ref --sort -committerdate --format %(refname) %(objectname) %(*objectname) [10ms]
2023-01-08 01:47:01.881 [info] > git rev-parse --show-toplevel [12ms]
2023-01-08 01:47:01.881 [info] > git config --get commit.template [5ms]
2023-01-08 01:47:01.881 [info] > git rev-parse --show-toplevel [2ms]
2023-01-08 01:47:01.881 [info] > git for-each-ref --format=%(refname)%00%(upstream:short)%00%(objectname)%00%(upstream:track)%00%(upstream:remotename)%00%(upstream:remoteref) refs/heads/master refs/remotes/master [2ms]
2023-01-08 01:47:01.881 [info] > git status -z -uall [4ms]
2023-01-08 01:47:01.881 [info] > git for-each-ref --sort -committerdate --format %(refname) %(objectname) %(*objectname) [8ms]
2023-01-08 01:47:02.319 [info] > git check-ignore -v -z --stdin [1ms]
2023-01-08 01:47:02.342 [info] > git fetch [625ms]
2023-01-08 01:47:02.352 [info] > git config --get commit.template [5ms]
2023-01-08 01:47:02.353 [info] > git for-each-ref --format=%(refname)%00%(upstream:short)%00%(objectname)%00%(upstream:track)%00%(upstream:remotename)%00%(upstream:remoteref) refs/heads/master refs/remotes/master [2ms]
2023-01-08 01:47:02.361 [info] > git status -z -uall [4ms]
2023-01-08 01:47:02.362 [info] > git for-each-ref --sort -committerdate --format %(refname) %(objectname) %(*objectname) [2ms]
2023-01-08 01:47:03.410 [info] > git config --get commit.template [5ms]
2023-01-08 01:47:03.411 [info] > git for-each-ref --format=%(refname)%00%(upstream:short)%00%(objectname)%00%(upstream:track)%00%(upstream:remotename)%00%(upstream:remoteref) refs/heads/master refs/remotes/master [2ms]
2023-01-08 01:47:03.419 [info] > git status -z -uall [5ms]
2023-01-08 01:47:03.420 [info] > git for-each-ref --sort -committerdate --format %(refname) %(objectname) %(*objectname) [2ms]
2023-01-08 01:47:04.078 [info] > git show --textconv :Dockerfile [6ms]
2023-01-08 01:47:04.079 [info] > git ls-files --stage -- /home/ikotelevets/DigOfJustice/Dockerfile [2ms]
2023-01-08 01:47:04.084 [info] > git cat-file -s 9064e34b59d349744e8e0404ddb5b2d6ef82b1aa [2ms]
2023-01-08 01:47:29.178 [info] > git config --get commit.template [5ms]
2023-01-08 01:47:29.179 [info] > git for-each-ref --format=%(refname)%00%(upstream:short)%00%(objectname)%00%(upstream:track)%00%(upstream:remotename)%00%(upstream:remoteref) refs/heads/master refs/remotes/master [1ms]
2023-01-08 01:47:29.187 [info] > git status -z -uall [5ms]
2023-01-08 01:47:29.188 [info] > git for-each-ref --sort -committerdate --format %(refname) %(objectname) %(*objectname) [2ms]
2023-01-08 01:47:34.202 [info] > git config --get commit.template [1ms]
2023-01-08 01:47:34.207 [info] > git for-each-ref --format=%(refname)%00%(upstream:short)%00%(objectname)%00%(upstream:track)%00%(upstream:remotename)%00%(upstream:remoteref) refs/heads/master refs/remotes/master [2ms]
2023-01-08 01:47:34.216 [info] > git status -z -uall [4ms]
2023-01-08 01:47:34.216 [info] > git for-each-ref --sort -committerdate --format %(refname) %(objectname) %(*objectname) [1ms]
2023-01-08 01:47:39.230 [info] > git config --get commit.template [5ms]
2023-01-08 01:47:39.230 [info] > git for-each-ref --format=%(refname)%00%(upstream:short)%00%(objectname)%00%(upstream:track)%00%(upstream:remotename)%00%(upstream:remoteref) refs/heads/master refs/remotes/master [1ms]
2023-01-08 01:47:39.239 [info] > git status -z -uall [5ms]
2023-01-08 01:47:39.240 [info] > git for-each-ref --sort -committerdate --format %(refname) %(objectname) %(*objectname) [3ms]
2023-01-08 01:47:44.602 [info] > git config --get commit.template [4ms]
2023-01-08 01:47:44.603 [info] > git for-each-ref --format=%(refname)%00%(upstream:short)%00%(objectname)%00%(upstream:track)%00%(upstream:remotename)%00%(upstream:remoteref) refs/heads/master refs/remotes/master [1ms]
2023-01-08 01:47:44.611 [info] > git status -z -uall [4ms]
2023-01-08 01:47:44.612 [info] > git for-each-ref --sort -committerdate --format %(refname) %(objectname) %(*objectname) [2ms]
2023-01-08 01:47:48.782 [info] > git check-ignore -v -z --stdin [1ms]
2023-01-08 01:47:49.624 [info] > git config --get commit.template [5ms]
2023-01-08 01:47:49.624 [info] > git for-each-ref --format=%(refname)%00%(upstream:short)%00%(objectname)%00%(upstream:track)%00%(upstream:remotename)%00%(upstream:remoteref) refs/heads/master refs/remotes/master [1ms]
2023-01-08 01:47:49.633 [info] > git status -z -uall [4ms]
2023-01-08 01:47:49.634 [info] > git for-each-ref --sort -committerdate --format %(refname) %(objectname) %(*objectname) [2ms]
2023-01-08 01:48:12.733 [info] > git check-ignore -v -z --stdin [1ms]
2023-01-08 01:48:13.619 [info] > git show --textconv :client/Dockerfile [5ms]
2023-01-08 01:48:13.620 [info] > git ls-files --stage -- /home/ikotelevets/DigOfJustice/client/Dockerfile [2ms]
2023-01-08 01:48:13.625 [info] > git cat-file -s eb842e1022b04361ab167b3a5c214f076bae7e83 [2ms]
2023-01-08 01:48:19.772 [info] > git config --get commit.template [5ms]
2023-01-08 01:48:19.772 [info] > git for-each-ref --format=%(refname)%00%(upstream:short)%00%(objectname)%00%(upstream:track)%00%(upstream:remotename)%00%(upstream:remoteref) refs/heads/master refs/remotes/master [1ms]
2023-01-08 01:48:19.782 [info] > git status -z -uall [4ms]
2023-01-08 01:48:19.785 [info] > git for-each-ref --sort -committerdate --format %(refname) %(objectname) %(*objectname) [3ms]
2023-01-08 01:48:22.805 [info] > git show --textconv :client/.env [6ms]
2023-01-08 01:48:22.806 [info] > git ls-files --stage -- /home/ikotelevets/DigOfJustice/client/.env [2ms]
2023-01-08 01:48:22.811 [info] > git cat-file -s 0f29e215569444aeb3c95284a2506d74ae96061c [1ms]
2023-01-08 01:48:30.254 [info] > git config --get commit.template [5ms]
2023-01-08 01:48:30.255 [info] > git for-each-ref --format=%(refname)%00%(upstream:short)%00%(objectname)%00%(upstream:track)%00%(upstream:remotename)%00%(upstream:remoteref) refs/heads/master refs/remotes/master [2ms]
2023-01-08 01:48:30.263 [info] > git status -z -uall [5ms]
2023-01-08 01:48:30.264 [info] > git for-each-ref --sort -committerdate --format %(refname) %(objectname) %(*objectname) [2ms]
2023-01-08 01:48:34.818 [info] > git show --textconv :client/next.config.js [6ms]
2023-01-08 01:48:34.819 [info] > git ls-files --stage -- /home/ikotelevets/DigOfJustice/client/next.config.js [2ms]
2023-01-08 01:48:34.829 [info] > git cat-file -s e55c1ccd1285164d87eba886e3ef28dba7946996 [3ms]
2023-01-08 01:48:35.280 [info] > git config --get commit.template [6ms]
2023-01-08 01:48:35.280 [info] > git for-each-ref --format=%(refname)%00%(upstream:short)%00%(objectname)%00%(upstream:track)%00%(upstream:remotename)%00%(upstream:remoteref) refs/heads/master refs/remotes/master [2ms]
2023-01-08 01:48:35.289 [info] > git status -z -uall [5ms]
2023-01-08 01:48:35.290 [info] > git for-each-ref --sort -committerdate --format %(refname) %(objectname) %(*objectname) [2ms]
2023-01-08 01:48:48.991 [info] > git config --get commit.template [1ms]
2023-01-08 01:48:48.997 [info] > git for-each-ref --format=%(refname)%00%(upstream:short)%00%(objectname)%00%(upstream:track)%00%(upstream:remotename)%00%(upstream:remoteref) refs/heads/master refs/remotes/master [1ms]
2023-01-08 01:48:49.007 [info] > git status -z -uall [5ms]
2023-01-08 01:48:49.008 [info] > git for-each-ref --sort -committerdate --format %(refname) %(objectname) %(*objectname) [2ms]
2023-01-08 01:48:52.632 [info] > git show --textconv :.env [5ms]
2023-01-08 01:48:52.632 [info] > git ls-files --stage -- /home/ikotelevets/DigOfJustice/.env [1ms]
2023-01-08 01:48:52.637 [info] > git cat-file -s 0f29e215569444aeb3c95284a2506d74ae96061c [1ms]
2023-01-08 01:48:54.021 [info] > git config --get commit.template [5ms]
2023-01-08 01:48:54.021 [info] > git for-each-ref --format=%(refname)%00%(upstream:short)%00%(objectname)%00%(upstream:track)%00%(upstream:remotename)%00%(upstream:remoteref) refs/heads/master refs/remotes/master [1ms]
2023-01-08 01:48:54.031 [info] > git status -z -uall [5ms]
2023-01-08 01:48:54.031 [info] > git for-each-ref --sort -committerdate --format %(refname) %(objectname) %(*objectname) [2ms]
2023-01-08 01:48:59.045 [info] > git config --get commit.template [5ms]
2023-01-08 01:48:59.046 [info] > git for-each-ref --format=%(refname)%00%(upstream:short)%00%(objectname)%00%(upstream:track)%00%(upstream:remotename)%00%(upstream:remoteref) refs/heads/master refs/remotes/master [2ms]
2023-01-08 01:48:59.054 [info] > git status -z -uall [4ms]
2023-01-08 01:48:59.055 [info] > git for-each-ref --sort -committerdate --format %(refname) %(objectname) %(*objectname) [2ms]
2023-01-08 01:49:01.744 [info] > git show --textconv HEAD:client/next.config.js [5ms]
2023-01-08 01:49:01.745 [info] > git ls-tree -l HEAD -- /home/ikotelevets/DigOfJustice/client/next.config.js [1ms]
2023-01-08 01:49:02.720 [info] > git show --textconv HEAD:client/.env [5ms]
2023-01-08 01:49:02.722 [info] > git ls-tree -l HEAD -- /home/ikotelevets/DigOfJustice/client/.env [3ms]
2023-01-08 01:49:03.872 [info] > git show --textconv HEAD:.env [5ms]
2023-01-08 01:49:03.873 [info] > git ls-tree -l HEAD -- /home/ikotelevets/DigOfJustice/.env [1ms]
2023-01-08 01:49:04.067 [info] > git config --get commit.template [5ms]
2023-01-08 01:49:04.067 [info] > git for-each-ref --format=%(refname)%00%(upstream:short)%00%(objectname)%00%(upstream:track)%00%(upstream:remotename)%00%(upstream:remoteref) refs/heads/master refs/remotes/master [1ms]
2023-01-08 01:49:04.077 [info] > git status -z -uall [5ms]
2023-01-08 01:49:04.078 [info] > git for-each-ref --sort -committerdate --format %(refname) %(objectname) %(*objectname) [2ms]
2023-01-08 01:49:10.192 [info] > git check-ignore -v -z --stdin [2ms]
2023-01-08 01:49:11.008 [info] > git check-ignore -v -z --stdin [1ms]
2023-01-08 01:49:11.086 [info] > git show --textconv :database/connectDb.js [5ms]
2023-01-08 01:49:11.087 [info] > git ls-files --stage -- /home/ikotelevets/DigOfJustice/database/connectDb.js [2ms]
2023-01-08 01:49:11.092 [info] > git cat-file -s f3befd15029f2a76889c5c28e21d56ece2b954ad [1ms]
2023-01-08 01:49:15.347 [info] > git config --get commit.template [5ms]
2023-01-08 01:49:15.348 [info] > git for-each-ref --format=%(refname)%00%(upstream:short)%00%(objectname)%00%(upstream:track)%00%(upstream:remotename)%00%(upstream:remoteref) refs/heads/master refs/remotes/master [2ms]
2023-01-08 01:49:15.356 [info] > git status -z -uall [4ms]
2023-01-08 01:49:15.357 [info] > git for-each-ref --sort -committerdate --format %(refname) %(objectname) %(*objectname) [2ms]
2023-01-08 01:49:20.370 [info] > git config --get commit.template [5ms]
2023-01-08 01:49:20.371 [info] > git for-each-ref --format=%(refname)%00%(upstream:short)%00%(objectname)%00%(upstream:track)%00%(upstream:remotename)%00%(upstream:remoteref) refs/heads/master refs/remotes/master [2ms]
2023-01-08 01:49:20.379 [info] > git status -z -uall [4ms]
2023-01-08 01:49:20.380 [info] > git for-each-ref --sort -committerdate --format %(refname) %(objectname) %(*objectname) [2ms]
2023-01-08 01:50:02.882 [info] > git fetch [513ms]
2023-01-08 01:50:02.897 [info] > git config --get commit.template [4ms]
2023-01-08 01:50:02.897 [info] > git for-each-ref --format=%(refname)%00%(upstream:short)%00%(objectname)%00%(upstream:track)%00%(upstream:remotename)%00%(upstream:remoteref) refs/heads/master refs/remotes/master [1ms]
2023-01-08 01:50:02.906 [info] > git status -z -uall [4ms]
2023-01-08 01:50:02.906 [info] > git for-each-ref --sort -committerdate --format %(refname) %(objectname) %(*objectname) [1ms]
2023-01-08 01:50:03.950 [info] > git config --get commit.template [5ms]
2023-01-08 01:50:03.951 [info] > git for-each-ref --format=%(refname)%00%(upstream:short)%00%(objectname)%00%(upstream:track)%00%(upstream:remotename)%00%(upstream:remoteref) refs/heads/master refs/remotes/master [1ms]
2023-01-08 01:50:03.959 [info] > git status -z -uall [4ms]
2023-01-08 01:50:03.961 [info] > git for-each-ref --sort -committerdate --format %(refname) %(objectname) %(*objectname) [2ms]
2023-01-08 01:50:04.083 [info] > git ls-files --stage -- /home/ikotelevets/DigOfJustice/database/connectDb.js [3ms]
2023-01-08 01:50:04.087 [info] > git ls-files --stage -- /home/ikotelevets/DigOfJustice/.env [12ms]
2023-01-08 01:50:04.091 [info] > git ls-files --stage -- /home/ikotelevets/DigOfJustice/client/next.config.js [20ms]
2023-01-08 01:50:04.095 [info] > git ls-files --stage -- /home/ikotelevets/DigOfJustice/client/.env [28ms]
2023-01-08 01:50:04.099 [info] > git ls-files --stage -- /home/ikotelevets/DigOfJustice/client/Dockerfile [36ms]
2023-01-08 01:50:04.103 [info] > git ls-files --stage -- /home/ikotelevets/DigOfJustice/Dockerfile [44ms]
2023-01-08 01:50:04.109 [info] > git cat-file -s eb842e1022b04361ab167b3a5c214f076bae7e83 [6ms]
2023-01-08 01:50:04.110 [info] > git cat-file -s 0f29e215569444aeb3c95284a2506d74ae96061c [11ms]
2023-01-08 01:50:04.110 [info] > git cat-file -s e55c1ccd1285164d87eba886e3ef28dba7946996 [16ms]
2023-01-08 01:50:04.110 [info] > git cat-file -s 0f29e215569444aeb3c95284a2506d74ae96061c [20ms]
2023-01-08 01:50:04.111 [info] > git cat-file -s f3befd15029f2a76889c5c28e21d56ece2b954ad [24ms]
2023-01-08 01:50:04.111 [info] > git cat-file -s 9064e34b59d349744e8e0404ddb5b2d6ef82b1aa [4ms]
2023-01-08 01:50:04.147 [info] > git show --textconv :client/Dockerfile [17ms]
2023-01-08 01:50:04.147 [info] > git show --textconv :client/.env [13ms]
2023-01-08 01:50:04.147 [info] > git show --textconv :client/next.config.js [9ms]
2023-01-08 01:50:04.147 [info] > git show --textconv :.env [5ms]
2023-01-08 01:50:04.147 [info] > git show --textconv :database/connectDb.js [1ms]
2023-01-08 01:50:04.154 [info] > git show --textconv :Dockerfile [2ms]
2023-01-08 01:50:24.829 [info] > git config --get commit.template [5ms]
2023-01-08 01:50:24.829 [info] > git for-each-ref --format=%(refname)%00%(upstream:short)%00%(objectname)%00%(upstream:track)%00%(upstream:remotename)%00%(upstream:remoteref) refs/heads/master refs/remotes/master [1ms]
2023-01-08 01:50:24.837 [info] > git status -z -uall [4ms]
2023-01-08 01:50:24.839 [info] > git for-each-ref --sort -committerdate --format %(refname) %(objectname) %(*objectname) [1ms]
2023-01-08 01:51:33.601 [info] > git config --get commit.template [1ms]
2023-01-08 01:51:33.607 [info] > git for-each-ref --format=%(refname)%00%(upstream:short)%00%(objectname)%00%(upstream:track)%00%(upstream:remotename)%00%(upstream:remoteref) refs/heads/master refs/remotes/master [2ms]
2023-01-08 01:51:33.615 [info] > git status -z -uall [4ms]
2023-01-08 01:51:33.616 [info] > git for-each-ref --sort -committerdate --format %(refname) %(objectname) %(*objectname) [1ms]
2023-01-08 01:54:12.801 [info] > git fetch [517ms]
2023-01-08 01:54:12.812 [info] > git config --get commit.template [5ms]
2023-01-08 01:54:12.812 [info] > git for-each-ref --format=%(refname)%00%(upstream:short)%00%(objectname)%00%(upstream:track)%00%(upstream:remotename)%00%(upstream:remoteref) refs/heads/master refs/remotes/master [1ms]
2023-01-08 01:54:12.821 [info] > git status -z -uall [5ms]
2023-01-08 01:54:12.822 [info] > git for-each-ref --sort -committerdate --format %(refname) %(objectname) %(*objectname) [1ms]
2023-01-08 01:54:13.870 [info] > git config --get commit.template [5ms]
2023-01-08 01:54:13.870 [info] > git for-each-ref --format=%(refname)%00%(upstream:short)%00%(objectname)%00%(upstream:track)%00%(upstream:remotename)%00%(upstream:remoteref) refs/heads/master refs/remotes/master [1ms]
2023-01-08 01:54:13.878 [info] > git status -z -uall [4ms]
2023-01-08 01:54:13.879 [info] > git for-each-ref --sort -committerdate --format %(refname) %(objectname) %(*objectname) [1ms]
2023-01-08 01:54:13.996 [info] > git ls-files --stage -- /home/ikotelevets/DigOfJustice/database/connectDb.js [3ms]
2023-01-08 01:54:14.000 [info] > git ls-files --stage -- /home/ikotelevets/DigOfJustice/.env [11ms]
2023-01-08 01:54:14.004 [info] > git ls-files --stage -- /home/ikotelevets/DigOfJustice/client/next.config.js [19ms]
2023-01-08 01:54:14.008 [info] > git ls-files --stage -- /home/ikotelevets/DigOfJustice/client/.env [26ms]
2023-01-08 01:54:14.011 [info] > git ls-files --stage -- /home/ikotelevets/DigOfJustice/client/Dockerfile [34ms]
2023-01-08 01:54:14.015 [info] > git ls-files --stage -- /home/ikotelevets/DigOfJustice/Dockerfile [42ms]
2023-01-08 01:54:14.020 [info] > git cat-file -s eb842e1022b04361ab167b3a5c214f076bae7e83 [5ms]
2023-01-08 01:54:14.020 [info] > git cat-file -s 0f29e215569444aeb3c95284a2506d74ae96061c [9ms]
2023-01-08 01:54:14.021 [info] > git cat-file -s e55c1ccd1285164d87eba886e3ef28dba7946996 [14ms]
2023-01-08 01:54:14.021 [info] > git cat-file -s 0f29e215569444aeb3c95284a2506d74ae96061c [18ms]
2023-01-08 01:54:14.021 [info] > git cat-file -s f3befd15029f2a76889c5c28e21d56ece2b954ad [21ms]
2023-01-08 01:54:14.023 [info] > git cat-file -s 9064e34b59d349744e8e0404ddb5b2d6ef82b1aa [4ms]
2023-01-08 01:54:14.052 [info] > git show --textconv :client/Dockerfile [17ms]
2023-01-08 01:54:14.052 [info] > git show --textconv :client/.env [13ms]
2023-01-08 01:54:14.052 [info] > git show --textconv :client/next.config.js [9ms]
2023-01-08 01:54:14.052 [info] > git show --textconv :.env [5ms]
2023-01-08 01:54:14.053 [info] > git show --textconv :database/connectDb.js [2ms]
2023-01-08 01:54:14.059 [info] > git show --textconv :Dockerfile [2ms]
2023-01-08 01:54:18.893 [info] > git config --get commit.template [5ms]
2023-01-08 01:54:18.894 [info] > git for-each-ref --format=%(refname)%00%(upstream:short)%00%(objectname)%00%(upstream:track)%00%(upstream:remotename)%00%(upstream:remoteref) refs/heads/master refs/remotes/master [1ms]
2023-01-08 01:54:18.902 [info] > git status -z -uall [4ms]
2023-01-08 01:54:18.903 [info] > git for-each-ref --sort -committerdate --format %(refname) %(objectname) %(*objectname) [1ms]
2023-01-08 01:56:22.091 [info] > git config --get commit.template [6ms]
2023-01-08 01:56:22.092 [info] > git for-each-ref --format=%(refname)%00%(upstream:short)%00%(objectname)%00%(upstream:track)%00%(upstream:remotename)%00%(upstream:remoteref) refs/heads/master refs/remotes/master [1ms]
2023-01-08 01:56:22.100 [info] > git status -z -uall [5ms]
2023-01-08 01:56:22.100 [info] > git for-each-ref --sort -committerdate --format %(refname) %(objectname) %(*objectname) [1ms]
2023-01-08 02:01:29.906 [info] > git fetch [479ms]
2023-01-08 02:01:29.917 [info] > git config --get commit.template [5ms]
2023-01-08 02:01:29.918 [info] > git for-each-ref --format=%(refname)%00%(upstream:short)%00%(objectname)%00%(upstream:track)%00%(upstream:remotename)%00%(upstream:remoteref) refs/heads/master refs/remotes/master [2ms]
2023-01-08 02:01:29.926 [info] > git status -z -uall [4ms]
2023-01-08 02:01:29.927 [info] > git for-each-ref --sort -committerdate --format %(refname) %(objectname) %(*objectname) [1ms]
2023-01-08 02:01:30.972 [info] > git config --get commit.template [4ms]
2023-01-08 02:01:30.972 [info] > git for-each-ref --format=%(refname)%00%(upstream:short)%00%(objectname)%00%(upstream:track)%00%(upstream:remotename)%00%(upstream:remoteref) refs/heads/master refs/remotes/master [1ms]
2023-01-08 02:01:30.981 [info] > git status -z -uall [4ms]
2023-01-08 02:01:30.981 [info] > git for-each-ref --sort -committerdate --format %(refname) %(objectname) %(*objectname) [1ms]
2023-01-08 02:01:31.098 [info] > git ls-files --stage -- /home/ikotelevets/DigOfJustice/database/connectDb.js [3ms]
2023-01-08 02:01:31.102 [info] > git ls-files --stage -- /home/ikotelevets/DigOfJustice/.env [10ms]
2023-01-08 02:01:31.105 [info] > git ls-files --stage -- /home/ikotelevets/DigOfJustice/client/next.config.js [18ms]
2023-01-08 02:01:31.109 [info] > git ls-files --stage -- /home/ikotelevets/DigOfJustice/client/.env [26ms]
2023-01-08 02:01:31.115 [info] > git ls-files --stage -- /home/ikotelevets/DigOfJustice/client/Dockerfile [35ms]
2023-01-08 02:01:31.118 [info] > git ls-files --stage -- /home/ikotelevets/DigOfJustice/Dockerfile [43ms]
2023-01-08 02:01:31.123 [info] > git cat-file -s eb842e1022b04361ab167b3a5c214f076bae7e83 [5ms]
2023-01-08 02:01:31.124 [info] > git cat-file -s 0f29e215569444aeb3c95284a2506d74ae96061c [11ms]
2023-01-08 02:01:31.124 [info] > git cat-file -s e55c1ccd1285164d87eba886e3ef28dba7946996 [15ms]
2023-01-08 02:01:31.124 [info] > git cat-file -s 0f29e215569444aeb3c95284a2506d74ae96061c [19ms]
2023-01-08 02:01:31.124 [info] > git cat-file -s f3befd15029f2a76889c5c28e21d56ece2b954ad [23ms]
2023-01-08 02:01:31.125 [info] > git cat-file -s 9064e34b59d349744e8e0404ddb5b2d6ef82b1aa [3ms]
2023-01-08 02:01:31.158 [info] > git show --textconv :client/Dockerfile [17ms]
2023-01-08 02:01:31.158 [info] > git show --textconv :client/.env [13ms]
2023-01-08 02:01:31.158 [info] > git show --textconv :client/next.config.js [9ms]
2023-01-08 02:01:31.158 [info] > git show --textconv :.env [5ms]
2023-01-08 02:01:31.159 [info] > git show --textconv :database/connectDb.js [2ms]
2023-01-08 02:01:31.165 [info] > git show --textconv :Dockerfile [2ms]
2023-01-08 02:01:35.996 [info] > git config --get commit.template [5ms]
2023-01-08 02:01:35.997 [info] > git for-each-ref --format=%(refname)%00%(upstream:short)%00%(objectname)%00%(upstream:track)%00%(upstream:remotename)%00%(upstream:remoteref) refs/heads/master refs/remotes/master [2ms]
2023-01-08 02:01:36.005 [info] > git status -z -uall [4ms]
2023-01-08 02:01:36.006 [info] > git for-each-ref --sort -committerdate --format %(refname) %(objectname) %(*objectname) [1ms]
2023-01-08 02:01:41.020 [info] > git config --get commit.template [6ms]
2023-01-08 02:01:41.020 [info] > git for-each-ref --format=%(refname)%00%(upstream:short)%00%(objectname)%00%(upstream:track)%00%(upstream:remotename)%00%(upstream:remoteref) refs/heads/master refs/remotes/master [1ms]
2023-01-08 02:01:41.029 [info] > git status -z -uall [5ms]
2023-01-08 02:01:41.031 [info] > git for-each-ref --sort -committerdate --format %(refname) %(objectname) %(*objectname) [3ms]
2023-01-08 02:04:51.562 [info] > git fetch [508ms]
2023-01-08 02:04:51.574 [info] > git config --get commit.template [5ms]
2023-01-08 02:04:51.575 [info] > git for-each-ref --format=%(refname)%00%(upstream:short)%00%(objectname)%00%(upstream:track)%00%(upstream:remotename)%00%(upstream:remoteref) refs/heads/master refs/remotes/master [1ms]
2023-01-08 02:04:51.583 [info] > git status -z -uall [5ms]
2023-01-08 02:04:51.584 [info] > git for-each-ref --sort -committerdate --format %(refname) %(objectname) %(*objectname) [2ms]
2023-01-08 02:04:52.634 [info] > git config --get commit.template [1ms]
2023-01-08 02:04:52.639 [info] > git for-each-ref --format=%(refname)%00%(upstream:short)%00%(objectname)%00%(upstream:track)%00%(upstream:remotename)%00%(upstream:remoteref) refs/heads/master refs/remotes/master [1ms]
2023-01-08 02:04:52.648 [info] > git status -z -uall [5ms]
2023-01-08 02:04:52.648 [info] > git for-each-ref --sort -committerdate --format %(refname) %(objectname) %(*objectname) [1ms]
2023-01-08 02:04:52.767 [info] > git ls-files --stage -- /home/ikotelevets/DigOfJustice/database/connectDb.js [4ms]
2023-01-08 02:04:52.771 [info] > git ls-files --stage -- /home/ikotelevets/DigOfJustice/.env [12ms]
2023-01-08 02:04:52.776 [info] > git ls-files --stage -- /home/ikotelevets/DigOfJustice/client/next.config.js [21ms]
2023-01-08 02:04:52.780 [info] > git ls-files --stage -- /home/ikotelevets/DigOfJustice/client/.env [29ms]
2023-01-08 02:04:52.784 [info] > git ls-files --stage -- /home/ikotelevets/DigOfJustice/client/Dockerfile [37ms]
2023-01-08 02:04:52.788 [info] > git ls-files --stage -- /home/ikotelevets/DigOfJustice/Dockerfile [45ms]
2023-01-08 02:04:52.793 [info] > git cat-file -s eb842e1022b04361ab167b3a5c214f076bae7e83 [5ms]
2023-01-08 02:04:52.793 [info] > git cat-file -s 0f29e215569444aeb3c95284a2506d74ae96061c [9ms]
2023-01-08 02:04:52.794 [info] > git cat-file -s e55c1ccd1285164d87eba886e3ef28dba7946996 [14ms]
2023-01-08 02:04:52.794 [info] > git cat-file -s 0f29e215569444aeb3c95284a2506d74ae96061c [19ms]
2023-01-08 02:04:52.794 [info] > git cat-file -s f3befd15029f2a76889c5c28e21d56ece2b954ad [23ms]
2023-01-08 02:04:52.794 [info] > git cat-file -s 9064e34b59d349744e8e0404ddb5b2d6ef82b1aa [2ms]
2023-01-08 02:04:52.825 [info] > git show --textconv :client/Dockerfile [16ms]
2023-01-08 02:04:52.825 [info] > git show --textconv :client/.env [12ms]
2023-01-08 02:04:52.825 [info] > git show --textconv :client/next.config.js [8ms]
2023-01-08 02:04:52.825 [info] > git show --textconv :.env [5ms]
2023-01-08 02:04:52.826 [info] > git show --textconv :database/connectDb.js [2ms]
2023-01-08 02:04:52.833 [info] > git show --textconv :Dockerfile [2ms]
2023-01-08 02:04:57.662 [info] > git config --get commit.template [5ms]
2023-01-08 02:04:57.663 [info] > git for-each-ref --format=%(refname)%00%(upstream:short)%00%(objectname)%00%(upstream:track)%00%(upstream:remotename)%00%(upstream:remoteref) refs/heads/master refs/remotes/master [2ms]
2023-01-08 02:04:57.671 [info] > git status -z -uall [4ms]
2023-01-08 02:04:57.672 [info] > git for-each-ref --sort -committerdate --format %(refname) %(objectname) %(*objectname) [1ms]
2023-01-08 02:06:48.209 [info] > git config --get commit.template [5ms]
2023-01-08 02:06:48.210 [info] > git for-each-ref --format=%(refname)%00%(upstream:short)%00%(objectname)%00%(upstream:track)%00%(upstream:remotename)%00%(upstream:remoteref) refs/heads/master refs/remotes/master [1ms]
2023-01-08 02:06:48.218 [info] > git status -z -uall [4ms]
2023-01-08 02:06:48.219 [info] > git for-each-ref --sort -committerdate --format %(refname) %(objectname) %(*objectname) [1ms]
2023-01-08 02:07:01.116 [info] > git config --get commit.template [5ms]
2023-01-08 02:07:01.117 [info] > git for-each-ref --format=%(refname)%00%(upstream:short)%00%(objectname)%00%(upstream:track)%00%(upstream:remotename)%00%(upstream:remoteref) refs/heads/master refs/remotes/master [1ms]
2023-01-08 02:07:01.126 [info] > git status -z -uall [5ms]
2023-01-08 02:07:01.126 [info] > git for-each-ref --sort -committerdate --format %(refname) %(objectname) %(*objectname) [1ms]
2023-01-08 02:08:28.495 [info] > git config --get commit.template [5ms]
2023-01-08 02:08:28.495 [info] > git for-each-ref --format=%(refname)%00%(upstream:short)%00%(objectname)%00%(upstream:track)%00%(upstream:remotename)%00%(upstream:remoteref) refs/heads/master refs/remotes/master [1ms]
2023-01-08 02:08:28.505 [info] > git status -z -uall [6ms]
2023-01-08 02:08:28.505 [info] > git for-each-ref --sort -committerdate --format %(refname) %(objectname) %(*objectname) [2ms]
2023-01-08 02:08:28.989 [info] > git fetch [505ms]
2023-01-08 02:08:28.999 [info] > git config --get commit.template [5ms]
2023-01-08 02:08:29.000 [info] > git for-each-ref --format=%(refname)%00%(upstream:short)%00%(objectname)%00%(upstream:track)%00%(upstream:remotename)%00%(upstream:remoteref) refs/heads/master refs/remotes/master [1ms]
2023-01-08 02:08:29.009 [info] > git status -z -uall [5ms]
2023-01-08 02:08:29.010 [info] > git for-each-ref --sort -committerdate --format %(refname) %(objectname) %(*objectname) [2ms]
2023-01-08 02:08:30.221 [info] > git ls-files --stage -- /home/ikotelevets/DigOfJustice/.env [5ms]
2023-01-08 02:08:30.225 [info] > git ls-files --stage -- /home/ikotelevets/DigOfJustice/client/next.config.js [14ms]
2023-01-08 02:08:30.229 [info] > git ls-files --stage -- /home/ikotelevets/DigOfJustice/client/.env [22ms]
2023-01-08 02:08:30.233 [info] > git ls-files --stage -- /home/ikotelevets/DigOfJustice/client/Dockerfile [30ms]
2023-01-08 02:08:30.237 [info] > git ls-files --stage -- /home/ikotelevets/DigOfJustice/Dockerfile [38ms]
2023-01-08 02:08:30.241 [info] > git cat-file -s eb842e1022b04361ab167b3a5c214f076bae7e83 [4ms]
2023-01-08 02:08:30.242 [info] > git cat-file -s 0f29e215569444aeb3c95284a2506d74ae96061c [9ms]
2023-01-08 02:08:30.242 [info] > git cat-file -s e55c1ccd1285164d87eba886e3ef28dba7946996 [13ms]
2023-01-08 02:08:30.242 [info] > git cat-file -s 0f29e215569444aeb3c95284a2506d74ae96061c [17ms]
2023-01-08 02:08:30.243 [info] > git ls-files --stage -- /home/ikotelevets/DigOfJustice/database/connectDb.js [23ms]
2023-01-08 02:08:30.247 [info] > git cat-file -s 9064e34b59d349744e8e0404ddb5b2d6ef82b1aa [6ms]
2023-01-08 02:08:30.248 [info] > git cat-file -s f3befd15029f2a76889c5c28e21d56ece2b954ad [2ms]
2023-01-08 02:08:30.273 [info] > git show --textconv :client/Dockerfile [13ms]
2023-01-08 02:08:30.273 [info] > git show --textconv :client/.env [9ms]
2023-01-08 02:08:30.273 [info] > git show --textconv :client/next.config.js [5ms]
2023-01-08 02:08:30.274 [info] > git show --textconv :.env [2ms]
2023-01-08 02:08:30.283 [info] > git show --textconv :Dockerfile [5ms]
2023-01-08 02:08:30.284 [info] > git show --textconv :database/connectDb.js [2ms]
2023-01-08 02:08:33.518 [info] > git config --get commit.template [5ms]
2023-01-08 02:08:33.518 [info] > git for-each-ref --format=%(refname)%00%(upstream:short)%00%(objectname)%00%(upstream:track)%00%(upstream:remotename)%00%(upstream:remoteref) refs/heads/master refs/remotes/master [1ms]
2023-01-08 02:08:33.526 [info] > git status -z -uall [4ms]
2023-01-08 02:08:33.528 [info] > git for-each-ref --sort -committerdate --format %(refname) %(objectname) %(*objectname) [1ms]
2023-01-08 05:37:50.188 [info] > git fetch [520ms]
2023-01-08 05:37:50.198 [info] > git config --get commit.template [4ms]
2023-01-08 05:37:50.199 [info] > git for-each-ref --format=%(refname)%00%(upstream:short)%00%(objectname)%00%(upstream:track)%00%(upstream:remotename)%00%(upstream:remoteref) refs/heads/master refs/remotes/master [1ms]
2023-01-08 05:37:50.207 [info] > git status -z -uall [4ms]
2023-01-08 05:37:50.208 [info] > git for-each-ref --sort -committerdate --format %(refname) %(objectname) %(*objectname) [1ms]
2023-01-08 05:37:51.258 [info] > git config --get commit.template [5ms]
2023-01-08 05:37:51.258 [info] > git for-each-ref --format=%(refname)%00%(upstream:short)%00%(objectname)%00%(upstream:track)%00%(upstream:remotename)%00%(upstream:remoteref) refs/heads/master refs/remotes/master [1ms]
2023-01-08 05:37:51.266 [info] > git status -z -uall [4ms]
2023-01-08 05:37:51.268 [info] > git for-each-ref --sort -committerdate --format %(refname) %(objectname) %(*objectname) [3ms]
2023-01-08 05:37:51.385 [info] > git ls-files --stage -- /home/ikotelevets/DigOfJustice/database/connectDb.js [3ms]
2023-01-08 05:37:51.388 [info] > git ls-files --stage -- /home/ikotelevets/DigOfJustice/.env [11ms]
2023-01-08 05:37:51.392 [info] > git ls-files --stage -- /home/ikotelevets/DigOfJustice/client/next.config.js [19ms]
2023-01-08 05:37:51.396 [info] > git ls-files --stage -- /home/ikotelevets/DigOfJustice/client/.env [27ms]
2023-01-08 05:37:51.400 [info] > git ls-files --stage -- /home/ikotelevets/DigOfJustice/client/Dockerfile [33ms]
2023-01-08 05:37:51.403 [info] > git ls-files --stage -- /home/ikotelevets/DigOfJustice/Dockerfile [41ms]
2023-01-08 05:37:51.408 [info] > git cat-file -s eb842e1022b04361ab167b3a5c214f076bae7e83 [5ms]
2023-01-08 05:37:51.408 [info] > git cat-file -s 0f29e215569444aeb3c95284a2506d74ae96061c [9ms]
2023-01-08 05:37:51.409 [info] > git cat-file -s e55c1ccd1285164d87eba886e3ef28dba7946996 [14ms]
2023-01-08 05:37:51.409 [info] > git cat-file -s 0f29e215569444aeb3c95284a2506d74ae96061c [17ms]
2023-01-08 05:37:51.409 [info] > git cat-file -s f3befd15029f2a76889c5c28e21d56ece2b954ad [21ms]
2023-01-08 05:37:51.409 [info] > git cat-file -s 9064e34b59d349744e8e0404ddb5b2d6ef82b1aa [2ms]
2023-01-08 05:37:51.438 [info] > git show --textconv :client/Dockerfile [16ms]
2023-01-08 05:37:51.438 [info] > git show --textconv :client/.env [12ms]
2023-01-08 05:37:51.438 [info] > git show --textconv :client/next.config.js [9ms]
2023-01-08 05:37:51.438 [info] > git show --textconv :.env [5ms]
2023-01-08 05:37:51.438 [info] > git show --textconv :database/connectDb.js [1ms]
2023-01-08 05:37:51.446 [info] > git show --textconv :Dockerfile [2ms]
2023-01-08 05:37:56.280 [info] > git config --get commit.template [5ms]
2023-01-08 05:37:56.281 [info] > git for-each-ref --format=%(refname)%00%(upstream:short)%00%(objectname)%00%(upstream:track)%00%(upstream:remotename)%00%(upstream:remoteref) refs/heads/master refs/remotes/master [1ms]
2023-01-08 05:37:56.289 [info] > git status -z -uall [4ms]
2023-01-08 05:37:56.290 [info] > git for-each-ref --sort -committerdate --format %(refname) %(objectname) %(*objectname) [2ms]
2023-01-08 05:38:27.753 [info] > git show --textconv HEAD:Dockerfile [5ms]
2023-01-08 05:38:27.754 [info] > git ls-tree -l HEAD -- /home/ikotelevets/DigOfJustice/Dockerfile [2ms]
2023-01-08 05:38:34.826 [info] > git ls-tree -l HEAD -- /home/ikotelevets/DigOfJustice/Dockerfile [6ms]
2023-01-08 05:38:34.828 [info] > git checkout -q -- /home/ikotelevets/DigOfJustice/Dockerfile [1ms]
2023-01-08 05:38:34.837 [info] > git config --get commit.template [5ms]
2023-01-08 05:38:34.838 [info] > git for-each-ref --format=%(refname)%00%(upstream:short)%00%(objectname)%00%(upstream:track)%00%(upstream:remotename)%00%(upstream:remoteref) refs/heads/master refs/remotes/master [2ms]
2023-01-08 05:38:34.845 [info] > git status -z -uall [4ms]
2023-01-08 05:38:34.848 [info] > git for-each-ref --sort -committerdate --format %(refname) %(objectname) %(*objectname) [3ms]
2023-01-08 05:38:35.901 [info] > git config --get commit.template [5ms]
2023-01-08 05:38:35.902 [info] > git for-each-ref --format=%(refname)%00%(upstream:short)%00%(objectname)%00%(upstream:track)%00%(upstream:remotename)%00%(upstream:remoteref) refs/heads/master refs/remotes/master [2ms]
2023-01-08 05:38:35.909 [info] > git status -z -uall [4ms]
2023-01-08 05:38:35.910 [info] > git for-each-ref --sort -committerdate --format %(refname) %(objectname) %(*objectname) [1ms]
2023-01-08 05:38:36.035 [info] > git ls-tree -l HEAD -- /home/ikotelevets/DigOfJustice/Dockerfile [6ms]
2023-01-08 05:38:36.036 [info] > git ls-files --stage -- /home/ikotelevets/DigOfJustice/database/connectDb.js [11ms]
2023-01-08 05:38:36.040 [info] > git ls-files --stage -- /home/ikotelevets/DigOfJustice/.env [18ms]
2023-01-08 05:38:36.043 [info] > git ls-files --stage -- /home/ikotelevets/DigOfJustice/client/next.config.js [25ms]
2023-01-08 05:38:36.047 [info] > git ls-files --stage -- /home/ikotelevets/DigOfJustice/client/.env [33ms]
2023-01-08 05:38:36.051 [info] > git ls-files --stage -- /home/ikotelevets/DigOfJustice/client/Dockerfile [41ms]
2023-01-08 05:38:36.054 [info] > git ls-files --stage -- /home/ikotelevets/DigOfJustice/Dockerfile [48ms]
2023-01-08 05:38:36.060 [info] > git cat-file -s eb842e1022b04361ab167b3a5c214f076bae7e83 [6ms]
2023-01-08 05:38:36.060 [info] > git cat-file -s 0f29e215569444aeb3c95284a2506d74ae96061c [10ms]
2023-01-08 05:38:36.060 [info] > git cat-file -s e55c1ccd1285164d87eba886e3ef28dba7946996 [13ms]
2023-01-08 05:38:36.061 [info] > git cat-file -s 0f29e215569444aeb3c95284a2506d74ae96061c [18ms]
2023-01-08 05:38:36.061 [info] > git cat-file -s f3befd15029f2a76889c5c28e21d56ece2b954ad [22ms]
2023-01-08 05:38:36.061 [info] > git cat-file -s 9064e34b59d349744e8e0404ddb5b2d6ef82b1aa [3ms]
2023-01-08 05:38:36.111 [info] > git show --textconv HEAD:Dockerfile [26ms]
2023-01-08 05:38:36.111 [info] > git show --textconv :client/Dockerfile [20ms]
2023-01-08 05:38:36.111 [info] > git show --textconv :client/.env [16ms]
2023-01-08 05:38:36.111 [info] > git show --textconv :client/next.config.js [13ms]
2023-01-08 05:38:36.111 [info] > git show --textconv :.env [9ms]
2023-01-08 05:38:36.111 [info] > git show --textconv :database/connectDb.js [5ms]
2023-01-08 05:38:36.112 [info] > git show --textconv :Dockerfile [2ms]
2023-01-08 05:38:37.906 [info] > git ls-tree -l HEAD -- /home/ikotelevets/DigOfJustice/Dockerfile [5ms]
2023-01-08 05:38:37.907 [info] > git checkout -q -- /home/ikotelevets/DigOfJustice/database/connectDb.js [2ms]
2023-01-08 05:38:37.917 [info] > git config --get commit.template [4ms]
2023-01-08 05:38:37.917 [info] > git for-each-ref --format=%(refname)%00%(upstream:short)%00%(objectname)%00%(upstream:track)%00%(upstream:remotename)%00%(upstream:remoteref) refs/heads/master refs/remotes/master [1ms]
2023-01-08 05:38:37.925 [info] > git status -z -uall [4ms]
2023-01-08 05:38:37.926 [info] > git for-each-ref --sort -committerdate --format %(refname) %(objectname) %(*objectname) [2ms]
2023-01-08 05:38:39.108 [info] > git ls-files --stage -- /home/ikotelevets/DigOfJustice/database/connectDb.js [5ms]
2023-01-08 05:38:39.112 [info] > git ls-files --stage -- /home/ikotelevets/DigOfJustice/.env [13ms]
2023-01-08 05:38:39.116 [info] > git ls-files --stage -- /home/ikotelevets/DigOfJustice/client/next.config.js [19ms]
2023-01-08 05:38:39.120 [info] > git ls-files --stage -- /home/ikotelevets/DigOfJustice/client/.env [27ms]
2023-01-08 05:38:39.124 [info] > git ls-files --stage -- /home/ikotelevets/DigOfJustice/client/Dockerfile [36ms]
2023-01-08 05:38:39.128 [info] > git ls-files --stage -- /home/ikotelevets/DigOfJustice/Dockerfile [44ms]
2023-01-08 05:38:39.132 [info] > git cat-file -s eb842e1022b04361ab167b3a5c214f076bae7e83 [5ms]
2023-01-08 05:38:39.133 [info] > git cat-file -s 0f29e215569444aeb3c95284a2506d74ae96061c [10ms]
2023-01-08 05:38:39.134 [info] > git cat-file -s e55c1ccd1285164d87eba886e3ef28dba7946996 [15ms]
2023-01-08 05:38:39.134 [info] > git cat-file -s 0f29e215569444aeb3c95284a2506d74ae96061c [19ms]
2023-01-08 05:38:39.134 [info] > git cat-file -s f3befd15029f2a76889c5c28e21d56ece2b954ad [23ms]
2023-01-08 05:38:39.134 [info] > git ls-tree -l HEAD -- /home/ikotelevets/DigOfJustice/Dockerfile [27ms]
2023-01-08 05:38:39.135 [info] > git cat-file -s 9064e34b59d349744e8e0404ddb5b2d6ef82b1aa [4ms]
2023-01-08 05:38:39.171 [info] > git show --textconv :client/Dockerfile [20ms]
2023-01-08 05:38:39.171 [info] > git show --textconv :client/.env [16ms]
2023-01-08 05:38:39.171 [info] > git show --textconv :client/next.config.js [12ms]
2023-01-08 05:38:39.171 [info] > git show --textconv :.env [8ms]
2023-01-08 05:38:39.172 [info] > git show --textconv :database/connectDb.js [4ms]
2023-01-08 05:38:39.172 [info] > git show --textconv HEAD:Dockerfile [2ms]
2023-01-08 05:38:39.178 [info] > git show --textconv :Dockerfile [1ms]
2023-01-08 05:38:40.606 [info] > git ls-tree -l HEAD -- /home/ikotelevets/DigOfJustice/Dockerfile [6ms]
2023-01-08 05:38:40.606 [info] > git checkout -q -- /home/ikotelevets/DigOfJustice/client/next.config.js [2ms]
2023-01-08 05:38:40.616 [info] > git config --get commit.template [5ms]
2023-01-08 05:38:40.617 [info] > git for-each-ref --format=%(refname)%00%(upstream:short)%00%(objectname)%00%(upstream:track)%00%(upstream:remotename)%00%(upstream:remoteref) refs/heads/master refs/remotes/master [1ms]
2023-01-08 05:38:40.624 [info] > git status -z -uall [4ms]
2023-01-08 05:38:40.625 [info] > git for-each-ref --sort -committerdate --format %(refname) %(objectname) %(*objectname) [1ms]
2023-01-08 05:38:40.918 [info] > git config --get commit.template [0ms]
2023-01-08 05:38:40.924 [info] > git for-each-ref --format=%(refname)%00%(upstream:short)%00%(objectname)%00%(upstream:track)%00%(upstream:remotename)%00%(upstream:remoteref) refs/heads/master refs/remotes/master [1ms]
2023-01-08 05:38:40.932 [info] > git status -z -uall [5ms]
2023-01-08 05:38:40.933 [info] > git for-each-ref --sort -committerdate --format %(refname) %(objectname) %(*objectname) [1ms]
2023-01-08 05:38:41.810 [info] > git ls-files --stage -- /home/ikotelevets/DigOfJustice/database/connectDb.js [5ms]
2023-01-08 05:38:41.814 [info] > git ls-files --stage -- /home/ikotelevets/DigOfJustice/.env [13ms]
2023-01-08 05:38:41.818 [info] > git ls-files --stage -- /home/ikotelevets/DigOfJustice/client/next.config.js [20ms]
2023-01-08 05:38:41.821 [info] > git ls-files --stage -- /home/ikotelevets/DigOfJustice/client/.env [27ms]
2023-01-08 05:38:41.825 [info] > git ls-files --stage -- /home/ikotelevets/DigOfJustice/client/Dockerfile [35ms]
2023-01-08 05:38:41.829 [info] > git ls-files --stage -- /home/ikotelevets/DigOfJustice/Dockerfile [44ms]
2023-01-08 05:38:41.834 [info] > git cat-file -s eb842e1022b04361ab167b3a5c214f076bae7e83 [6ms]
2023-01-08 05:38:41.834 [info] > git cat-file -s 0f29e215569444aeb3c95284a2506d74ae96061c [9ms]
2023-01-08 05:38:41.834 [info] > git cat-file -s e55c1ccd1285164d87eba886e3ef28dba7946996 [13ms]
2023-01-08 05:38:41.835 [info] > git cat-file -s 0f29e215569444aeb3c95284a2506d74ae96061c [18ms]
2023-01-08 05:38:41.835 [info] > git cat-file -s f3befd15029f2a76889c5c28e21d56ece2b954ad [22ms]
2023-01-08 05:38:41.835 [info] > git ls-tree -l HEAD -- /home/ikotelevets/DigOfJustice/Dockerfile [26ms]
2023-01-08 05:38:41.836 [info] > git cat-file -s 9064e34b59d349744e8e0404ddb5b2d6ef82b1aa [3ms]
2023-01-08 05:38:41.869 [info] > git show --textconv :client/Dockerfile [20ms]
2023-01-08 05:38:41.869 [info] > git show --textconv :client/.env [18ms]
2023-01-08 05:38:41.869 [info] > git show --textconv :client/next.config.js [14ms]
2023-01-08 05:38:41.869 [info] > git show --textconv :.env [9ms]
2023-01-08 05:38:41.869 [info] > git show --textconv :database/connectDb.js [5ms]
2023-01-08 05:38:41.870 [info] > git show --textconv HEAD:Dockerfile [2ms]
2023-01-08 05:38:41.875 [info] > git show --textconv :Dockerfile [1ms]
2023-01-08 05:38:42.221 [info] > git ls-tree -l HEAD -- /home/ikotelevets/DigOfJustice/Dockerfile [5ms]
2023-01-08 05:38:42.222 [info] > git checkout -q -- /home/ikotelevets/DigOfJustice/client/Dockerfile [2ms]
2023-01-08 05:38:42.232 [info] > git config --get commit.template [4ms]
2023-01-08 05:38:42.232 [info] > git for-each-ref --format=%(refname)%00%(upstream:short)%00%(objectname)%00%(upstream:track)%00%(upstream:remotename)%00%(upstream:remoteref) refs/heads/master refs/remotes/master [1ms]
2023-01-08 05:38:42.240 [info] > git status -z -uall [4ms]
2023-01-08 05:38:42.241 [info] > git for-each-ref --sort -committerdate --format %(refname) %(objectname) %(*objectname) [2ms]
2023-01-08 05:38:43.427 [info] > git ls-files --stage -- /home/ikotelevets/DigOfJustice/database/connectDb.js [5ms]
2023-01-08 05:38:43.431 [info] > git ls-files --stage -- /home/ikotelevets/DigOfJustice/.env [14ms]
2023-01-08 05:38:43.435 [info] > git ls-files --stage -- /home/ikotelevets/DigOfJustice/client/next.config.js [22ms]
2023-01-08 05:38:43.439 [info] > git ls-files --stage -- /home/ikotelevets/DigOfJustice/client/.env [29ms]
2023-01-08 05:38:43.442 [info] > git ls-files --stage -- /home/ikotelevets/DigOfJustice/client/Dockerfile [37ms]
2023-01-08 05:38:43.446 [info] > git ls-files --stage -- /home/ikotelevets/DigOfJustice/Dockerfile [45ms]
2023-01-08 05:38:43.451 [info] > git cat-file -s eb842e1022b04361ab167b3a5c214f076bae7e83 [4ms]
2023-01-08 05:38:43.451 [info] > git cat-file -s 0f29e215569444aeb3c95284a2506d74ae96061c [9ms]
2023-01-08 05:38:43.451 [info] > git cat-file -s e55c1ccd1285164d87eba886e3ef28dba7946996 [13ms]
2023-01-08 05:38:43.452 [info] > git cat-file -s 0f29e215569444aeb3c95284a2506d74ae96061c [18ms]
2023-01-08 05:38:43.452 [info] > git cat-file -s f3befd15029f2a76889c5c28e21d56ece2b954ad [21ms]
2023-01-08 05:38:43.452 [info] > git ls-tree -l HEAD -- /home/ikotelevets/DigOfJustice/Dockerfile [26ms]
2023-01-08 05:38:43.453 [info] > git cat-file -s 9064e34b59d349744e8e0404ddb5b2d6ef82b1aa [2ms]
2023-01-08 05:38:43.484 [info] > git show --textconv :client/Dockerfile [20ms]
2023-01-08 05:38:43.484 [info] > git show --textconv :client/.env [16ms]
2023-01-08 05:38:43.485 [info] > git show --textconv :client/next.config.js [13ms]
2023-01-08 05:38:43.485 [info] > git show --textconv :.env [9ms]
2023-01-08 05:38:43.485 [info] > git show --textconv :database/connectDb.js [5ms]
2023-01-08 05:38:43.486 [info] > git show --textconv HEAD:Dockerfile [3ms]
2023-01-08 05:38:43.491 [info] > git show --textconv :Dockerfile [1ms]
2023-01-08 05:38:43.987 [info] > git ls-tree -l HEAD -- /home/ikotelevets/DigOfJustice/Dockerfile [5ms]
2023-01-08 05:38:43.989 [info] > git checkout -q -- /home/ikotelevets/DigOfJustice/client/.env [2ms]
2023-01-08 05:38:43.998 [info] > git config --get commit.template [4ms]
2023-01-08 05:38:43.999 [info] > git for-each-ref --format=%(refname)%00%(upstream:short)%00%(objectname)%00%(upstream:track)%00%(upstream:remotename)%00%(upstream:remoteref) refs/heads/master refs/remotes/master [1ms]
2023-01-08 05:38:44.007 [info] > git status -z -uall [4ms]
2023-01-08 05:38:44.008 [info] > git for-each-ref --sort -committerdate --format %(refname) %(objectname) %(*objectname) [2ms]
2023-01-08 05:38:45.005 [info] > git show --textconv HEAD:.env [4ms]
2023-01-08 05:38:45.006 [info] > git ls-tree -l HEAD -- /home/ikotelevets/DigOfJustice/.env [1ms]
2023-01-08 05:38:45.188 [info] > git ls-files --stage -- /home/ikotelevets/DigOfJustice/database/connectDb.js [5ms]
2023-01-08 05:38:45.191 [info] > git ls-files --stage -- /home/ikotelevets/DigOfJustice/.env [12ms]
2023-01-08 05:38:45.195 [info] > git ls-files --stage -- /home/ikotelevets/DigOfJustice/client/next.config.js [20ms]
2023-01-08 05:38:45.199 [info] > git ls-files --stage -- /home/ikotelevets/DigOfJustice/client/.env [28ms]
2023-01-08 05:38:45.203 [info] > git ls-files --stage -- /home/ikotelevets/DigOfJustice/client/Dockerfile [36ms]
2023-01-08 05:38:45.207 [info] > git ls-files --stage -- /home/ikotelevets/DigOfJustice/Dockerfile [43ms]
2023-01-08 05:38:45.211 [info] > git cat-file -s eb842e1022b04361ab167b3a5c214f076bae7e83 [5ms]
2023-01-08 05:38:45.212 [info] > git cat-file -s 0f29e215569444aeb3c95284a2506d74ae96061c [9ms]
2023-01-08 05:38:45.212 [info] > git cat-file -s e55c1ccd1285164d87eba886e3ef28dba7946996 [13ms]
2023-01-08 05:38:45.212 [info] > git cat-file -s 0f29e215569444aeb3c95284a2506d74ae96061c [17ms]
2023-01-08 05:38:45.212 [info] > git cat-file -s f3befd15029f2a76889c5c28e21d56ece2b954ad [21ms]
2023-01-08 05:38:45.212 [info] > git ls-tree -l HEAD -- /home/ikotelevets/DigOfJustice/.env [26ms]
2023-01-08 05:38:45.213 [info] > git cat-file -s 9064e34b59d349744e8e0404ddb5b2d6ef82b1aa [3ms]
2023-01-08 05:38:45.255 [info] > git show --textconv :client/Dockerfile [21ms]
2023-01-08 05:38:45.255 [info] > git show --textconv :client/.env [18ms]
2023-01-08 05:38:45.255 [info] > git show --textconv :client/next.config.js [14ms]
2023-01-08 05:38:45.255 [info] > git show --textconv :.env [10ms]
2023-01-08 05:38:45.255 [info] > git show --textconv :database/connectDb.js [6ms]
2023-01-08 05:38:45.255 [info] > git show --textconv HEAD:.env [2ms]
2023-01-08 05:38:45.264 [info] > git show --textconv :Dockerfile [2ms]
2023-01-08 05:38:45.944 [info] > git config --get commit.template [5ms]
2023-01-08 05:38:45.945 [info] > git for-each-ref --format=%(refname)%00%(upstream:short)%00%(objectname)%00%(upstream:track)%00%(upstream:remotename)%00%(upstream:remoteref) refs/heads/master refs/remotes/master [1ms]
2023-01-08 05:38:45.952 [info] > git status -z -uall [4ms]
2023-01-08 05:38:45.953 [info] > git for-each-ref --sort -committerdate --format %(refname) %(objectname) %(*objectname) [1ms]
2023-01-08 05:38:46.841 [info] > git ls-tree -l HEAD -- /home/ikotelevets/DigOfJustice/.env [6ms]
2023-01-08 05:38:46.842 [info] > git checkout -q -- /home/ikotelevets/DigOfJustice/.env [2ms]
2023-01-08 05:38:46.853 [info] > git config --get commit.template [4ms]
2023-01-08 05:38:46.853 [info] > git for-each-ref --format=%(refname)%00%(upstream:short)%00%(objectname)%00%(upstream:track)%00%(upstream:remotename)%00%(upstream:remoteref) refs/heads/master refs/remotes/master [1ms]
2023-01-08 05:38:46.861 [info] > git status -z -uall [4ms]
2023-01-08 05:38:46.862 [info] > git for-each-ref --sort -committerdate --format %(refname) %(objectname) %(*objectname) [2ms]
2023-01-08 05:38:48.052 [info] > git ls-files --stage -- /home/ikotelevets/DigOfJustice/database/connectDb.js [5ms]
2023-01-08 05:38:48.056 [info] > git ls-files --stage -- /home/ikotelevets/DigOfJustice/.env [13ms]
2023-01-08 05:38:48.060 [info] > git ls-files --stage -- /home/ikotelevets/DigOfJustice/client/next.config.js [20ms]
2023-01-08 05:38:48.063 [info] > git ls-files --stage -- /home/ikotelevets/DigOfJustice/client/.env [28ms]
2023-01-08 05:38:48.067 [info] > git ls-files --stage -- /home/ikotelevets/DigOfJustice/client/Dockerfile [36ms]
2023-01-08 05:38:48.071 [info] > git ls-files --stage -- /home/ikotelevets/DigOfJustice/Dockerfile [45ms]
2023-01-08 05:38:48.076 [info] > git cat-file -s eb842e1022b04361ab167b3a5c214f076bae7e83 [4ms]
2023-01-08 05:38:48.076 [info] > git cat-file -s 0f29e215569444aeb3c95284a2506d74ae96061c [9ms]
2023-01-08 05:38:48.076 [info] > git cat-file -s e55c1ccd1285164d87eba886e3ef28dba7946996 [13ms]
2023-01-08 05:38:48.077 [info] > git cat-file -s 0f29e215569444aeb3c95284a2506d74ae96061c [17ms]
2023-01-08 05:38:48.077 [info] > git cat-file -s f3befd15029f2a76889c5c28e21d56ece2b954ad [22ms]
2023-01-08 05:38:48.077 [info] > git ls-tree -l HEAD -- /home/ikotelevets/DigOfJustice/.env [26ms]
2023-01-08 05:38:48.077 [info] > git cat-file -s 9064e34b59d349744e8e0404ddb5b2d6ef82b1aa [2ms]
2023-01-08 05:38:48.109 [info] > git show --textconv :client/Dockerfile [21ms]
2023-01-08 05:38:48.109 [info] > git show --textconv :client/.env [17ms]
2023-01-08 05:38:48.109 [info] > git show --textconv :client/next.config.js [13ms]
2023-01-08 05:38:48.109 [info] > git show --textconv :.env [9ms]
2023-01-08 05:38:48.109 [info] > git show --textconv :database/connectDb.js [5ms]
2023-01-08 05:38:48.110 [info] > git show --textconv HEAD:.env [2ms]
2023-01-08 05:38:48.116 [info] > git show --textconv :Dockerfile [1ms]
2023-01-08 05:38:50.966 [info] > git config --get commit.template [5ms]
2023-01-08 05:38:50.966 [info] > git for-each-ref --format=%(refname)%00%(upstream:short)%00%(objectname)%00%(upstream:track)%00%(upstream:remotename)%00%(upstream:remoteref) refs/heads/master refs/remotes/master [1ms]
2023-01-08 05:38:50.976 [info] > git status -z -uall [6ms]
2023-01-08 05:38:50.976 [info] > git for-each-ref --sort -committerdate --format %(refname) %(objectname) %(*objectname) [2ms]
2023-01-08 05:38:51.067 [info] > git log --oneline --cherry master...master@{upstream} -- [1ms]
2023-01-08 05:38:51.786 [info] > git pull --tags origin master [715ms]
2023-01-08 05:38:51.787 [info] hint: Pulling without specifying how to reconcile divergent branches is
hint: discouraged. You can squelch this message by running one of the following
hint: commands sometime before your next pull:
hint: 
hint:   git config pull.rebase false  # merge (the default strategy)
hint:   git config pull.rebase true   # rebase
hint:   git config pull.ff only       # fast-forward only
hint: 
hint: You can replace "git config" with "git config --global" to set a default
hint: preference for all repositories. You can also pass --rebase, --no-rebase,
hint: or --ff-only on the command line to override the configured default per
hint: invocation.
From https://github.com/TheViruslogBeats/DigOfJustice
 * branch            master     -> FETCH_HEAD
   dd6b35b..771f9e4  master     -> origin/master
2023-01-08 05:38:51.797 [info] > git config --get commit.template [5ms]
2023-01-08 05:38:51.798 [info] > git for-each-ref --format=%(refname)%00%(upstream:short)%00%(objectname)%00%(upstream:track)%00%(upstream:remotename)%00%(upstream:remoteref) refs/heads/master refs/remotes/master [2ms]
2023-01-08 05:38:51.805 [info] > git status -z -uall [4ms]
2023-01-08 05:38:51.806 [info] > git for-each-ref --sort -committerdate --format %(refname) %(objectname) %(*objectname) [1ms]
2023-01-08 05:38:52.988 [info] > git ls-files --stage -- /home/ikotelevets/DigOfJustice/database/connectDb.js [5ms]
2023-01-08 05:38:52.992 [info] > git ls-files --stage -- /home/ikotelevets/DigOfJustice/.env [13ms]
2023-01-08 05:38:52.996 [info] > git ls-files --stage -- /home/ikotelevets/DigOfJustice/client/next.config.js [20ms]
2023-01-08 05:38:52.999 [info] > git ls-files --stage -- /home/ikotelevets/DigOfJustice/client/.env [28ms]
2023-01-08 05:38:53.003 [info] > git ls-files --stage -- /home/ikotelevets/DigOfJustice/client/Dockerfile [36ms]
2023-01-08 05:38:53.007 [info] > git ls-files --stage -- /home/ikotelevets/DigOfJustice/Dockerfile [44ms]
2023-01-08 05:38:53.011 [info] > git cat-file -s eb842e1022b04361ab167b3a5c214f076bae7e83 [4ms]
2023-01-08 05:38:53.012 [info] > git cat-file -s 0f29e215569444aeb3c95284a2506d74ae96061c [9ms]
2023-01-08 05:38:53.012 [info] > git cat-file -s 7e013ea6d4b63fa6c67cffdc2456e5f4a616d357 [13ms]
2023-01-08 05:38:53.012 [info] > git cat-file -s 0f29e215569444aeb3c95284a2506d74ae96061c [17ms]
2023-01-08 05:38:53.012 [info] > git cat-file -s f3befd15029f2a76889c5c28e21d56ece2b954ad [21ms]
2023-01-08 05:38:53.013 [info] > git ls-tree -l HEAD -- /home/ikotelevets/DigOfJustice/.env [26ms]
2023-01-08 05:38:53.013 [info] > git cat-file -s 9064e34b59d349744e8e0404ddb5b2d6ef82b1aa [3ms]
2023-01-08 05:38:53.046 [info] > git show --textconv :client/Dockerfile [21ms]
2023-01-08 05:38:53.046 [info] > git show --textconv :client/.env [18ms]
2023-01-08 05:38:53.046 [info] > git show --textconv :client/next.config.js [14ms]
2023-01-08 05:38:53.046 [info] > git show --textconv :.env [10ms]
2023-01-08 05:38:53.046 [info] > git show --textconv :database/connectDb.js [5ms]
2023-01-08 05:38:53.047 [info] > git show --textconv HEAD:.env [2ms]
2023-01-08 05:38:53.052 [info] > git show --textconv :Dockerfile [1ms]
2023-01-08 05:38:55.989 [info] > git config --get commit.template [5ms]
2023-01-08 05:38:55.990 [info] > git for-each-ref --format=%(refname)%00%(upstream:short)%00%(objectname)%00%(upstream:track)%00%(upstream:remotename)%00%(upstream:remoteref) refs/heads/master refs/remotes/master [2ms]
2023-01-08 05:38:55.998 [info] > git status -z -uall [4ms]
2023-01-08 05:38:55.999 [info] > git for-each-ref --sort -committerdate --format %(refname) %(objectname) %(*objectname) [1ms]
2023-01-08 05:39:05.234 [info] > git check-ignore -v -z --stdin [1ms]
2023-01-08 05:39:07.528 [info] > git check-ignore -v -z --stdin [1ms]
2023-01-08 05:39:10.512 [info] > git show --textconv :client/components/confInfo/ConfInfo.tsx [5ms]
2023-01-08 05:39:10.513 [info] > git ls-files --stage -- /home/ikotelevets/DigOfJustice/client/components/confInfo/ConfInfo.tsx [1ms]
2023-01-08 05:39:10.518 [info] > git cat-file -s 354c28e3e35d4ad956e0da1d0d1f28666b877512 [0ms]
2023-01-08 05:39:33.978 [info] > git show --textconv :client/.env [5ms]
2023-01-08 05:39:33.980 [info] > git ls-files --stage -- /home/ikotelevets/DigOfJustice/client/.env [2ms]
2023-01-08 05:39:33.985 [info] > git cat-file -s 0f29e215569444aeb3c95284a2506d74ae96061c [1ms]
2023-01-08 05:39:45.360 [info] > git config --get commit.template [5ms]
2023-01-08 05:39:45.361 [info] > git for-each-ref --format=%(refname)%00%(upstream:short)%00%(objectname)%00%(upstream:track)%00%(upstream:remotename)%00%(upstream:remoteref) refs/heads/master refs/remotes/master [2ms]
2023-01-08 05:39:45.369 [info] > git status -z -uall [4ms]
2023-01-08 05:39:45.370 [info] > git for-each-ref --sort -committerdate --format %(refname) %(objectname) %(*objectname) [2ms]
2023-01-08 05:40:50.733 [info] > git fetch [515ms]
2023-01-08 05:40:50.744 [info] > git config --get commit.template [5ms]
2023-01-08 05:40:50.745 [info] > git for-each-ref --format=%(refname)%00%(upstream:short)%00%(objectname)%00%(upstream:track)%00%(upstream:remotename)%00%(upstream:remoteref) refs/heads/master refs/remotes/master [1ms]
2023-01-08 05:40:50.753 [info] > git status -z -uall [4ms]
2023-01-08 05:40:50.754 [info] > git for-each-ref --sort -committerdate --format %(refname) %(objectname) %(*objectname) [2ms]
2023-01-08 05:41:58.746 [info] > git config --get commit.template [5ms]
2023-01-08 05:41:58.747 [info] > git for-each-ref --format=%(refname)%00%(upstream:short)%00%(objectname)%00%(upstream:track)%00%(upstream:remotename)%00%(upstream:remoteref) refs/heads/master refs/remotes/master [2ms]
2023-01-08 05:41:58.755 [info] > git status -z -uall [4ms]
2023-01-08 05:41:58.761 [info] > git for-each-ref --sort -committerdate --format %(refname) %(objectname) %(*objectname) [6ms]
2023-01-08 05:41:58.763 [info] > git ls-files --stage -- /home/ikotelevets/DigOfJustice/client/.env [3ms]
2023-01-08 05:41:58.767 [info] > git cat-file -s 0f29e215569444aeb3c95284a2506d74ae96061c [1ms]
2023-01-08 05:41:58.799 [info] > git show --textconv :client/.env [2ms]
2023-01-08 05:42:01.405 [info] > git log --oneline --cherry master...master@{upstream} -- [1ms]
2023-01-08 05:42:02.488 [info] > git pull --tags origin master [1079ms]
2023-01-08 05:42:02.488 [info] hint: Pulling without specifying how to reconcile divergent branches is
hint: discouraged. You can squelch this message by running one of the following
hint: commands sometime before your next pull:
hint: 
hint:   git config pull.rebase false  # merge (the default strategy)
hint:   git config pull.rebase true   # rebase
hint:   git config pull.ff only       # fast-forward only
hint: 
hint: You can replace "git config" with "git config --global" to set a default
hint: preference for all repositories. You can also pass --rebase, --no-rebase,
hint: or --ff-only on the command line to override the configured default per
hint: invocation.
From https://github.com/TheViruslogBeats/DigOfJustice
 * branch            master     -> FETCH_HEAD
   771f9e4..0ac1042  master     -> origin/master
2023-01-08 05:42:02.496 [info] > git config --get commit.template [2ms]
2023-01-08 05:42:02.501 [info] > git for-each-ref --format=%(refname)%00%(upstream:short)%00%(objectname)%00%(upstream:track)%00%(upstream:remotename)%00%(upstream:remoteref) refs/heads/master refs/remotes/master [1ms]
2023-01-08 05:42:02.509 [info] > git status -z -uall [4ms]
2023-01-08 05:42:02.510 [info] > git for-each-ref --sort -committerdate --format %(refname) %(objectname) %(*objectname) [1ms]
2023-01-08 05:42:03.664 [info] > git ls-files --stage -- /home/ikotelevets/DigOfJustice/client/.env [1ms]
2023-01-08 05:42:03.669 [info] > git cat-file -s 0f29e215569444aeb3c95284a2506d74ae96061c [1ms]
2023-01-08 05:42:03.685 [info] > git show --textconv :client/.env [2ms]
2023-01-08 05:42:03.776 [info] > git config --get commit.template [4ms]
2023-01-08 05:42:03.777 [info] > git for-each-ref --format=%(refname)%00%(upstream:short)%00%(objectname)%00%(upstream:track)%00%(upstream:remotename)%00%(upstream:remoteref) refs/heads/master refs/remotes/master [1ms]
2023-01-08 05:42:03.786 [info] > git status -z -uall [4ms]
2023-01-08 05:42:03.786 [info] > git for-each-ref --sort -committerdate --format %(refname) %(objectname) %(*objectname) [1ms]
2023-01-08 05:42:06.325 [info] > git log --oneline --cherry master...master@{upstream} -- [1ms]
2023-01-08 05:42:06.805 [info] > git pull --tags origin master [474ms]
2023-01-08 05:42:06.805 [info] hint: Pulling without specifying how to reconcile divergent branches is
hint: discouraged. You can squelch this message by running one of the following
hint: commands sometime before your next pull:
hint: 
hint:   git config pull.rebase false  # merge (the default strategy)
hint:   git config pull.rebase true   # rebase
hint:   git config pull.ff only       # fast-forward only
hint: 
hint: You can replace "git config" with "git config --global" to set a default
hint: preference for all repositories. You can also pass --rebase, --no-rebase,
hint: or --ff-only on the command line to override the configured default per
hint: invocation.
From https://github.com/TheViruslogBeats/DigOfJustice
 * branch            master     -> FETCH_HEAD
2023-01-08 05:42:06.816 [info] > git config --get commit.template [5ms]
2023-01-08 05:42:06.816 [info] > git for-each-ref --format=%(refname)%00%(upstream:short)%00%(objectname)%00%(upstream:track)%00%(upstream:remotename)%00%(upstream:remoteref) refs/heads/master refs/remotes/master [2ms]
2023-01-08 05:42:06.824 [info] > git status -z -uall [4ms]
2023-01-08 05:42:06.825 [info] > git for-each-ref --sort -committerdate --format %(refname) %(objectname) %(*objectname) [2ms]
2023-01-08 05:42:07.982 [info] > git ls-files --stage -- /home/ikotelevets/DigOfJustice/client/.env [1ms]
2023-01-08 05:42:07.987 [info] > git cat-file -s 0f29e215569444aeb3c95284a2506d74ae96061c [1ms]
2023-01-08 05:42:08.000 [info] > git show --textconv :client/.env [1ms]
2023-01-08 05:42:08.798 [info] > git config --get commit.template [5ms]
2023-01-08 05:42:08.798 [info] > git for-each-ref --format=%(refname)%00%(upstream:short)%00%(objectname)%00%(upstream:track)%00%(upstream:remotename)%00%(upstream:remoteref) refs/heads/master refs/remotes/master [1ms]
2023-01-08 05:42:08.806 [info] > git status -z -uall [4ms]
2023-01-08 05:42:08.807 [info] > git for-each-ref --sort -committerdate --format %(refname) %(objectname) %(*objectname) [1ms]
2023-01-08 05:42:13.819 [info] > git config --get commit.template [5ms]
2023-01-08 05:42:13.820 [info] > git for-each-ref --format=%(refname)%00%(upstream:short)%00%(objectname)%00%(upstream:track)%00%(upstream:remotename)%00%(upstream:remoteref) refs/heads/master refs/remotes/master [1ms]
2023-01-08 05:42:13.828 [info] > git status -z -uall [4ms]
2023-01-08 05:42:13.829 [info] > git for-each-ref --sort -committerdate --format %(refname) %(objectname) %(*objectname) [2ms]
2023-01-08 15:57:46.155 [info] > git fetch [586ms]
2023-01-08 15:57:46.166 [info] > git config --get commit.template [5ms]
2023-01-08 15:57:46.167 [info] > git for-each-ref --format=%(refname)%00%(upstream:short)%00%(objectname)%00%(upstream:track)%00%(upstream:remotename)%00%(upstream:remoteref) refs/heads/master refs/remotes/master [1ms]
2023-01-08 15:57:46.175 [info] > git status -z -uall [4ms]
2023-01-08 15:57:46.176 [info] > git for-each-ref --sort -committerdate --format %(refname) %(objectname) %(*objectname) [1ms]
2023-01-08 15:57:47.217 [info] > git config --get commit.template [1ms]
2023-01-08 15:57:47.223 [info] > git for-each-ref --format=%(refname)%00%(upstream:short)%00%(objectname)%00%(upstream:track)%00%(upstream:remotename)%00%(upstream:remoteref) refs/heads/master refs/remotes/master [2ms]
2023-01-08 15:57:47.231 [info] > git status -z -uall [4ms]
2023-01-08 15:57:47.232 [info] > git for-each-ref --sort -committerdate --format %(refname) %(objectname) %(*objectname) [2ms]
2023-01-08 15:57:47.326 [info] > git ls-files --stage -- /home/ikotelevets/DigOfJustice/client/.env [1ms]
2023-01-08 15:57:47.331 [info] > git cat-file -s 0f29e215569444aeb3c95284a2506d74ae96061c [1ms]
2023-01-08 15:57:47.349 [info] > git show --textconv :client/.env [1ms]
2023-01-08 19:14:11.729 [info] > git config --get commit.template [2ms]
2023-01-08 19:14:11.734 [info] > git for-each-ref --format=%(refname)%00%(upstream:short)%00%(objectname)%00%(upstream:track)%00%(upstream:remotename)%00%(upstream:remoteref) refs/heads/master refs/remotes/master [1ms]
2023-01-08 19:14:11.743 [info] > git status -z -uall [4ms]
2023-01-08 19:14:11.747 [info] > git for-each-ref --sort -committerdate --format %(refname) %(objectname) %(*objectname) [1ms]
2023-01-08 19:14:12.246 [info] > git fetch [525ms]
2023-01-08 19:14:12.257 [info] > git config --get commit.template [5ms]
2023-01-08 19:14:12.257 [info] > git for-each-ref --format=%(refname)%00%(upstream:short)%00%(objectname)%00%(upstream:track)%00%(upstream:remotename)%00%(upstream:remoteref) refs/heads/master refs/remotes/master [1ms]
2023-01-08 19:14:12.266 [info] > git status -z -uall [5ms]
2023-01-08 19:14:12.267 [info] > git for-each-ref --sort -committerdate --format %(refname) %(objectname) %(*objectname) [2ms]
