2023-01-15 08:30:50.287 [info] Log level: Info
2023-01-15 08:30:50.287 [info] Validating found git in: "git"
2023-01-15 08:30:50.287 [info] Using git "2.30.2" from "git"
2023-01-15 08:30:50.287 [info] > git rev-parse --show-toplevel [69ms]
2023-01-15 08:30:50.287 [info] fatal: not a git repository (or any of the parent directories): .git
2023-01-15 08:30:50.287 [info] > git rev-parse --show-toplevel [2ms]
2023-01-15 08:30:50.287 [info] fatal: not a git repository (or any of the parent directories): .git
2023-01-15 08:30:50.287 [info] > git rev-parse --show-toplevel [1ms]
2023-01-15 08:30:50.287 [info] fatal: not a git repository (or any of the parent directories): .git
2023-01-15 08:30:50.287 [info] > git rev-parse --show-toplevel [2ms]
2023-01-15 08:30:50.287 [info] fatal: not a git repository (or any of the parent directories): .git
2023-01-15 08:30:50.287 [info] > git rev-parse --show-toplevel [2ms]
2023-01-15 08:30:50.287 [info] fatal: not a git repository (or any of the parent directories): .git
2023-01-15 08:30:50.287 [info] > git rev-parse --show-toplevel [2ms]
2023-01-15 08:30:50.288 [info] fatal: not a git repository (or any of the parent directories): .git
2023-01-15 08:30:50.288 [info] > git rev-parse --show-toplevel [3ms]
2023-01-15 08:30:50.288 [info] > git rev-parse --git-dir --git-common-dir [2ms]
2023-01-15 08:30:50.288 [info] Open repository: /home/ikotelevets/DigOfJustice
2023-01-15 08:30:50.288 [info] > git fetch [25ms]
2023-01-15 08:30:50.288 [info] error: cannot open .git/FETCH_HEAD: Permission denied
2023-01-15 08:30:50.288 [info] > git config --get commit.template [12ms]
2023-01-15 08:30:50.288 [info] > git rev-parse --show-toplevel [20ms]
2023-01-15 08:30:50.288 [info] fatal: not a git repository (or any of the parent directories): .git
2023-01-15 08:30:50.288 [info] > git for-each-ref --format=%(refname)%00%(upstream:short)%00%(objectname)%00%(upstream:track)%00%(upstream:remotename)%00%(upstream:remoteref) refs/heads/master refs/remotes/master [50ms]
2023-01-15 08:30:50.288 [info] > git for-each-ref --sort -committerdate --format %(refname) %(objectname) %(*objectname) [5ms]
2023-01-15 08:30:50.288 [info] > git status -z -uall [31ms]
2023-01-15 08:30:50.288 [info] > git config --get commit.template [6ms]
2023-01-15 08:30:50.288 [info] > git for-each-ref --format=%(refname)%00%(upstream:short)%00%(objectname)%00%(upstream:track)%00%(upstream:remotename)%00%(upstream:remoteref) refs/heads/master refs/remotes/master [1ms]
2023-01-15 08:30:50.288 [info] > git for-each-ref --sort -committerdate --format %(refname) %(objectname) %(*objectname) [3ms]
2023-01-15 08:30:50.288 [info] > git status -z -uall [28ms]
2023-01-15 08:30:50.288 [info] > git rev-parse --show-toplevel [2ms]
2023-01-15 08:30:50.288 [info] fatal: not a git repository (or any of the parent directories): .git
2023-01-15 08:30:50.288 [info] > git rev-parse --show-toplevel [3ms]
2023-01-15 08:30:50.288 [info] fatal: not a git repository (or any of the parent directories): .git
2023-01-15 08:30:50.288 [info] > git rev-parse --show-toplevel [1ms]
2023-01-15 08:30:50.288 [info] fatal: not a git repository (or any of the parent directories): .git
2023-01-15 08:30:50.370 [info] > git check-ignore -v -z --stdin [3ms]
2023-01-15 08:31:05.611 [warning] ENOENT: no such file or directory, open '/home/ikotelevets/DigOfJustice/.git/HEAD'
2023-01-15 08:31:05.625 [warning] ENOENT: no such file or directory, open '/home/ikotelevets/DigOfJustice/.git/config'
