2023-01-07 23:58:42.447 [info] Log level: Info
2023-01-07 23:58:42.447 [info] Validating found git in: "git"
2023-01-07 23:58:42.447 [info] Using git "2.30.2" from "git"
2023-01-07 23:58:42.447 [info] > git rev-parse --show-toplevel [4ms]
2023-01-07 23:58:42.447 [info] fatal: not a git repository (or any of the parent directories): .git
2023-01-07 23:58:42.447 [info] > git rev-parse --show-toplevel [1ms]
2023-01-07 23:58:42.447 [info] fatal: not a git repository (or any of the parent directories): .git
2023-01-07 23:58:42.447 [info] > git rev-parse --show-toplevel [1ms]
2023-01-07 23:58:42.447 [info] fatal: not a git repository (or any of the parent directories): .git
2023-01-07 23:58:42.447 [info] > git rev-parse --show-toplevel [1ms]
2023-01-07 23:58:42.447 [info] fatal: not a git repository (or any of the parent directories): .git
2023-01-07 23:58:42.447 [info] > git rev-parse --show-toplevel [1ms]
2023-01-07 23:58:42.447 [info] fatal: not a git repository (or any of the parent directories): .git
2023-01-07 23:58:42.534 [info] > git rev-parse --show-toplevel [1ms]
2023-01-07 23:58:42.534 [info] fatal: not a git repository (or any of the parent directories): .git
2023-01-07 23:58:42.645 [info] > git rev-parse --show-toplevel [1ms]
2023-01-07 23:58:42.645 [info] fatal: not a git repository (or any of the parent directories): .git
2023-01-08 00:00:21.236 [info] > git rev-parse --show-toplevel [1ms]
2023-01-08 00:00:21.241 [info] > git rev-parse --git-dir --git-common-dir [1ms]
2023-01-08 00:00:21.257 [info] Open repository: /home/ikotelevets/DigOfJustice
2023-01-08 00:00:21.269 [info] > git config --get commit.template [6ms]
2023-01-08 00:00:21.270 [info] > git for-each-ref --format=%(refname)%00%(upstream:short)%00%(objectname)%00%(upstream:track)%00%(upstream:remotename)%00%(upstream:remoteref) refs/heads/master refs/remotes/master [2ms]
2023-01-08 00:00:21.280 [info] > git status -z -uall [6ms]
2023-01-08 00:00:21.280 [info] > git for-each-ref --sort -committerdate --format %(refname) %(objectname) %(*objectname) [2ms]
2023-01-08 00:00:21.294 [info] > git config --get commit.template [6ms]
2023-01-08 00:00:21.296 [info] > git for-each-ref --format=%(refname)%00%(upstream:short)%00%(objectname)%00%(upstream:track)%00%(upstream:remotename)%00%(upstream:remoteref) refs/heads/master refs/remotes/master [3ms]
2023-01-08 00:00:21.305 [info] > git status -z -uall [4ms]
2023-01-08 00:00:21.307 [info] > git for-each-ref --sort -committerdate --format %(refname) %(objectname) %(*objectname) [3ms]
2023-01-08 00:00:21.813 [info] > git check-ignore -v -z --stdin [2ms]
2023-01-08 00:00:24.204 [info] > git fetch [2947ms]
2023-01-08 00:00:24.204 [info] From https://github.com/TheViruslogBeats/DigOfJustice
 * [new branch]      master     -> origin/master
2023-01-08 00:00:24.216 [info] > git config --get commit.template [6ms]
2023-01-08 00:00:24.216 [info] > git for-each-ref --format=%(refname)%00%(upstream:short)%00%(objectname)%00%(upstream:track)%00%(upstream:remotename)%00%(upstream:remoteref) refs/heads/master refs/remotes/master [1ms]
2023-01-08 00:00:24.226 [info] > git for-each-ref --sort -committerdate --format %(refname) %(objectname) %(*objectname) [1ms]
2023-01-08 00:00:24.255 [info] > git status -z -uall [34ms]
2023-01-08 00:00:25.329 [info] > git config --get commit.template [6ms]
2023-01-08 00:00:25.330 [info] > git for-each-ref --format=%(refname)%00%(upstream:short)%00%(objectname)%00%(upstream:track)%00%(upstream:remotename)%00%(upstream:remoteref) refs/heads/master refs/remotes/master [2ms]
2023-01-08 00:00:25.339 [info] > git for-each-ref --sort -committerdate --format %(refname) %(objectname) %(*objectname) [1ms]
2023-01-08 00:00:25.369 [info] > git status -z -uall [35ms]
2023-01-08 00:00:38.769 [info] > git check-ignore -v -z --stdin [2ms]
2023-01-08 00:00:41.055 [info] > git check-ignore -v -z --stdin [1ms]
2023-01-08 00:00:42.193 [info] > git show --textconv :client/.env [6ms]
2023-01-08 00:00:42.194 [info] > git ls-files --stage -- /home/ikotelevets/DigOfJustice/client/.env [2ms]
2023-01-08 00:00:42.200 [info] > git cat-file -s 0f29e215569444aeb3c95284a2506d74ae96061c [1ms]
2023-01-08 00:00:49.870 [info] > git show --textconv :client/Dockerfile [6ms]
2023-01-08 00:00:49.872 [info] > git ls-files --stage -- /home/ikotelevets/DigOfJustice/client/Dockerfile [2ms]
2023-01-08 00:00:49.877 [info] > git cat-file -s eb842e1022b04361ab167b3a5c214f076bae7e83 [2ms]
2023-01-08 00:00:49.927 [info] > git config --get commit.template [5ms]
2023-01-08 00:00:49.927 [info] > git for-each-ref --format=%(refname)%00%(upstream:short)%00%(objectname)%00%(upstream:track)%00%(upstream:remotename)%00%(upstream:remoteref) refs/heads/master refs/remotes/master [1ms]
2023-01-08 00:00:49.938 [info] > git for-each-ref --sort -committerdate --format %(refname) %(objectname) %(*objectname) [1ms]
2023-01-08 00:00:49.967 [info] > git status -z -uall [34ms]
2023-01-08 00:00:50.893 [info] > git show --textconv :client/docker-compose.yml [5ms]
2023-01-08 00:00:50.895 [info] > git ls-files --stage -- /home/ikotelevets/DigOfJustice/client/docker-compose.yml [1ms]
2023-01-08 00:00:50.899 [info] > git cat-file -s 3402ef9b3f4747382f6ddd729e6451a97152efe9 [1ms]
2023-01-08 00:03:34.053 [info] > git fetch [503ms]
2023-01-08 00:03:34.063 [info] > git config --get commit.template [4ms]
2023-01-08 00:03:34.064 [info] > git for-each-ref --format=%(refname)%00%(upstream:short)%00%(objectname)%00%(upstream:track)%00%(upstream:remotename)%00%(upstream:remoteref) refs/heads/master refs/remotes/master [1ms]
2023-01-08 00:03:34.073 [info] > git for-each-ref --sort -committerdate --format %(refname) %(objectname) %(*objectname) [1ms]
2023-01-08 00:03:34.101 [info] > git status -z -uall [33ms]
2023-01-08 00:03:35.174 [info] > git config --get commit.template [4ms]
2023-01-08 00:03:35.174 [info] > git for-each-ref --format=%(refname)%00%(upstream:short)%00%(objectname)%00%(upstream:track)%00%(upstream:remotename)%00%(upstream:remoteref) refs/heads/master refs/remotes/master [1ms]
2023-01-08 00:03:35.183 [info] > git for-each-ref --sort -committerdate --format %(refname) %(objectname) %(*objectname) [1ms]
2023-01-08 00:03:35.211 [info] > git status -z -uall [33ms]
2023-01-08 00:03:35.288 [info] > git ls-files --stage -- /home/ikotelevets/DigOfJustice/client/.env [5ms]
2023-01-08 00:03:35.292 [info] > git ls-files --stage -- /home/ikotelevets/DigOfJustice/client/docker-compose.yml [5ms]
2023-01-08 00:03:35.297 [info] > git cat-file -s 0f29e215569444aeb3c95284a2506d74ae96061c [6ms]
2023-01-08 00:03:35.297 [info] > git cat-file -s 3402ef9b3f4747382f6ddd729e6451a97152efe9 [1ms]
2023-01-08 00:03:35.321 [info] > git show --textconv :client/.env [5ms]
2023-01-08 00:03:35.321 [info] > git show --textconv :client/docker-compose.yml [1ms]
2023-01-08 00:06:52.801 [info] > git fetch [509ms]
2023-01-08 00:06:52.812 [info] > git config --get commit.template [4ms]
2023-01-08 00:06:52.812 [info] > git for-each-ref --format=%(refname)%00%(upstream:short)%00%(objectname)%00%(upstream:track)%00%(upstream:remotename)%00%(upstream:remoteref) refs/heads/master refs/remotes/master [1ms]
2023-01-08 00:06:52.822 [info] > git for-each-ref --sort -committerdate --format %(refname) %(objectname) %(*objectname) [2ms]
2023-01-08 00:06:52.851 [info] > git status -z -uall [34ms]
2023-01-08 00:06:53.936 [info] > git config --get commit.template [5ms]
2023-01-08 00:06:53.937 [info] > git for-each-ref --format=%(refname)%00%(upstream:short)%00%(objectname)%00%(upstream:track)%00%(upstream:remotename)%00%(upstream:remoteref) refs/heads/master refs/remotes/master [2ms]
2023-01-08 00:06:53.946 [info] > git for-each-ref --sort -committerdate --format %(refname) %(objectname) %(*objectname) [1ms]
2023-01-08 00:06:53.974 [info] > git status -z -uall [34ms]
2023-01-08 00:06:54.046 [info] > git ls-files --stage -- /home/ikotelevets/DigOfJustice/client/.env [4ms]
2023-01-08 00:06:54.050 [info] > git ls-files --stage -- /home/ikotelevets/DigOfJustice/client/docker-compose.yml [4ms]
2023-01-08 00:06:54.053 [info] > git cat-file -s 0f29e215569444aeb3c95284a2506d74ae96061c [4ms]
2023-01-08 00:06:54.054 [info] > git cat-file -s 3402ef9b3f4747382f6ddd729e6451a97152efe9 [1ms]
2023-01-08 00:06:54.072 [info] > git show --textconv :client/.env [4ms]
2023-01-08 00:06:54.073 [info] > git show --textconv :client/docker-compose.yml [1ms]
2023-01-08 00:08:50.137 [info] > git show --textconv :.env [5ms]
2023-01-08 00:08:50.138 [info] > git ls-files --stage -- /home/ikotelevets/DigOfJustice/.env [2ms]
2023-01-08 00:08:50.143 [info] > git cat-file -s 0f29e215569444aeb3c95284a2506d74ae96061c [1ms]
2023-01-08 00:09:00.407 [info] > git config --get commit.template [5ms]
2023-01-08 00:09:00.408 [info] > git for-each-ref --format=%(refname)%00%(upstream:short)%00%(objectname)%00%(upstream:track)%00%(upstream:remotename)%00%(upstream:remoteref) refs/heads/master refs/remotes/master [1ms]
2023-01-08 00:09:00.417 [info] > git for-each-ref --sort -committerdate --format %(refname) %(objectname) %(*objectname) [1ms]
2023-01-08 00:09:00.445 [info] > git status -z -uall [33ms]
2023-01-08 00:09:10.710 [info] > git check-ignore -v -z --stdin [1ms]
2023-01-08 00:09:11.281 [info] > git check-ignore -v -z --stdin [1ms]
2023-01-08 00:09:13.036 [info] > git show --textconv :database/connectDb.js [5ms]
2023-01-08 00:09:13.037 [info] > git ls-files --stage -- /home/ikotelevets/DigOfJustice/database/connectDb.js [2ms]
2023-01-08 00:09:13.049 [info] > git cat-file -s f3befd15029f2a76889c5c28e21d56ece2b954ad [8ms]
2023-01-08 00:09:17.759 [info] > git config --get commit.template [6ms]
2023-01-08 00:09:17.760 [info] > git for-each-ref --format=%(refname)%00%(upstream:short)%00%(objectname)%00%(upstream:track)%00%(upstream:remotename)%00%(upstream:remoteref) refs/heads/master refs/remotes/master [2ms]
2023-01-08 00:09:17.769 [info] > git for-each-ref --sort -committerdate --format %(refname) %(objectname) %(*objectname) [1ms]
2023-01-08 00:09:17.798 [info] > git status -z -uall [33ms]
2023-01-08 00:09:22.810 [info] > git config --get commit.template [2ms]
2023-01-08 00:09:22.816 [info] > git for-each-ref --format=%(refname)%00%(upstream:short)%00%(objectname)%00%(upstream:track)%00%(upstream:remotename)%00%(upstream:remoteref) refs/heads/master refs/remotes/master [2ms]
2023-01-08 00:09:22.825 [info] > git for-each-ref --sort -committerdate --format %(refname) %(objectname) %(*objectname) [2ms]
2023-01-08 00:09:22.853 [info] > git status -z -uall [33ms]
2023-01-08 00:11:39.625 [info] > git fetch [497ms]
2023-01-08 00:11:39.636 [info] > git config --get commit.template [4ms]
2023-01-08 00:11:39.636 [info] > git for-each-ref --format=%(refname)%00%(upstream:short)%00%(objectname)%00%(upstream:track)%00%(upstream:remotename)%00%(upstream:remoteref) refs/heads/master refs/remotes/master [1ms]
2023-01-08 00:11:39.645 [info] > git for-each-ref --sort -committerdate --format %(refname) %(objectname) %(*objectname) [1ms]
2023-01-08 00:11:39.674 [info] > git status -z -uall [34ms]
2023-01-08 00:11:40.757 [info] > git config --get commit.template [5ms]
2023-01-08 00:11:40.758 [info] > git for-each-ref --format=%(refname)%00%(upstream:short)%00%(objectname)%00%(upstream:track)%00%(upstream:remotename)%00%(upstream:remoteref) refs/heads/master refs/remotes/master [1ms]
2023-01-08 00:11:40.767 [info] > git for-each-ref --sort -committerdate --format %(refname) %(objectname) %(*objectname) [1ms]
2023-01-08 00:11:40.796 [info] > git status -z -uall [34ms]
2023-01-08 00:11:40.872 [info] > git ls-files --stage -- /home/ikotelevets/DigOfJustice/.env [5ms]
2023-01-08 00:11:40.877 [info] > git ls-files --stage -- /home/ikotelevets/DigOfJustice/client/.env [14ms]
2023-01-08 00:11:40.881 [info] > git cat-file -s 0f29e215569444aeb3c95284a2506d74ae96061c [6ms]
2023-01-08 00:11:40.882 [info] > git ls-files --stage -- /home/ikotelevets/DigOfJustice/database/connectDb.js [11ms]
2023-01-08 00:11:40.886 [info] > git cat-file -s 0f29e215569444aeb3c95284a2506d74ae96061c [6ms]
2023-01-08 00:11:40.887 [info] > git cat-file -s f3befd15029f2a76889c5c28e21d56ece2b954ad [2ms]
2023-01-08 00:11:40.912 [info] > git show --textconv :.env [9ms]
2023-01-08 00:11:40.912 [info] > git show --textconv :client/.env [5ms]
2023-01-08 00:11:40.913 [info] > git show --textconv :database/connectDb.js [1ms]
2023-01-08 00:11:47.053 [info] > git show --textconv :client/next.config.js [5ms]
2023-01-08 00:11:47.055 [info] > git ls-files --stage -- /home/ikotelevets/DigOfJustice/client/next.config.js [3ms]
2023-01-08 00:11:47.060 [info] > git cat-file -s e55c1ccd1285164d87eba886e3ef28dba7946996 [2ms]
2023-01-08 00:11:54.868 [info] > git config --get commit.template [5ms]
2023-01-08 00:11:54.869 [info] > git for-each-ref --format=%(refname)%00%(upstream:short)%00%(objectname)%00%(upstream:track)%00%(upstream:remotename)%00%(upstream:remoteref) refs/heads/master refs/remotes/master [1ms]
2023-01-08 00:11:54.878 [info] > git for-each-ref --sort -committerdate --format %(refname) %(objectname) %(*objectname) [2ms]
2023-01-08 00:11:54.906 [info] > git status -z -uall [33ms]
2023-01-08 00:14:20.292 [info] > git rev-parse --show-toplevel [2ms]
2023-01-08 00:14:20.293 [info] fatal: not a git repository (or any of the parent directories): .git
2023-01-08 00:14:21.737 [info] > git show --textconv HEAD:.env [5ms]
2023-01-08 00:14:21.738 [info] > git ls-tree -l HEAD -- /home/ikotelevets/DigOfJustice/.env [2ms]
2023-01-08 00:14:22.986 [info] > git show --textconv HEAD:client/.env [5ms]
2023-01-08 00:14:22.987 [info] > git ls-tree -l HEAD -- /home/ikotelevets/DigOfJustice/client/.env [1ms]
2023-01-08 00:14:24.631 [info] > git show --textconv HEAD:client/next.config.js [5ms]
2023-01-08 00:14:24.632 [info] > git ls-tree -l HEAD -- /home/ikotelevets/DigOfJustice/client/next.config.js [2ms]
2023-01-08 01:39:45.762 [info] > git ls-tree -l HEAD -- /home/ikotelevets/DigOfJustice/client/next.config.js [6ms]
2023-01-08 01:39:46.255 [info] > git fetch [494ms]
2023-01-08 01:39:46.266 [info] > git config --get commit.template [5ms]
2023-01-08 01:39:46.266 [info] > git for-each-ref --format=%(refname)%00%(upstream:short)%00%(objectname)%00%(upstream:track)%00%(upstream:remotename)%00%(upstream:remoteref) refs/heads/master refs/remotes/master [1ms]
2023-01-08 01:39:46.276 [info] > git for-each-ref --sort -committerdate --format %(refname) %(objectname) %(*objectname) [1ms]
2023-01-08 01:39:46.305 [info] > git status -z -uall [35ms]
2023-01-08 01:39:47.419 [info] > git config --get commit.template [5ms]
2023-01-08 01:39:47.420 [info] > git for-each-ref --format=%(refname)%00%(upstream:short)%00%(objectname)%00%(upstream:track)%00%(upstream:remotename)%00%(upstream:remoteref) refs/heads/master refs/remotes/master [1ms]
2023-01-08 01:39:47.429 [info] > git for-each-ref --sort -committerdate --format %(refname) %(objectname) %(*objectname) [1ms]
2023-01-08 01:39:47.458 [info] > git status -z -uall [34ms]
2023-01-08 01:39:47.543 [info] > git ls-files --stage -- /home/ikotelevets/DigOfJustice/client/next.config.js [5ms]
2023-01-08 01:39:47.549 [info] > git ls-files --stage -- /home/ikotelevets/DigOfJustice/database/connectDb.js [14ms]
2023-01-08 01:39:47.553 [info] > git ls-files --stage -- /home/ikotelevets/DigOfJustice/.env [23ms]
2023-01-08 01:39:47.557 [info] > git ls-files --stage -- /home/ikotelevets/DigOfJustice/client/.env [31ms]
2023-01-08 01:39:47.563 [info] > git cat-file -s 0f29e215569444aeb3c95284a2506d74ae96061c [3ms]
2023-01-08 01:39:47.563 [info] > git cat-file -s 0f29e215569444aeb3c95284a2506d74ae96061c [7ms]
2023-01-08 01:39:47.563 [info] > git cat-file -s f3befd15029f2a76889c5c28e21d56ece2b954ad [11ms]
2023-01-08 01:39:47.564 [info] > git cat-file -s e55c1ccd1285164d87eba886e3ef28dba7946996 [16ms]
2023-01-08 01:39:47.564 [info] > git ls-tree -l HEAD -- /home/ikotelevets/DigOfJustice/client/next.config.js [22ms]
2023-01-08 01:39:47.609 [info] > git show --textconv :client/.env [16ms]
2023-01-08 01:39:47.610 [info] > git show --textconv :.env [13ms]
2023-01-08 01:39:47.610 [info] > git show --textconv :database/connectDb.js [9ms]
2023-01-08 01:39:47.610 [info] > git show --textconv :client/next.config.js [5ms]
2023-01-08 01:39:47.612 [info] > git show --textconv HEAD:client/next.config.js [3ms]
2023-01-08 01:39:52.469 [info] > git config --get commit.template [4ms]
2023-01-08 01:39:52.470 [info] > git for-each-ref --format=%(refname)%00%(upstream:short)%00%(objectname)%00%(upstream:track)%00%(upstream:remotename)%00%(upstream:remoteref) refs/heads/master refs/remotes/master [1ms]
2023-01-08 01:39:52.479 [info] > git for-each-ref --sort -committerdate --format %(refname) %(objectname) %(*objectname) [2ms]
2023-01-08 01:39:52.507 [info] > git status -z -uall [33ms]
2023-01-08 01:40:06.704 [info] > git check-ignore -v -z --stdin [2ms]
2023-01-08 01:40:07.782 [info] > git check-ignore -v -z --stdin [1ms]
2023-01-08 01:40:21.423 [info] > git check-ignore -v -z --stdin [1ms]
2023-01-08 01:40:22.476 [info] > git show --textconv :client/components/confInfo/ConfInfo.tsx [6ms]
2023-01-08 01:40:22.477 [info] > git ls-files --stage -- /home/ikotelevets/DigOfJustice/client/components/confInfo/ConfInfo.tsx [1ms]
2023-01-08 01:40:22.482 [info] > git cat-file -s e35c528f543bef21f746aa31f55323c8697e4a01 [1ms]
2023-01-08 01:40:45.257 [info] > git config --get commit.template [5ms]
2023-01-08 01:40:45.258 [info] > git for-each-ref --format=%(refname)%00%(upstream:short)%00%(objectname)%00%(upstream:track)%00%(upstream:remotename)%00%(upstream:remoteref) refs/heads/master refs/remotes/master [1ms]
2023-01-08 01:40:45.267 [info] > git for-each-ref --sort -committerdate --format %(refname) %(objectname) %(*objectname) [2ms]
2023-01-08 01:40:45.296 [info] > git status -z -uall [34ms]
2023-01-08 01:40:55.306 [info] > git config --get commit.template [5ms]
2023-01-08 01:40:55.307 [info] > git for-each-ref --format=%(refname)%00%(upstream:short)%00%(objectname)%00%(upstream:track)%00%(upstream:remotename)%00%(upstream:remoteref) refs/heads/master refs/remotes/master [2ms]
2023-01-08 01:40:55.315 [info] > git for-each-ref --sort -committerdate --format %(refname) %(objectname) %(*objectname) [1ms]
2023-01-08 01:40:55.344 [info] > git status -z -uall [34ms]
2023-01-08 01:41:29.710 [info] > git config --get commit.template [5ms]
2023-01-08 01:41:29.711 [info] > git for-each-ref --format=%(refname)%00%(upstream:short)%00%(objectname)%00%(upstream:track)%00%(upstream:remotename)%00%(upstream:remoteref) refs/heads/master refs/remotes/master [2ms]
2023-01-08 01:41:29.720 [info] > git for-each-ref --sort -committerdate --format %(refname) %(objectname) %(*objectname) [1ms]
2023-01-08 01:41:29.749 [info] > git status -z -uall [33ms]
2023-01-08 01:41:34.763 [info] > git config --get commit.template [5ms]
2023-01-08 01:41:34.763 [info] > git for-each-ref --format=%(refname)%00%(upstream:short)%00%(objectname)%00%(upstream:track)%00%(upstream:remotename)%00%(upstream:remoteref) refs/heads/master refs/remotes/master [1ms]
2023-01-08 01:41:34.772 [info] > git for-each-ref --sort -committerdate --format %(refname) %(objectname) %(*objectname) [1ms]
2023-01-08 01:41:34.800 [info] > git status -z -uall [33ms]
2023-01-08 01:41:39.815 [info] > git config --get commit.template [5ms]
2023-01-08 01:41:39.816 [info] > git for-each-ref --format=%(refname)%00%(upstream:short)%00%(objectname)%00%(upstream:track)%00%(upstream:remotename)%00%(upstream:remoteref) refs/heads/master refs/remotes/master [2ms]
2023-01-08 01:41:39.825 [info] > git for-each-ref --sort -committerdate --format %(refname) %(objectname) %(*objectname) [2ms]
2023-01-08 01:41:39.853 [info] > git status -z -uall [33ms]
2023-01-08 01:41:44.866 [info] > git config --get commit.template [5ms]
2023-01-08 01:41:44.867 [info] > git for-each-ref --format=%(refname)%00%(upstream:short)%00%(objectname)%00%(upstream:track)%00%(upstream:remotename)%00%(upstream:remoteref) refs/heads/master refs/remotes/master [1ms]
2023-01-08 01:41:44.876 [info] > git for-each-ref --sort -committerdate --format %(refname) %(objectname) %(*objectname) [1ms]
2023-01-08 01:41:44.904 [info] > git status -z -uall [33ms]
2023-01-08 01:42:48.414 [info] > git checkout -q -- /home/ikotelevets/DigOfJustice/.env [33ms]
2023-01-08 01:42:48.424 [info] > git config --get commit.template [5ms]
2023-01-08 01:42:48.425 [info] > git for-each-ref --format=%(refname)%00%(upstream:short)%00%(objectname)%00%(upstream:track)%00%(upstream:remotename)%00%(upstream:remoteref) refs/heads/master refs/remotes/master [1ms]
2023-01-08 01:42:48.432 [info] > git status -z -uall [4ms]
2023-01-08 01:42:48.433 [info] > git for-each-ref --sort -committerdate --format %(refname) %(objectname) %(*objectname) [1ms]
2023-01-08 01:42:48.884 [info] > git fetch [509ms]
2023-01-08 01:42:48.894 [info] > git config --get commit.template [5ms]
2023-01-08 01:42:48.894 [info] > git for-each-ref --format=%(refname)%00%(upstream:short)%00%(objectname)%00%(upstream:track)%00%(upstream:remotename)%00%(upstream:remoteref) refs/heads/master refs/remotes/master [1ms]
2023-01-08 01:42:48.902 [info] > git status -z -uall [4ms]
2023-01-08 01:42:48.903 [info] > git for-each-ref --sort -committerdate --format %(refname) %(objectname) %(*objectname) [1ms]
2023-01-08 01:42:50.442 [info] > git for-each-ref --format=%(refname)%00%(upstream:short)%00%(objectname)%00%(upstream:track)%00%(upstream:remotename)%00%(upstream:remoteref) refs/heads/master refs/remotes/master [6ms]
2023-01-08 01:42:50.442 [info] > git config --get commit.template [10ms]
2023-01-08 01:42:50.450 [info] > git status -z -uall [4ms]
2023-01-08 01:42:50.451 [info] > git checkout -q -- /home/ikotelevets/DigOfJustice/client/.env [10ms]
2023-01-08 01:42:50.452 [info] > git for-each-ref --sort -committerdate --format %(refname) %(objectname) %(*objectname) [2ms] (cancelled)
2023-01-08 01:42:50.457 [info] > git config --get commit.template [1ms]
2023-01-08 01:42:50.466 [info] > git for-each-ref --format=%(refname)%00%(upstream:short)%00%(objectname)%00%(upstream:track)%00%(upstream:remotename)%00%(upstream:remoteref) refs/heads/master refs/remotes/master [5ms]
2023-01-08 01:42:50.476 [info] > git status -z -uall [4ms]
2023-01-08 01:42:50.477 [info] > git ls-files --stage -- /home/ikotelevets/DigOfJustice/client/components/confInfo/ConfInfo.tsx [11ms]
2023-01-08 01:42:50.481 [info] > git for-each-ref --sort -committerdate --format %(refname) %(objectname) %(*objectname) [6ms]
2023-01-08 01:42:50.483 [info] > git cat-file -s e35c528f543bef21f746aa31f55323c8697e4a01 [2ms]
2023-01-08 01:42:50.501 [info] > git show --textconv :client/components/confInfo/ConfInfo.tsx [2ms]
2023-01-08 01:42:52.352 [info] > git checkout -q -- /home/ikotelevets/DigOfJustice/client/next.config.js [2ms]
2023-01-08 01:42:52.364 [info] > git config --get commit.template [5ms]
2023-01-08 01:42:52.364 [info] > git for-each-ref --format=%(refname)%00%(upstream:short)%00%(objectname)%00%(upstream:track)%00%(upstream:remotename)%00%(upstream:remoteref) refs/heads/master refs/remotes/master [1ms]
2023-01-08 01:42:52.372 [info] > git status -z -uall [4ms]
2023-01-08 01:42:52.378 [info] > git for-each-ref --sort -committerdate --format %(refname) %(objectname) %(*objectname) [6ms]
2023-01-08 01:42:52.380 [info] > git ls-files --stage -- /home/ikotelevets/DigOfJustice/client/components/confInfo/ConfInfo.tsx [3ms]
2023-01-08 01:42:52.384 [info] > git cat-file -s e35c528f543bef21f746aa31f55323c8697e4a01 [1ms]
2023-01-08 01:42:52.403 [info] > git show --textconv :client/components/confInfo/ConfInfo.tsx [2ms]
2023-01-08 01:42:54.453 [info] > git checkout -q -- /home/ikotelevets/DigOfJustice/database/connectDb.js [2ms]
2023-01-08 01:42:54.468 [info] > git config --get commit.template [10ms]
2023-01-08 01:42:54.468 [info] > git for-each-ref --format=%(refname)%00%(upstream:short)%00%(objectname)%00%(upstream:track)%00%(upstream:remotename)%00%(upstream:remoteref) refs/heads/master refs/remotes/master [6ms]
2023-01-08 01:42:54.476 [info] > git status -z -uall [4ms]
2023-01-08 01:42:54.477 [info] > git ls-files --stage -- /home/ikotelevets/DigOfJustice/client/components/confInfo/ConfInfo.tsx [9ms]
2023-01-08 01:42:54.481 [info] > git for-each-ref --sort -committerdate --format %(refname) %(objectname) %(*objectname) [5ms]
2023-01-08 01:42:54.486 [info] > git cat-file -s e35c528f543bef21f746aa31f55323c8697e4a01 [6ms]
2023-01-08 01:42:54.519 [info] > git show --textconv :client/components/confInfo/ConfInfo.tsx [1ms]
2023-01-08 01:42:55.462 [info] > git config --get commit.template [4ms]
2023-01-08 01:42:55.462 [info] > git for-each-ref --format=%(refname)%00%(upstream:short)%00%(objectname)%00%(upstream:track)%00%(upstream:remotename)%00%(upstream:remoteref) refs/heads/master refs/remotes/master [1ms]
2023-01-08 01:42:55.470 [info] > git status -z -uall [4ms]
2023-01-08 01:42:55.471 [info] > git for-each-ref --sort -committerdate --format %(refname) %(objectname) %(*objectname) [2ms]
2023-01-08 01:42:55.696 [info] > git ls-files --stage -- /home/ikotelevets/DigOfJustice/client/components/confInfo/ConfInfo.tsx [1ms]
2023-01-08 01:42:55.701 [info] > git cat-file -s e35c528f543bef21f746aa31f55323c8697e4a01 [1ms]
2023-01-08 01:42:55.717 [info] > git show --textconv :client/components/confInfo/ConfInfo.tsx [2ms]
